ARM GAS  C:\Users\SHINRA~1\AppData\Local\Temp\cc7t8a6y.s 			page 1


   1              		.cpu cortex-m4
   2              		.eabi_attribute 27, 1
   3              		.eabi_attribute 28, 1
   4              		.eabi_attribute 20, 1
   5              		.eabi_attribute 21, 1
   6              		.eabi_attribute 23, 3
   7              		.eabi_attribute 24, 1
   8              		.eabi_attribute 25, 1
   9              		.eabi_attribute 26, 1
  10              		.eabi_attribute 30, 1
  11              		.eabi_attribute 34, 1
  12              		.eabi_attribute 18, 4
  13              		.file	"buzzer.c"
  14              		.text
  15              	.Ltext0:
  16              		.cfi_sections	.debug_frame
  17              		.section	.text.Buzzer,"ax",%progbits
  18              		.align	1
  19              		.global	Buzzer
  20              		.arch armv7e-m
  21              		.syntax unified
  22              		.thumb
  23              		.thumb_func
  24              		.fpu fpv4-sp-d16
  26              	Buzzer:
  27              	.LVL0:
  28              	.LFB126:
  29              		.file 1 "Src/buzzer.c"
   1:Src/buzzer.c  **** #include "buzzer.h"
   2:Src/buzzer.c  **** 
   3:Src/buzzer.c  **** void Buzzer(uint16_t ms)
   4:Src/buzzer.c  **** {
  30              		.loc 1 4 1 view -0
  31              		.cfi_startproc
  32              		@ args = 0, pretend = 0, frame = 0
  33              		@ frame_needed = 0, uses_anonymous_args = 0
  34              		.loc 1 4 1 is_stmt 0 view .LVU1
  35 0000 10B5     		push	{r4, lr}
  36              	.LCFI0:
  37              		.cfi_def_cfa_offset 8
  38              		.cfi_offset 4, -8
  39              		.cfi_offset 14, -4
  40 0002 0446     		mov	r4, r0
   5:Src/buzzer.c  ****     BeepOn();
  41              		.loc 1 5 5 is_stmt 1 view .LVU2
  42 0004 0022     		movs	r2, #0
  43 0006 1021     		movs	r1, #16
  44 0008 4FF09040 		mov	r0, #1207959552
  45              	.LVL1:
  46              		.loc 1 5 5 is_stmt 0 view .LVU3
  47 000c FFF7FEFF 		bl	HAL_GPIO_WritePin
  48              	.LVL2:
   6:Src/buzzer.c  ****     HAL_Delay(ms);
  49              		.loc 1 6 5 is_stmt 1 view .LVU4
  50 0010 2046     		mov	r0, r4
  51 0012 FFF7FEFF 		bl	HAL_Delay
  52              	.LVL3:
ARM GAS  C:\Users\SHINRA~1\AppData\Local\Temp\cc7t8a6y.s 			page 2


   7:Src/buzzer.c  ****     BeepOff();
  53              		.loc 1 7 5 view .LVU5
  54 0016 0122     		movs	r2, #1
  55 0018 1021     		movs	r1, #16
  56 001a 4FF09040 		mov	r0, #1207959552
  57 001e FFF7FEFF 		bl	HAL_GPIO_WritePin
  58              	.LVL4:
   8:Src/buzzer.c  **** }...
  59              		.loc 1 8 1 is_stmt 0 view .LVU6
  60 0022 10BD     		pop	{r4, pc}
  61              		.cfi_endproc
  62              	.LFE126:
  64              		.text
  65              	.Letext0:
  66              		.file 2 "c:\\program files (x86)\\gnu tools arm embedded\\9 2019-q4-major\\arm-none-eabi\\include\
  67              		.file 3 "c:\\program files (x86)\\gnu tools arm embedded\\9 2019-q4-major\\arm-none-eabi\\include\
  68              		.file 4 "Drivers/CMSIS/Include/core_cm4.h"
  69              		.file 5 "Drivers/CMSIS/Device/ST/STM32F3xx/Include/system_stm32f3xx.h"
  70              		.file 6 "Drivers/CMSIS/Device/ST/STM32F3xx/Include/stm32f303xc.h"
  71              		.file 7 "c:\\program files (x86)\\gnu tools arm embedded\\9 2019-q4-major\\arm-none-eabi\\include\
  72              		.file 8 "c:\\program files (x86)\\gnu tools arm embedded\\9 2019-q4-major\\arm-none-eabi\\include\
  73              		.file 9 "c:\\program files (x86)\\gnu tools arm embedded\\9 2019-q4-major\\lib\\gcc\\arm-none-eabi
  74              		.file 10 "c:\\program files (x86)\\gnu tools arm embedded\\9 2019-q4-major\\arm-none-eabi\\include
  75              		.file 11 "Drivers/STM32F3xx_HAL_Driver/Inc/stm32f3xx_hal_gpio.h"
  76              		.file 12 "Drivers/STM32F3xx_HAL_Driver/Inc/stm32f3xx_hal.h"
ARM GAS  C:\Users\SHINRA~1\AppData\Local\Temp\cc7t8a6y.s 			page 3


DEFINED SYMBOLS
                            *ABS*:00000000 buzzer.c
C:\Users\SHINRA~1\AppData\Local\Temp\cc7t8a6y.s:18     .text.Buzzer:00000000 $t
C:\Users\SHINRA~1\AppData\Local\Temp\cc7t8a6y.s:26     .text.Buzzer:00000000 Buzzer

UNDEFINED SYMBOLS
HAL_GPIO_WritePin
HAL_Delay
