ARM GAS  C:\Users\SHINRA~1\AppData\Local\Temp\ccw8HkFB.s 			page 1


   1              		.cpu cortex-m4
   2              		.eabi_attribute 27, 1
   3              		.eabi_attribute 28, 1
   4              		.eabi_attribute 20, 1
   5              		.eabi_attribute 21, 1
   6              		.eabi_attribute 23, 3
   7              		.eabi_attribute 24, 1
   8              		.eabi_attribute 25, 1
   9              		.eabi_attribute 26, 1
  10              		.eabi_attribute 30, 1
  11              		.eabi_attribute 34, 1
  12              		.eabi_attribute 18, 4
  13              		.file	"gpio.c"
  14              		.text
  15              	.Ltext0:
  16              		.cfi_sections	.debug_frame
  17              		.section	.text.MX_GPIO_Init,"ax",%progbits
  18              		.align	1
  19              		.global	MX_GPIO_Init
  20              		.arch armv7e-m
  21              		.syntax unified
  22              		.thumb
  23              		.thumb_func
  24              		.fpu fpv4-sp-d16
  26              	MX_GPIO_Init:
  27              	.LFB126:
  28              		.file 1 "Src/gpio.c"
   1:Src/gpio.c    **** /**
   2:Src/gpio.c    ****   ******************************************************************************
   3:Src/gpio.c    ****   * File Name          : gpio.c
   4:Src/gpio.c    ****   * Description        : This file provides code for the configuration
   5:Src/gpio.c    ****   *                      of all used GPIO pins.
   6:Src/gpio.c    ****   ******************************************************************************
   7:Src/gpio.c    ****   * @attention
   8:Src/gpio.c    ****   *
   9:Src/gpio.c    ****   * <h2><center>&copy; Copyright (c) 2022 STMicroelectronics.
  10:Src/gpio.c    ****   * All rights reserved.</center></h2>
  11:Src/gpio.c    ****   *
  12:Src/gpio.c    ****   * This software component is licensed by ST under Ultimate Liberty license
  13:Src/gpio.c    ****   * SLA0044, the "License"; You may not use this file except in compliance with
  14:Src/gpio.c    ****   * the License. You may obtain a copy of the License at:
  15:Src/gpio.c    ****   *                             www.st.com/SLA0044
  16:Src/gpio.c    ****   *
  17:Src/gpio.c    ****   ******************************************************************************
  18:Src/gpio.c    ****   */
  19:Src/gpio.c    **** 
  20:Src/gpio.c    **** /* Includes ------------------------------------------------------------------*/
  21:Src/gpio.c    **** #include "gpio.h"
  22:Src/gpio.c    **** /* USER CODE BEGIN 0 */
  23:Src/gpio.c    **** 
  24:Src/gpio.c    **** /* USER CODE END 0 */
  25:Src/gpio.c    **** 
  26:Src/gpio.c    **** /*----------------------------------------------------------------------------*/
  27:Src/gpio.c    **** /* Configure GPIO                                                             */
  28:Src/gpio.c    **** /*----------------------------------------------------------------------------*/
  29:Src/gpio.c    **** /* USER CODE BEGIN 1 */
  30:Src/gpio.c    **** 
ARM GAS  C:\Users\SHINRA~1\AppData\Local\Temp\ccw8HkFB.s 			page 2


  31:Src/gpio.c    **** /* USER CODE END 1 */
  32:Src/gpio.c    **** 
  33:Src/gpio.c    **** /** Configure pins as 
  34:Src/gpio.c    ****         * Analog 
  35:Src/gpio.c    ****         * Input 
  36:Src/gpio.c    ****         * Output
  37:Src/gpio.c    ****         * EVENT_OUT
  38:Src/gpio.c    ****         * EXTI
  39:Src/gpio.c    ****         * Free pins are configured automatically as Analog (this feature is enabled through 
  40:Src/gpio.c    ****         * the Code Generation settings)
  41:Src/gpio.c    ****      PC0   ------> ADCx_IN6
  42:Src/gpio.c    ****      PA3   ------> ADC1_IN4
  43:Src/gpio.c    ****      PF4   ------> ADC1_IN5
  44:Src/gpio.c    **** */
  45:Src/gpio.c    **** void MX_GPIO_Init(void)
  46:Src/gpio.c    **** {
  29              		.loc 1 46 1 view -0
  30              		.cfi_startproc
  31              		@ args = 0, pretend = 0, frame = 48
  32              		@ frame_needed = 0, uses_anonymous_args = 0
  33 0000 2DE9F043 		push	{r4, r5, r6, r7, r8, r9, lr}
  34              	.LCFI0:
  35              		.cfi_def_cfa_offset 28
  36              		.cfi_offset 4, -28
  37              		.cfi_offset 5, -24
  38              		.cfi_offset 6, -20
  39              		.cfi_offset 7, -16
  40              		.cfi_offset 8, -12
  41              		.cfi_offset 9, -8
  42              		.cfi_offset 14, -4
  43 0004 8DB0     		sub	sp, sp, #52
  44              	.LCFI1:
  45              		.cfi_def_cfa_offset 80
  47:Src/gpio.c    **** 
  48:Src/gpio.c    ****   GPIO_InitTypeDef GPIO_InitStruct = {0};
  46              		.loc 1 48 3 view .LVU1
  47              		.loc 1 48 20 is_stmt 0 view .LVU2
  48 0006 0024     		movs	r4, #0
  49 0008 0794     		str	r4, [sp, #28]
  50 000a 0894     		str	r4, [sp, #32]
  51 000c 0994     		str	r4, [sp, #36]
  52 000e 0A94     		str	r4, [sp, #40]
  53 0010 0B94     		str	r4, [sp, #44]
  49:Src/gpio.c    **** 
  50:Src/gpio.c    ****   /* GPIO Ports Clock Enable */
  51:Src/gpio.c    ****   __HAL_RCC_GPIOE_CLK_ENABLE();
  54              		.loc 1 51 3 is_stmt 1 view .LVU3
  55              	.LBB2:
  56              		.loc 1 51 3 view .LVU4
  57              		.loc 1 51 3 view .LVU5
  58 0012 6E4B     		ldr	r3, .L3
  59 0014 5A69     		ldr	r2, [r3, #20]
  60 0016 42F40012 		orr	r2, r2, #2097152
  61 001a 5A61     		str	r2, [r3, #20]
  62              		.loc 1 51 3 view .LVU6
  63 001c 5A69     		ldr	r2, [r3, #20]
  64 001e 02F40012 		and	r2, r2, #2097152
ARM GAS  C:\Users\SHINRA~1\AppData\Local\Temp\ccw8HkFB.s 			page 3


  65 0022 0192     		str	r2, [sp, #4]
  66              		.loc 1 51 3 view .LVU7
  67 0024 019A     		ldr	r2, [sp, #4]
  68              	.LBE2:
  69              		.loc 1 51 3 view .LVU8
  52:Src/gpio.c    ****   __HAL_RCC_GPIOC_CLK_ENABLE();
  70              		.loc 1 52 3 view .LVU9
  71              	.LBB3:
  72              		.loc 1 52 3 view .LVU10
  73              		.loc 1 52 3 view .LVU11
  74 0026 5A69     		ldr	r2, [r3, #20]
  75 0028 42F40022 		orr	r2, r2, #524288
  76 002c 5A61     		str	r2, [r3, #20]
  77              		.loc 1 52 3 view .LVU12
  78 002e 5A69     		ldr	r2, [r3, #20]
  79 0030 02F40022 		and	r2, r2, #524288
  80 0034 0292     		str	r2, [sp, #8]
  81              		.loc 1 52 3 view .LVU13
  82 0036 029A     		ldr	r2, [sp, #8]
  83              	.LBE3:
  84              		.loc 1 52 3 view .LVU14
  53:Src/gpio.c    ****   __HAL_RCC_GPIOF_CLK_ENABLE();
  85              		.loc 1 53 3 view .LVU15
  86              	.LBB4:
  87              		.loc 1 53 3 view .LVU16
  88              		.loc 1 53 3 view .LVU17
  89 0038 5A69     		ldr	r2, [r3, #20]
  90 003a 42F48002 		orr	r2, r2, #4194304
  91 003e 5A61     		str	r2, [r3, #20]
  92              		.loc 1 53 3 view .LVU18
  93 0040 5A69     		ldr	r2, [r3, #20]
  94 0042 02F48002 		and	r2, r2, #4194304
  95 0046 0392     		str	r2, [sp, #12]
  96              		.loc 1 53 3 view .LVU19
  97 0048 039A     		ldr	r2, [sp, #12]
  98              	.LBE4:
  99              		.loc 1 53 3 view .LVU20
  54:Src/gpio.c    ****   __HAL_RCC_GPIOA_CLK_ENABLE();
 100              		.loc 1 54 3 view .LVU21
 101              	.LBB5:
 102              		.loc 1 54 3 view .LVU22
 103              		.loc 1 54 3 view .LVU23
 104 004a 5A69     		ldr	r2, [r3, #20]
 105 004c 42F40032 		orr	r2, r2, #131072
 106 0050 5A61     		str	r2, [r3, #20]
 107              		.loc 1 54 3 view .LVU24
 108 0052 5A69     		ldr	r2, [r3, #20]
 109 0054 02F40032 		and	r2, r2, #131072
 110 0058 0492     		str	r2, [sp, #16]
 111              		.loc 1 54 3 view .LVU25
 112 005a 049A     		ldr	r2, [sp, #16]
 113              	.LBE5:
 114              		.loc 1 54 3 view .LVU26
  55:Src/gpio.c    ****   __HAL_RCC_GPIOB_CLK_ENABLE();
 115              		.loc 1 55 3 view .LVU27
 116              	.LBB6:
 117              		.loc 1 55 3 view .LVU28
ARM GAS  C:\Users\SHINRA~1\AppData\Local\Temp\ccw8HkFB.s 			page 4


 118              		.loc 1 55 3 view .LVU29
 119 005c 5A69     		ldr	r2, [r3, #20]
 120 005e 42F48022 		orr	r2, r2, #262144
 121 0062 5A61     		str	r2, [r3, #20]
 122              		.loc 1 55 3 view .LVU30
 123 0064 5A69     		ldr	r2, [r3, #20]
 124 0066 02F48022 		and	r2, r2, #262144
 125 006a 0592     		str	r2, [sp, #20]
 126              		.loc 1 55 3 view .LVU31
 127 006c 059A     		ldr	r2, [sp, #20]
 128              	.LBE6:
 129              		.loc 1 55 3 view .LVU32
  56:Src/gpio.c    ****   __HAL_RCC_GPIOD_CLK_ENABLE();
 130              		.loc 1 56 3 view .LVU33
 131              	.LBB7:
 132              		.loc 1 56 3 view .LVU34
 133              		.loc 1 56 3 view .LVU35
 134 006e 5A69     		ldr	r2, [r3, #20]
 135 0070 42F48012 		orr	r2, r2, #1048576
 136 0074 5A61     		str	r2, [r3, #20]
 137              		.loc 1 56 3 view .LVU36
 138 0076 5B69     		ldr	r3, [r3, #20]
 139 0078 03F48013 		and	r3, r3, #1048576
 140 007c 0693     		str	r3, [sp, #24]
 141              		.loc 1 56 3 view .LVU37
 142 007e 069B     		ldr	r3, [sp, #24]
 143              	.LBE7:
 144              		.loc 1 56 3 view .LVU38
  57:Src/gpio.c    **** 
  58:Src/gpio.c    ****   /*Configure GPIO pin Output Level */
  59:Src/gpio.c    ****   HAL_GPIO_WritePin(GPIOE, CS_I2C_SPI_Pin|LD4_Pin|LD3_Pin|LD5_Pin 
 145              		.loc 1 59 3 view .LVU39
 146 0080 DFF85881 		ldr	r8, .L3+16
 147 0084 2246     		mov	r2, r4
 148 0086 4FF60871 		movw	r1, #65288
 149 008a 4046     		mov	r0, r8
 150 008c FFF7FEFF 		bl	HAL_GPIO_WritePin
 151              	.LVL0:
  60:Src/gpio.c    ****                           |LD7_Pin|LD9_Pin|LD10_Pin|LD8_Pin 
  61:Src/gpio.c    ****                           |LD6_Pin, GPIO_PIN_RESET);
  62:Src/gpio.c    **** 
  63:Src/gpio.c    ****   /*Configure GPIO pin Output Level */
  64:Src/gpio.c    ****   HAL_GPIO_WritePin(GPIOA, Buzzer_Pin|LCD_RS_Pin|LCD_RW_Pin|LCD_CS_Pin, GPIO_PIN_RESET);
 152              		.loc 1 64 3 view .LVU40
 153 0090 2246     		mov	r2, r4
 154 0092 4FF4E261 		mov	r1, #1808
 155 0096 4FF09040 		mov	r0, #1207959552
 156 009a FFF7FEFF 		bl	HAL_GPIO_WritePin
 157              	.LVL1:
  65:Src/gpio.c    **** 
  66:Src/gpio.c    ****   /*Configure GPIO pin Output Level */
  67:Src/gpio.c    ****   HAL_GPIO_WritePin(BT_EN_GPIO_Port, BT_EN_Pin, GPIO_PIN_RESET);
 158              		.loc 1 67 3 view .LVU41
 159 009e 4C4F     		ldr	r7, .L3+4
 160 00a0 2246     		mov	r2, r4
 161 00a2 4FF48051 		mov	r1, #4096
 162 00a6 3846     		mov	r0, r7
ARM GAS  C:\Users\SHINRA~1\AppData\Local\Temp\ccw8HkFB.s 			page 5


 163 00a8 FFF7FEFF 		bl	HAL_GPIO_WritePin
 164              	.LVL2:
  68:Src/gpio.c    **** 
  69:Src/gpio.c    ****   /*Configure GPIO pin Output Level */
  70:Src/gpio.c    ****   HAL_GPIO_WritePin(GPIOD, LCD_DB7_Pin|LCD_DB6_Pin|LCD_DB5_Pin|LCD_DB4_Pin 
 165              		.loc 1 70 3 view .LVU42
 166 00ac DFF83091 		ldr	r9, .L3+20
 167 00b0 2246     		mov	r2, r4
 168 00b2 FF21     		movs	r1, #255
 169 00b4 4846     		mov	r0, r9
 170 00b6 FFF7FEFF 		bl	HAL_GPIO_WritePin
 171              	.LVL3:
  71:Src/gpio.c    ****                           |LCD_DB3_Pin|LCD_DB2_Pin|LCD_DB1_Pin|LCD_DB0_Pin, GPIO_PIN_RESET);
  72:Src/gpio.c    **** 
  73:Src/gpio.c    ****   /*Configure GPIO pins : PEPin PEPin PEPin PEPin 
  74:Src/gpio.c    ****                            PEPin */
  75:Src/gpio.c    ****   GPIO_InitStruct.Pin = DRDY_Pin|MEMS_INT3_Pin|MEMS_INT4_Pin|MEMS_INT1_Pin 
 172              		.loc 1 75 3 view .LVU43
 173              		.loc 1 75 23 is_stmt 0 view .LVU44
 174 00ba 3723     		movs	r3, #55
 175 00bc 0793     		str	r3, [sp, #28]
  76:Src/gpio.c    ****                           |MEMS_INT2_Pin;
  77:Src/gpio.c    ****   GPIO_InitStruct.Mode = GPIO_MODE_EVT_RISING;
 176              		.loc 1 77 3 is_stmt 1 view .LVU45
 177              		.loc 1 77 24 is_stmt 0 view .LVU46
 178 00be 454B     		ldr	r3, .L3+8
 179 00c0 0893     		str	r3, [sp, #32]
  78:Src/gpio.c    ****   GPIO_InitStruct.Pull = GPIO_NOPULL;
 180              		.loc 1 78 3 is_stmt 1 view .LVU47
 181              		.loc 1 78 24 is_stmt 0 view .LVU48
 182 00c2 0994     		str	r4, [sp, #36]
  79:Src/gpio.c    ****   HAL_GPIO_Init(GPIOE, &GPIO_InitStruct);
 183              		.loc 1 79 3 is_stmt 1 view .LVU49
 184 00c4 07A9     		add	r1, sp, #28
 185 00c6 4046     		mov	r0, r8
 186 00c8 FFF7FEFF 		bl	HAL_GPIO_Init
 187              	.LVL4:
  80:Src/gpio.c    **** 
  81:Src/gpio.c    ****   /*Configure GPIO pins : PEPin PEPin PEPin PEPin 
  82:Src/gpio.c    ****                            PEPin PEPin PEPin PEPin 
  83:Src/gpio.c    ****                            PEPin */
  84:Src/gpio.c    ****   GPIO_InitStruct.Pin = CS_I2C_SPI_Pin|LD4_Pin|LD3_Pin|LD5_Pin 
 188              		.loc 1 84 3 view .LVU50
 189              		.loc 1 84 23 is_stmt 0 view .LVU51
 190 00cc 4FF60873 		movw	r3, #65288
 191 00d0 0793     		str	r3, [sp, #28]
  85:Src/gpio.c    ****                           |LD7_Pin|LD9_Pin|LD10_Pin|LD8_Pin 
  86:Src/gpio.c    ****                           |LD6_Pin;
  87:Src/gpio.c    ****   GPIO_InitStruct.Mode = GPIO_MODE_OUTPUT_PP;
 192              		.loc 1 87 3 is_stmt 1 view .LVU52
 193              		.loc 1 87 24 is_stmt 0 view .LVU53
 194 00d2 0126     		movs	r6, #1
 195 00d4 0896     		str	r6, [sp, #32]
  88:Src/gpio.c    ****   GPIO_InitStruct.Pull = GPIO_NOPULL;
 196              		.loc 1 88 3 is_stmt 1 view .LVU54
 197              		.loc 1 88 24 is_stmt 0 view .LVU55
 198 00d6 0994     		str	r4, [sp, #36]
ARM GAS  C:\Users\SHINRA~1\AppData\Local\Temp\ccw8HkFB.s 			page 6


  89:Src/gpio.c    ****   GPIO_InitStruct.Speed = GPIO_SPEED_FREQ_LOW;
 199              		.loc 1 89 3 is_stmt 1 view .LVU56
 200              		.loc 1 89 25 is_stmt 0 view .LVU57
 201 00d8 0A94     		str	r4, [sp, #40]
  90:Src/gpio.c    ****   HAL_GPIO_Init(GPIOE, &GPIO_InitStruct);
 202              		.loc 1 90 3 is_stmt 1 view .LVU58
 203 00da 07A9     		add	r1, sp, #28
 204 00dc 4046     		mov	r0, r8
 205 00de FFF7FEFF 		bl	HAL_GPIO_Init
 206              	.LVL5:
  91:Src/gpio.c    **** 
  92:Src/gpio.c    ****   /*Configure GPIO pins : PE6 PE7 */
  93:Src/gpio.c    ****   GPIO_InitStruct.Pin = GPIO_PIN_6|GPIO_PIN_7;
 207              		.loc 1 93 3 view .LVU59
 208              		.loc 1 93 23 is_stmt 0 view .LVU60
 209 00e2 C023     		movs	r3, #192
 210 00e4 0793     		str	r3, [sp, #28]
  94:Src/gpio.c    ****   GPIO_InitStruct.Mode = GPIO_MODE_ANALOG;
 211              		.loc 1 94 3 is_stmt 1 view .LVU61
 212              		.loc 1 94 24 is_stmt 0 view .LVU62
 213 00e6 0325     		movs	r5, #3
 214 00e8 0895     		str	r5, [sp, #32]
  95:Src/gpio.c    ****   GPIO_InitStruct.Pull = GPIO_NOPULL;
 215              		.loc 1 95 3 is_stmt 1 view .LVU63
 216              		.loc 1 95 24 is_stmt 0 view .LVU64
 217 00ea 0994     		str	r4, [sp, #36]
  96:Src/gpio.c    ****   HAL_GPIO_Init(GPIOE, &GPIO_InitStruct);
 218              		.loc 1 96 3 is_stmt 1 view .LVU65
 219 00ec 07A9     		add	r1, sp, #28
 220 00ee 4046     		mov	r0, r8
 221 00f0 FFF7FEFF 		bl	HAL_GPIO_Init
 222              	.LVL6:
  97:Src/gpio.c    **** 
  98:Src/gpio.c    ****   /*Configure GPIO pins : PC13 PC0 PC1 PC2 
  99:Src/gpio.c    ****                            PC3 PC4 PC5 PC7 */
 100:Src/gpio.c    ****   GPIO_InitStruct.Pin = GPIO_PIN_13|GPIO_PIN_0|GPIO_PIN_1|GPIO_PIN_2 
 223              		.loc 1 100 3 view .LVU66
 224              		.loc 1 100 23 is_stmt 0 view .LVU67
 225 00f4 42F2BF03 		movw	r3, #8383
 226 00f8 0793     		str	r3, [sp, #28]
 101:Src/gpio.c    ****                           |GPIO_PIN_3|GPIO_PIN_4|GPIO_PIN_5|GPIO_PIN_7;
 102:Src/gpio.c    ****   GPIO_InitStruct.Mode = GPIO_MODE_ANALOG;
 227              		.loc 1 102 3 is_stmt 1 view .LVU68
 228              		.loc 1 102 24 is_stmt 0 view .LVU69
 229 00fa 0895     		str	r5, [sp, #32]
 103:Src/gpio.c    ****   GPIO_InitStruct.Pull = GPIO_NOPULL;
 230              		.loc 1 103 3 is_stmt 1 view .LVU70
 231              		.loc 1 103 24 is_stmt 0 view .LVU71
 232 00fc 0994     		str	r4, [sp, #36]
 104:Src/gpio.c    ****   HAL_GPIO_Init(GPIOC, &GPIO_InitStruct);
 233              		.loc 1 104 3 is_stmt 1 view .LVU72
 234 00fe 07A9     		add	r1, sp, #28
 235 0100 3846     		mov	r0, r7
 236 0102 FFF7FEFF 		bl	HAL_GPIO_Init
 237              	.LVL7:
 105:Src/gpio.c    **** 
 106:Src/gpio.c    ****   /*Configure GPIO pins : PF9 PF10 PF2 PF4 
ARM GAS  C:\Users\SHINRA~1\AppData\Local\Temp\ccw8HkFB.s 			page 7


 107:Src/gpio.c    ****                            PF6 */
 108:Src/gpio.c    ****   GPIO_InitStruct.Pin = GPIO_PIN_9|GPIO_PIN_10|GPIO_PIN_2|GPIO_PIN_4 
 238              		.loc 1 108 3 view .LVU73
 239              		.loc 1 108 23 is_stmt 0 view .LVU74
 240 0106 40F25463 		movw	r3, #1620
 241 010a 0793     		str	r3, [sp, #28]
 109:Src/gpio.c    ****                           |GPIO_PIN_6;
 110:Src/gpio.c    ****   GPIO_InitStruct.Mode = GPIO_MODE_ANALOG;
 242              		.loc 1 110 3 is_stmt 1 view .LVU75
 243              		.loc 1 110 24 is_stmt 0 view .LVU76
 244 010c 0895     		str	r5, [sp, #32]
 111:Src/gpio.c    ****   GPIO_InitStruct.Pull = GPIO_NOPULL;
 245              		.loc 1 111 3 is_stmt 1 view .LVU77
 246              		.loc 1 111 24 is_stmt 0 view .LVU78
 247 010e 0994     		str	r4, [sp, #36]
 112:Src/gpio.c    ****   HAL_GPIO_Init(GPIOF, &GPIO_InitStruct);
 248              		.loc 1 112 3 is_stmt 1 view .LVU79
 249 0110 07A9     		add	r1, sp, #28
 250 0112 3148     		ldr	r0, .L3+12
 251 0114 FFF7FEFF 		bl	HAL_GPIO_Init
 252              	.LVL8:
 113:Src/gpio.c    **** 
 114:Src/gpio.c    ****   /*Configure GPIO pin : PtPin */
 115:Src/gpio.c    ****   GPIO_InitStruct.Pin = B1_Pin;
 253              		.loc 1 115 3 view .LVU80
 254              		.loc 1 115 23 is_stmt 0 view .LVU81
 255 0118 0796     		str	r6, [sp, #28]
 116:Src/gpio.c    ****   GPIO_InitStruct.Mode = GPIO_MODE_INPUT;
 256              		.loc 1 116 3 is_stmt 1 view .LVU82
 257              		.loc 1 116 24 is_stmt 0 view .LVU83
 258 011a 0894     		str	r4, [sp, #32]
 117:Src/gpio.c    ****   GPIO_InitStruct.Pull = GPIO_NOPULL;
 259              		.loc 1 117 3 is_stmt 1 view .LVU84
 260              		.loc 1 117 24 is_stmt 0 view .LVU85
 261 011c 0994     		str	r4, [sp, #36]
 118:Src/gpio.c    ****   HAL_GPIO_Init(B1_GPIO_Port, &GPIO_InitStruct);
 262              		.loc 1 118 3 is_stmt 1 view .LVU86
 263 011e 07A9     		add	r1, sp, #28
 264 0120 4FF09040 		mov	r0, #1207959552
 265 0124 FFF7FEFF 		bl	HAL_GPIO_Init
 266              	.LVL9:
 119:Src/gpio.c    **** 
 120:Src/gpio.c    ****   /*Configure GPIO pins : PA1 PA3 PA15 */
 121:Src/gpio.c    ****   GPIO_InitStruct.Pin = GPIO_PIN_1|GPIO_PIN_3|GPIO_PIN_15;
 267              		.loc 1 121 3 view .LVU87
 268              		.loc 1 121 23 is_stmt 0 view .LVU88
 269 0128 48F20A03 		movw	r3, #32778
 270 012c 0793     		str	r3, [sp, #28]
 122:Src/gpio.c    ****   GPIO_InitStruct.Mode = GPIO_MODE_ANALOG;
 271              		.loc 1 122 3 is_stmt 1 view .LVU89
 272              		.loc 1 122 24 is_stmt 0 view .LVU90
 273 012e 0895     		str	r5, [sp, #32]
 123:Src/gpio.c    ****   GPIO_InitStruct.Pull = GPIO_NOPULL;
 274              		.loc 1 123 3 is_stmt 1 view .LVU91
 275              		.loc 1 123 24 is_stmt 0 view .LVU92
 276 0130 0994     		str	r4, [sp, #36]
 124:Src/gpio.c    ****   HAL_GPIO_Init(GPIOA, &GPIO_InitStruct);
ARM GAS  C:\Users\SHINRA~1\AppData\Local\Temp\ccw8HkFB.s 			page 8


 277              		.loc 1 124 3 is_stmt 1 view .LVU93
 278 0132 07A9     		add	r1, sp, #28
 279 0134 4FF09040 		mov	r0, #1207959552
 280 0138 FFF7FEFF 		bl	HAL_GPIO_Init
 281              	.LVL10:
 125:Src/gpio.c    **** 
 126:Src/gpio.c    ****   /*Configure GPIO pins : PAPin PAPin PAPin PAPin */
 127:Src/gpio.c    ****   GPIO_InitStruct.Pin = Buzzer_Pin|LCD_RS_Pin|LCD_RW_Pin|LCD_CS_Pin;
 282              		.loc 1 127 3 view .LVU94
 283              		.loc 1 127 23 is_stmt 0 view .LVU95
 284 013c 4FF4E263 		mov	r3, #1808
 285 0140 0793     		str	r3, [sp, #28]
 128:Src/gpio.c    ****   GPIO_InitStruct.Mode = GPIO_MODE_OUTPUT_PP;
 286              		.loc 1 128 3 is_stmt 1 view .LVU96
 287              		.loc 1 128 24 is_stmt 0 view .LVU97
 288 0142 0896     		str	r6, [sp, #32]
 129:Src/gpio.c    ****   GPIO_InitStruct.Pull = GPIO_NOPULL;
 289              		.loc 1 129 3 is_stmt 1 view .LVU98
 290              		.loc 1 129 24 is_stmt 0 view .LVU99
 291 0144 0994     		str	r4, [sp, #36]
 130:Src/gpio.c    ****   GPIO_InitStruct.Speed = GPIO_SPEED_FREQ_LOW;
 292              		.loc 1 130 3 is_stmt 1 view .LVU100
 293              		.loc 1 130 25 is_stmt 0 view .LVU101
 294 0146 0A94     		str	r4, [sp, #40]
 131:Src/gpio.c    ****   HAL_GPIO_Init(GPIOA, &GPIO_InitStruct);
 295              		.loc 1 131 3 is_stmt 1 view .LVU102
 296 0148 07A9     		add	r1, sp, #28
 297 014a 4FF09040 		mov	r0, #1207959552
 298 014e FFF7FEFF 		bl	HAL_GPIO_Init
 299              	.LVL11:
 132:Src/gpio.c    **** 
 133:Src/gpio.c    ****   /*Configure GPIO pins : PB0 PB1 PB2 PB5 
 134:Src/gpio.c    ****                            PB8 PB9 */
 135:Src/gpio.c    ****   GPIO_InitStruct.Pin = GPIO_PIN_0|GPIO_PIN_1|GPIO_PIN_2|GPIO_PIN_5 
 300              		.loc 1 135 3 view .LVU103
 301              		.loc 1 135 23 is_stmt 0 view .LVU104
 302 0152 40F22733 		movw	r3, #807
 303 0156 0793     		str	r3, [sp, #28]
 136:Src/gpio.c    ****                           |GPIO_PIN_8|GPIO_PIN_9;
 137:Src/gpio.c    ****   GPIO_InitStruct.Mode = GPIO_MODE_ANALOG;
 304              		.loc 1 137 3 is_stmt 1 view .LVU105
 305              		.loc 1 137 24 is_stmt 0 view .LVU106
 306 0158 0895     		str	r5, [sp, #32]
 138:Src/gpio.c    ****   GPIO_InitStruct.Pull = GPIO_NOPULL;
 307              		.loc 1 138 3 is_stmt 1 view .LVU107
 308              		.loc 1 138 24 is_stmt 0 view .LVU108
 309 015a 0994     		str	r4, [sp, #36]
 139:Src/gpio.c    ****   HAL_GPIO_Init(GPIOB, &GPIO_InitStruct);
 310              		.loc 1 139 3 is_stmt 1 view .LVU109
 311 015c A8F54068 		sub	r8, r8, #3072
 312 0160 07A9     		add	r1, sp, #28
 313 0162 4046     		mov	r0, r8
 314 0164 FFF7FEFF 		bl	HAL_GPIO_Init
 315              	.LVL12:
 140:Src/gpio.c    **** 
 141:Src/gpio.c    ****   /*Configure GPIO pins : PBPin PBPin */
 142:Src/gpio.c    ****   GPIO_InitStruct.Pin = JP2_Pin|JP1_Pin;
ARM GAS  C:\Users\SHINRA~1\AppData\Local\Temp\ccw8HkFB.s 			page 9


 316              		.loc 1 142 3 view .LVU110
 317              		.loc 1 142 23 is_stmt 0 view .LVU111
 318 0168 4FF44063 		mov	r3, #3072
 319 016c 0793     		str	r3, [sp, #28]
 143:Src/gpio.c    ****   GPIO_InitStruct.Mode = GPIO_MODE_INPUT;
 320              		.loc 1 143 3 is_stmt 1 view .LVU112
 321              		.loc 1 143 24 is_stmt 0 view .LVU113
 322 016e 0894     		str	r4, [sp, #32]
 144:Src/gpio.c    ****   GPIO_InitStruct.Pull = GPIO_NOPULL;
 323              		.loc 1 144 3 is_stmt 1 view .LVU114
 324              		.loc 1 144 24 is_stmt 0 view .LVU115
 325 0170 0994     		str	r4, [sp, #36]
 145:Src/gpio.c    ****   HAL_GPIO_Init(GPIOB, &GPIO_InitStruct);
 326              		.loc 1 145 3 is_stmt 1 view .LVU116
 327 0172 07A9     		add	r1, sp, #28
 328 0174 4046     		mov	r0, r8
 329 0176 FFF7FEFF 		bl	HAL_GPIO_Init
 330              	.LVL13:
 146:Src/gpio.c    **** 
 147:Src/gpio.c    ****   /*Configure GPIO pins : PD8 PD9 PD10 PD11 
 148:Src/gpio.c    ****                            PD12 PD13 PD14 PD15 */
 149:Src/gpio.c    ****   GPIO_InitStruct.Pin = GPIO_PIN_8|GPIO_PIN_9|GPIO_PIN_10|GPIO_PIN_11 
 331              		.loc 1 149 3 view .LVU117
 332              		.loc 1 149 23 is_stmt 0 view .LVU118
 333 017a 4FF47F43 		mov	r3, #65280
 334 017e 0793     		str	r3, [sp, #28]
 150:Src/gpio.c    ****                           |GPIO_PIN_12|GPIO_PIN_13|GPIO_PIN_14|GPIO_PIN_15;
 151:Src/gpio.c    ****   GPIO_InitStruct.Mode = GPIO_MODE_ANALOG;
 335              		.loc 1 151 3 is_stmt 1 view .LVU119
 336              		.loc 1 151 24 is_stmt 0 view .LVU120
 337 0180 0895     		str	r5, [sp, #32]
 152:Src/gpio.c    ****   GPIO_InitStruct.Pull = GPIO_NOPULL;
 338              		.loc 1 152 3 is_stmt 1 view .LVU121
 339              		.loc 1 152 24 is_stmt 0 view .LVU122
 340 0182 0994     		str	r4, [sp, #36]
 153:Src/gpio.c    ****   HAL_GPIO_Init(GPIOD, &GPIO_InitStruct);
 341              		.loc 1 153 3 is_stmt 1 view .LVU123
 342 0184 07A9     		add	r1, sp, #28
 343 0186 4846     		mov	r0, r9
 344 0188 FFF7FEFF 		bl	HAL_GPIO_Init
 345              	.LVL14:
 154:Src/gpio.c    **** 
 155:Src/gpio.c    ****   /*Configure GPIO pins : PCPin PCPin */
 156:Src/gpio.c    ****   GPIO_InitStruct.Pin = BT_KEY_Pin|BT_ST_Pin;
 346              		.loc 1 156 3 view .LVU124
 347              		.loc 1 156 23 is_stmt 0 view .LVU125
 348 018c 4FF44073 		mov	r3, #768
 349 0190 0793     		str	r3, [sp, #28]
 157:Src/gpio.c    ****   GPIO_InitStruct.Mode = GPIO_MODE_INPUT;
 350              		.loc 1 157 3 is_stmt 1 view .LVU126
 351              		.loc 1 157 24 is_stmt 0 view .LVU127
 352 0192 0894     		str	r4, [sp, #32]
 158:Src/gpio.c    ****   GPIO_InitStruct.Pull = GPIO_NOPULL;
 353              		.loc 1 158 3 is_stmt 1 view .LVU128
 354              		.loc 1 158 24 is_stmt 0 view .LVU129
 355 0194 0994     		str	r4, [sp, #36]
 159:Src/gpio.c    ****   HAL_GPIO_Init(GPIOC, &GPIO_InitStruct);
ARM GAS  C:\Users\SHINRA~1\AppData\Local\Temp\ccw8HkFB.s 			page 10


 356              		.loc 1 159 3 is_stmt 1 view .LVU130
 357 0196 07A9     		add	r1, sp, #28
 358 0198 3846     		mov	r0, r7
 359 019a FFF7FEFF 		bl	HAL_GPIO_Init
 360              	.LVL15:
 160:Src/gpio.c    **** 
 161:Src/gpio.c    ****   /*Configure GPIO pin : PtPin */
 162:Src/gpio.c    ****   GPIO_InitStruct.Pin = BT_EN_Pin;
 361              		.loc 1 162 3 view .LVU131
 362              		.loc 1 162 23 is_stmt 0 view .LVU132
 363 019e 4FF48053 		mov	r3, #4096
 364 01a2 0793     		str	r3, [sp, #28]
 163:Src/gpio.c    ****   GPIO_InitStruct.Mode = GPIO_MODE_OUTPUT_PP;
 365              		.loc 1 163 3 is_stmt 1 view .LVU133
 366              		.loc 1 163 24 is_stmt 0 view .LVU134
 367 01a4 0896     		str	r6, [sp, #32]
 164:Src/gpio.c    ****   GPIO_InitStruct.Pull = GPIO_NOPULL;
 368              		.loc 1 164 3 is_stmt 1 view .LVU135
 369              		.loc 1 164 24 is_stmt 0 view .LVU136
 370 01a6 0994     		str	r4, [sp, #36]
 165:Src/gpio.c    ****   GPIO_InitStruct.Speed = GPIO_SPEED_FREQ_LOW;
 371              		.loc 1 165 3 is_stmt 1 view .LVU137
 372              		.loc 1 165 25 is_stmt 0 view .LVU138
 373 01a8 0A94     		str	r4, [sp, #40]
 166:Src/gpio.c    ****   HAL_GPIO_Init(BT_EN_GPIO_Port, &GPIO_InitStruct);
 374              		.loc 1 166 3 is_stmt 1 view .LVU139
 375 01aa 07A9     		add	r1, sp, #28
 376 01ac 3846     		mov	r0, r7
 377 01ae FFF7FEFF 		bl	HAL_GPIO_Init
 378              	.LVL16:
 167:Src/gpio.c    **** 
 168:Src/gpio.c    ****   /*Configure GPIO pins : PDPin PDPin PDPin PDPin 
 169:Src/gpio.c    ****                            PDPin PDPin PDPin PDPin */
 170:Src/gpio.c    ****   GPIO_InitStruct.Pin = LCD_DB7_Pin|LCD_DB6_Pin|LCD_DB5_Pin|LCD_DB4_Pin 
 379              		.loc 1 170 3 view .LVU140
 380              		.loc 1 170 23 is_stmt 0 view .LVU141
 381 01b2 FF23     		movs	r3, #255
 382 01b4 0793     		str	r3, [sp, #28]
 171:Src/gpio.c    ****                           |LCD_DB3_Pin|LCD_DB2_Pin|LCD_DB1_Pin|LCD_DB0_Pin;
 172:Src/gpio.c    ****   GPIO_InitStruct.Mode = GPIO_MODE_OUTPUT_PP;
 383              		.loc 1 172 3 is_stmt 1 view .LVU142
 384              		.loc 1 172 24 is_stmt 0 view .LVU143
 385 01b6 0896     		str	r6, [sp, #32]
 173:Src/gpio.c    ****   GPIO_InitStruct.Pull = GPIO_NOPULL;
 386              		.loc 1 173 3 is_stmt 1 view .LVU144
 387              		.loc 1 173 24 is_stmt 0 view .LVU145
 388 01b8 0994     		str	r4, [sp, #36]
 174:Src/gpio.c    ****   GPIO_InitStruct.Speed = GPIO_SPEED_FREQ_LOW;
 389              		.loc 1 174 3 is_stmt 1 view .LVU146
 390              		.loc 1 174 25 is_stmt 0 view .LVU147
 391 01ba 0A94     		str	r4, [sp, #40]
 175:Src/gpio.c    ****   HAL_GPIO_Init(GPIOD, &GPIO_InitStruct);
 392              		.loc 1 175 3 is_stmt 1 view .LVU148
 393 01bc 07A9     		add	r1, sp, #28
 394 01be 4846     		mov	r0, r9
 395 01c0 FFF7FEFF 		bl	HAL_GPIO_Init
 396              	.LVL17:
ARM GAS  C:\Users\SHINRA~1\AppData\Local\Temp\ccw8HkFB.s 			page 11


 176:Src/gpio.c    **** 
 177:Src/gpio.c    **** }
 397              		.loc 1 177 1 is_stmt 0 view .LVU149
 398 01c4 0DB0     		add	sp, sp, #52
 399              	.LCFI2:
 400              		.cfi_def_cfa_offset 28
 401              		@ sp needed
 402 01c6 BDE8F083 		pop	{r4, r5, r6, r7, r8, r9, pc}
 403              	.L4:
 404 01ca 00BF     		.align	2
 405              	.L3:
 406 01cc 00100240 		.word	1073876992
 407 01d0 00080048 		.word	1207961600
 408 01d4 00001210 		.word	269615104
 409 01d8 00140048 		.word	1207964672
 410 01dc 00100048 		.word	1207963648
 411 01e0 000C0048 		.word	1207962624
 412              		.cfi_endproc
 413              	.LFE126:
 415              		.text
 416              	.Letext0:
 417              		.file 2 "c:\\program files (x86)\\gnu tools arm embedded\\9 2019-q4-major\\arm-none-eabi\\include\
 418              		.file 3 "c:\\program files (x86)\\gnu tools arm embedded\\9 2019-q4-major\\arm-none-eabi\\include\
 419              		.file 4 "Drivers/CMSIS/Include/core_cm4.h"
 420              		.file 5 "Drivers/CMSIS/Device/ST/STM32F3xx/Include/system_stm32f3xx.h"
 421              		.file 6 "Drivers/CMSIS/Device/ST/STM32F3xx/Include/stm32f303xc.h"
 422              		.file 7 "c:\\program files (x86)\\gnu tools arm embedded\\9 2019-q4-major\\arm-none-eabi\\include\
 423              		.file 8 "c:\\program files (x86)\\gnu tools arm embedded\\9 2019-q4-major\\arm-none-eabi\\include\
 424              		.file 9 "c:\\program files (x86)\\gnu tools arm embedded\\9 2019-q4-major\\lib\\gcc\\arm-none-eabi
 425              		.file 10 "c:\\program files (x86)\\gnu tools arm embedded\\9 2019-q4-major\\arm-none-eabi\\include
 426              		.file 11 "Drivers/STM32F3xx_HAL_Driver/Inc/stm32f3xx_hal_gpio.h"
 427              		.file 12 "Drivers/STM32F3xx_HAL_Driver/Inc/stm32f3xx_hal.h"
ARM GAS  C:\Users\SHINRA~1\AppData\Local\Temp\ccw8HkFB.s 			page 12


DEFINED SYMBOLS
                            *ABS*:00000000 gpio.c
C:\Users\SHINRA~1\AppData\Local\Temp\ccw8HkFB.s:18     .text.MX_GPIO_Init:00000000 $t
C:\Users\SHINRA~1\AppData\Local\Temp\ccw8HkFB.s:26     .text.MX_GPIO_Init:00000000 MX_GPIO_Init
C:\Users\SHINRA~1\AppData\Local\Temp\ccw8HkFB.s:406    .text.MX_GPIO_Init:000001cc $d

UNDEFINED SYMBOLS
HAL_GPIO_WritePin
HAL_GPIO_Init
