ARM GAS  C:\Users\SHINRA~1\AppData\Local\Temp\ccRst0Mb.s 			page 1


   1              		.cpu cortex-m4
   2              		.eabi_attribute 27, 1
   3              		.eabi_attribute 28, 1
   4              		.eabi_attribute 20, 1
   5              		.eabi_attribute 21, 1
   6              		.eabi_attribute 23, 3
   7              		.eabi_attribute 24, 1
   8              		.eabi_attribute 25, 1
   9              		.eabi_attribute 26, 1
  10              		.eabi_attribute 30, 1
  11              		.eabi_attribute 34, 1
  12              		.eabi_attribute 18, 4
  13              		.file	"i2s.c"
  14              		.text
  15              	.Ltext0:
  16              		.cfi_sections	.debug_frame
  17              		.section	.text.MX_I2S2_Init,"ax",%progbits
  18              		.align	1
  19              		.global	MX_I2S2_Init
  20              		.arch armv7e-m
  21              		.syntax unified
  22              		.thumb
  23              		.thumb_func
  24              		.fpu fpv4-sp-d16
  26              	MX_I2S2_Init:
  27              	.LFB126:
  28              		.file 1 "Src/i2s.c"
   1:Src/i2s.c     **** /**
   2:Src/i2s.c     ****  ******************************************************************************
   3:Src/i2s.c     ****  * File Name          : I2S.c
   4:Src/i2s.c     ****  * Description        : This file provides code for the configuration
   5:Src/i2s.c     ****  *                      of the I2S instances.
   6:Src/i2s.c     ****  ******************************************************************************
   7:Src/i2s.c     ****  * @attention
   8:Src/i2s.c     ****  *
   9:Src/i2s.c     ****  * <h2><center>&copy; Copyright (c) 2022 STMicroelectronics.
  10:Src/i2s.c     ****  * All rights reserved.</center></h2>
  11:Src/i2s.c     ****  *
  12:Src/i2s.c     ****  * This software component is licensed by ST under Ultimate Liberty license
  13:Src/i2s.c     ****  * SLA0044, the "License"; You may not use this file except in compliance with
  14:Src/i2s.c     ****  * the License. You may obtain a copy of the License at:
  15:Src/i2s.c     ****  *                             www.st.com/SLA0044
  16:Src/i2s.c     ****  *
  17:Src/i2s.c     ****  ******************************************************************************
  18:Src/i2s.c     ****  */
  19:Src/i2s.c     **** 
  20:Src/i2s.c     **** /* Includes ------------------------------------------------------------------*/
  21:Src/i2s.c     **** #include "i2s.h"
  22:Src/i2s.c     **** 
  23:Src/i2s.c     **** /* USER CODE BEGIN 0 */
  24:Src/i2s.c     **** 
  25:Src/i2s.c     **** /* USER CODE END 0 */
  26:Src/i2s.c     **** 
  27:Src/i2s.c     **** I2S_HandleTypeDef hi2s2;
  28:Src/i2s.c     **** DMA_HandleTypeDef hdma_spi2_rx;
  29:Src/i2s.c     **** DMA_HandleTypeDef hdma_spi2_tx;
  30:Src/i2s.c     **** 
ARM GAS  C:\Users\SHINRA~1\AppData\Local\Temp\ccRst0Mb.s 			page 2


  31:Src/i2s.c     **** /* I2S2 init function */
  32:Src/i2s.c     **** void MX_I2S2_Init(void)
  33:Src/i2s.c     **** {
  29              		.loc 1 33 1 view -0
  30              		.cfi_startproc
  31              		@ args = 0, pretend = 0, frame = 0
  32              		@ frame_needed = 0, uses_anonymous_args = 0
  33 0000 08B5     		push	{r3, lr}
  34              	.LCFI0:
  35              		.cfi_def_cfa_offset 8
  36              		.cfi_offset 3, -8
  37              		.cfi_offset 14, -4
  34:Src/i2s.c     ****   hi2s2.Instance = SPI2;
  38              		.loc 1 34 3 view .LVU1
  39              		.loc 1 34 18 is_stmt 0 view .LVU2
  40 0002 0E48     		ldr	r0, .L5
  41 0004 0E4B     		ldr	r3, .L5+4
  42 0006 0360     		str	r3, [r0]
  35:Src/i2s.c     ****   hi2s2.Init.Mode = I2S_MODE_MASTER_RX;
  43              		.loc 1 35 3 is_stmt 1 view .LVU3
  44              		.loc 1 35 19 is_stmt 0 view .LVU4
  45 0008 4FF44073 		mov	r3, #768
  46 000c 4360     		str	r3, [r0, #4]
  36:Src/i2s.c     ****   hi2s2.Init.Standard = I2S_STANDARD_PHILIPS;
  47              		.loc 1 36 3 is_stmt 1 view .LVU5
  48              		.loc 1 36 23 is_stmt 0 view .LVU6
  49 000e 0023     		movs	r3, #0
  50 0010 8360     		str	r3, [r0, #8]
  37:Src/i2s.c     ****   hi2s2.Init.DataFormat = I2S_DATAFORMAT_24B;
  51              		.loc 1 37 3 is_stmt 1 view .LVU7
  52              		.loc 1 37 25 is_stmt 0 view .LVU8
  53 0012 0323     		movs	r3, #3
  54 0014 C360     		str	r3, [r0, #12]
  38:Src/i2s.c     ****   hi2s2.Init.MCLKOutput = I2S_MCLKOUTPUT_ENABLE;
  55              		.loc 1 38 3 is_stmt 1 view .LVU9
  56              		.loc 1 38 25 is_stmt 0 view .LVU10
  57 0016 4FF40073 		mov	r3, #512
  58 001a 0361     		str	r3, [r0, #16]
  39:Src/i2s.c     ****   hi2s2.Init.AudioFreq = I2S_AUDIOFREQ_48K;
  59              		.loc 1 39 3 is_stmt 1 view .LVU11
  60              		.loc 1 39 24 is_stmt 0 view .LVU12
  61 001c 4BF68033 		movw	r3, #48000
  62 0020 4361     		str	r3, [r0, #20]
  40:Src/i2s.c     ****   hi2s2.Init.CPOL = I2S_CPOL_HIGH;
  63              		.loc 1 40 3 is_stmt 1 view .LVU13
  64              		.loc 1 40 19 is_stmt 0 view .LVU14
  65 0022 0823     		movs	r3, #8
  66 0024 8361     		str	r3, [r0, #24]
  41:Src/i2s.c     ****   hi2s2.Init.ClockSource = I2S_CLOCK_SYSCLK;
  67              		.loc 1 41 3 is_stmt 1 view .LVU15
  68              		.loc 1 41 26 is_stmt 0 view .LVU16
  69 0026 0223     		movs	r3, #2
  70 0028 C361     		str	r3, [r0, #28]
  42:Src/i2s.c     ****   hi2s2.Init.FullDuplexMode = I2S_FULLDUPLEXMODE_ENABLE;
  71              		.loc 1 42 3 is_stmt 1 view .LVU17
  72              		.loc 1 42 29 is_stmt 0 view .LVU18
  73 002a 0123     		movs	r3, #1
ARM GAS  C:\Users\SHINRA~1\AppData\Local\Temp\ccRst0Mb.s 			page 3


  74 002c 0362     		str	r3, [r0, #32]
  43:Src/i2s.c     ****   if (HAL_I2S_Init(&hi2s2) != HAL_OK)
  75              		.loc 1 43 3 is_stmt 1 view .LVU19
  76              		.loc 1 43 7 is_stmt 0 view .LVU20
  77 002e FFF7FEFF 		bl	HAL_I2S_Init
  78              	.LVL0:
  79              		.loc 1 43 6 view .LVU21
  80 0032 00B9     		cbnz	r0, .L4
  81              	.L1:
  44:Src/i2s.c     ****   {
  45:Src/i2s.c     ****     Error_Handler();
  46:Src/i2s.c     ****   }
  47:Src/i2s.c     **** }
  82              		.loc 1 47 1 view .LVU22
  83 0034 08BD     		pop	{r3, pc}
  84              	.L4:
  45:Src/i2s.c     ****   }
  85              		.loc 1 45 5 is_stmt 1 view .LVU23
  86 0036 FFF7FEFF 		bl	Error_Handler
  87              	.LVL1:
  88              		.loc 1 47 1 is_stmt 0 view .LVU24
  89 003a FBE7     		b	.L1
  90              	.L6:
  91              		.align	2
  92              	.L5:
  93 003c 00000000 		.word	hi2s2
  94 0040 00380040 		.word	1073756160
  95              		.cfi_endproc
  96              	.LFE126:
  98              		.section	.text.HAL_I2S_MspInit,"ax",%progbits
  99              		.align	1
 100              		.global	HAL_I2S_MspInit
 101              		.syntax unified
 102              		.thumb
 103              		.thumb_func
 104              		.fpu fpv4-sp-d16
 106              	HAL_I2S_MspInit:
 107              	.LVL2:
 108              	.LFB127:
  48:Src/i2s.c     **** 
  49:Src/i2s.c     **** void HAL_I2S_MspInit(I2S_HandleTypeDef *i2sHandle)
  50:Src/i2s.c     **** {
 109              		.loc 1 50 1 is_stmt 1 view -0
 110              		.cfi_startproc
 111              		@ args = 0, pretend = 0, frame = 32
 112              		@ frame_needed = 0, uses_anonymous_args = 0
 113              		.loc 1 50 1 is_stmt 0 view .LVU26
 114 0000 F0B5     		push	{r4, r5, r6, r7, lr}
 115              	.LCFI1:
 116              		.cfi_def_cfa_offset 20
 117              		.cfi_offset 4, -20
 118              		.cfi_offset 5, -16
 119              		.cfi_offset 6, -12
 120              		.cfi_offset 7, -8
 121              		.cfi_offset 14, -4
 122 0002 89B0     		sub	sp, sp, #36
 123              	.LCFI2:
ARM GAS  C:\Users\SHINRA~1\AppData\Local\Temp\ccRst0Mb.s 			page 4


 124              		.cfi_def_cfa_offset 56
  51:Src/i2s.c     **** 
  52:Src/i2s.c     ****   GPIO_InitTypeDef GPIO_InitStruct = {0};
 125              		.loc 1 52 3 is_stmt 1 view .LVU27
 126              		.loc 1 52 20 is_stmt 0 view .LVU28
 127 0004 0023     		movs	r3, #0
 128 0006 0393     		str	r3, [sp, #12]
 129 0008 0493     		str	r3, [sp, #16]
 130 000a 0593     		str	r3, [sp, #20]
 131 000c 0693     		str	r3, [sp, #24]
 132 000e 0793     		str	r3, [sp, #28]
  53:Src/i2s.c     ****   if (i2sHandle->Instance == SPI2)
 133              		.loc 1 53 3 is_stmt 1 view .LVU29
 134              		.loc 1 53 16 is_stmt 0 view .LVU30
 135 0010 0268     		ldr	r2, [r0]
 136              		.loc 1 53 6 view .LVU31
 137 0012 3E4B     		ldr	r3, .L15
 138 0014 9A42     		cmp	r2, r3
 139 0016 01D0     		beq	.L12
 140              	.LVL3:
 141              	.L7:
  54:Src/i2s.c     ****   {
  55:Src/i2s.c     ****     /* USER CODE BEGIN SPI2_MspInit 0 */
  56:Src/i2s.c     **** 
  57:Src/i2s.c     ****     /* USER CODE END SPI2_MspInit 0 */
  58:Src/i2s.c     ****     /* I2S2 clock enable */
  59:Src/i2s.c     ****     __HAL_RCC_SPI2_CLK_ENABLE();
  60:Src/i2s.c     **** 
  61:Src/i2s.c     ****     __HAL_RCC_GPIOB_CLK_ENABLE();
  62:Src/i2s.c     ****     __HAL_RCC_GPIOC_CLK_ENABLE();
  63:Src/i2s.c     ****     /**I2S2 GPIO Configuration
  64:Src/i2s.c     ****     PB12     ------> I2S2_WS
  65:Src/i2s.c     ****     PB13     ------> I2S2_CK
  66:Src/i2s.c     ****     PB14     ------> I2S2_ext_SD
  67:Src/i2s.c     ****     PB15     ------> I2S2_SD
  68:Src/i2s.c     ****     PC6     ------> I2S2_MCK
  69:Src/i2s.c     ****     */
  70:Src/i2s.c     ****     GPIO_InitStruct.Pin = GPIO_PIN_12 | GPIO_PIN_13 | GPIO_PIN_14 | GPIO_PIN_15;
  71:Src/i2s.c     ****     GPIO_InitStruct.Mode = GPIO_MODE_AF_PP;
  72:Src/i2s.c     ****     GPIO_InitStruct.Pull = GPIO_NOPULL;
  73:Src/i2s.c     ****     GPIO_InitStruct.Speed = GPIO_SPEED_FREQ_HIGH;
  74:Src/i2s.c     ****     GPIO_InitStruct.Alternate = GPIO_AF5_SPI2;
  75:Src/i2s.c     ****     HAL_GPIO_Init(GPIOB, &GPIO_InitStruct);
  76:Src/i2s.c     **** 
  77:Src/i2s.c     ****     GPIO_InitStruct.Pin = GPIO_PIN_6;
  78:Src/i2s.c     ****     GPIO_InitStruct.Mode = GPIO_MODE_AF_PP;
  79:Src/i2s.c     ****     GPIO_InitStruct.Pull = GPIO_NOPULL;
  80:Src/i2s.c     ****     GPIO_InitStruct.Speed = GPIO_SPEED_FREQ_HIGH;
  81:Src/i2s.c     ****     GPIO_InitStruct.Alternate = GPIO_AF6_SPI2;
  82:Src/i2s.c     ****     HAL_GPIO_Init(GPIOC, &GPIO_InitStruct);
  83:Src/i2s.c     **** 
  84:Src/i2s.c     ****     /* I2S2 DMA Init */
  85:Src/i2s.c     ****     /* SPI2_RX Init */
  86:Src/i2s.c     ****     hdma_spi2_rx.Instance = DMA1_Channel4;
  87:Src/i2s.c     ****     hdma_spi2_rx.Init.Direction = DMA_PERIPH_TO_MEMORY;
  88:Src/i2s.c     ****     hdma_spi2_rx.Init.PeriphInc = DMA_PINC_DISABLE;
  89:Src/i2s.c     ****     hdma_spi2_rx.Init.MemInc = DMA_MINC_ENABLE;
ARM GAS  C:\Users\SHINRA~1\AppData\Local\Temp\ccRst0Mb.s 			page 5


  90:Src/i2s.c     ****     hdma_spi2_rx.Init.PeriphDataAlignment = DMA_PDATAALIGN_WORD;
  91:Src/i2s.c     ****     hdma_spi2_rx.Init.MemDataAlignment = DMA_MDATAALIGN_WORD;
  92:Src/i2s.c     ****     hdma_spi2_rx.Init.Mode = DMA_CIRCULAR;
  93:Src/i2s.c     ****     hdma_spi2_rx.Init.Priority = DMA_PRIORITY_VERY_HIGH;
  94:Src/i2s.c     ****     if (HAL_DMA_Init(&hdma_spi2_rx) != HAL_OK)
  95:Src/i2s.c     ****     {
  96:Src/i2s.c     ****       Error_Handler();
  97:Src/i2s.c     ****     }
  98:Src/i2s.c     **** 
  99:Src/i2s.c     ****     __HAL_LINKDMA(i2sHandle, hdmarx, hdma_spi2_rx);
 100:Src/i2s.c     **** 
 101:Src/i2s.c     ****     /* SPI2_TX Init */
 102:Src/i2s.c     ****     hdma_spi2_tx.Instance = DMA1_Channel5;
 103:Src/i2s.c     ****     hdma_spi2_tx.Init.Direction = DMA_MEMORY_TO_PERIPH;
 104:Src/i2s.c     ****     hdma_spi2_tx.Init.PeriphInc = DMA_PINC_DISABLE;
 105:Src/i2s.c     ****     hdma_spi2_tx.Init.MemInc = DMA_MINC_ENABLE;
 106:Src/i2s.c     ****     hdma_spi2_tx.Init.PeriphDataAlignment = DMA_PDATAALIGN_WORD;
 107:Src/i2s.c     ****     hdma_spi2_tx.Init.MemDataAlignment = DMA_MDATAALIGN_WORD;
 108:Src/i2s.c     ****     hdma_spi2_tx.Init.Mode = DMA_CIRCULAR;
 109:Src/i2s.c     ****     hdma_spi2_tx.Init.Priority = DMA_PRIORITY_LOW;
 110:Src/i2s.c     ****     if (HAL_DMA_Init(&hdma_spi2_tx) != HAL_OK)
 111:Src/i2s.c     ****     {
 112:Src/i2s.c     ****       Error_Handler();
 113:Src/i2s.c     ****     }
 114:Src/i2s.c     **** 
 115:Src/i2s.c     ****     __HAL_LINKDMA(i2sHandle, hdmatx, hdma_spi2_tx);
 116:Src/i2s.c     **** 
 117:Src/i2s.c     ****     /* I2S2 interrupt Init */
 118:Src/i2s.c     ****     HAL_NVIC_SetPriority(SPI2_IRQn, 0, 0);
 119:Src/i2s.c     ****     HAL_NVIC_EnableIRQ(SPI2_IRQn);
 120:Src/i2s.c     ****     /* USER CODE BEGIN SPI2_MspInit 1 */
 121:Src/i2s.c     **** 
 122:Src/i2s.c     ****     /* USER CODE END SPI2_MspInit 1 */
 123:Src/i2s.c     ****   }
 124:Src/i2s.c     **** }
 142              		.loc 1 124 1 view .LVU32
 143 0018 09B0     		add	sp, sp, #36
 144              	.LCFI3:
 145              		.cfi_remember_state
 146              		.cfi_def_cfa_offset 20
 147              		@ sp needed
 148 001a F0BD     		pop	{r4, r5, r6, r7, pc}
 149              	.LVL4:
 150              	.L12:
 151              	.LCFI4:
 152              		.cfi_restore_state
 153              		.loc 1 124 1 view .LVU33
 154 001c 0446     		mov	r4, r0
  59:Src/i2s.c     **** 
 155              		.loc 1 59 5 is_stmt 1 view .LVU34
 156              	.LBB2:
  59:Src/i2s.c     **** 
 157              		.loc 1 59 5 view .LVU35
  59:Src/i2s.c     **** 
 158              		.loc 1 59 5 view .LVU36
 159 001e 03F5EC33 		add	r3, r3, #120832
 160 0022 DA69     		ldr	r2, [r3, #28]
ARM GAS  C:\Users\SHINRA~1\AppData\Local\Temp\ccRst0Mb.s 			page 6


 161 0024 42F48042 		orr	r2, r2, #16384
 162 0028 DA61     		str	r2, [r3, #28]
  59:Src/i2s.c     **** 
 163              		.loc 1 59 5 view .LVU37
 164 002a DA69     		ldr	r2, [r3, #28]
 165 002c 02F48042 		and	r2, r2, #16384
 166 0030 0092     		str	r2, [sp]
  59:Src/i2s.c     **** 
 167              		.loc 1 59 5 view .LVU38
 168 0032 009A     		ldr	r2, [sp]
 169              	.LBE2:
  59:Src/i2s.c     **** 
 170              		.loc 1 59 5 view .LVU39
  61:Src/i2s.c     ****     __HAL_RCC_GPIOC_CLK_ENABLE();
 171              		.loc 1 61 5 view .LVU40
 172              	.LBB3:
  61:Src/i2s.c     ****     __HAL_RCC_GPIOC_CLK_ENABLE();
 173              		.loc 1 61 5 view .LVU41
  61:Src/i2s.c     ****     __HAL_RCC_GPIOC_CLK_ENABLE();
 174              		.loc 1 61 5 view .LVU42
 175 0034 5A69     		ldr	r2, [r3, #20]
 176 0036 42F48022 		orr	r2, r2, #262144
 177 003a 5A61     		str	r2, [r3, #20]
  61:Src/i2s.c     ****     __HAL_RCC_GPIOC_CLK_ENABLE();
 178              		.loc 1 61 5 view .LVU43
 179 003c 5A69     		ldr	r2, [r3, #20]
 180 003e 02F48022 		and	r2, r2, #262144
 181 0042 0192     		str	r2, [sp, #4]
  61:Src/i2s.c     ****     __HAL_RCC_GPIOC_CLK_ENABLE();
 182              		.loc 1 61 5 view .LVU44
 183 0044 019A     		ldr	r2, [sp, #4]
 184              	.LBE3:
  61:Src/i2s.c     ****     __HAL_RCC_GPIOC_CLK_ENABLE();
 185              		.loc 1 61 5 view .LVU45
  62:Src/i2s.c     ****     /**I2S2 GPIO Configuration
 186              		.loc 1 62 5 view .LVU46
 187              	.LBB4:
  62:Src/i2s.c     ****     /**I2S2 GPIO Configuration
 188              		.loc 1 62 5 view .LVU47
  62:Src/i2s.c     ****     /**I2S2 GPIO Configuration
 189              		.loc 1 62 5 view .LVU48
 190 0046 5A69     		ldr	r2, [r3, #20]
 191 0048 42F40022 		orr	r2, r2, #524288
 192 004c 5A61     		str	r2, [r3, #20]
  62:Src/i2s.c     ****     /**I2S2 GPIO Configuration
 193              		.loc 1 62 5 view .LVU49
 194 004e 5B69     		ldr	r3, [r3, #20]
 195 0050 03F40023 		and	r3, r3, #524288
 196 0054 0293     		str	r3, [sp, #8]
  62:Src/i2s.c     ****     /**I2S2 GPIO Configuration
 197              		.loc 1 62 5 view .LVU50
 198 0056 029B     		ldr	r3, [sp, #8]
 199              	.LBE4:
  62:Src/i2s.c     ****     /**I2S2 GPIO Configuration
 200              		.loc 1 62 5 view .LVU51
  70:Src/i2s.c     ****     GPIO_InitStruct.Mode = GPIO_MODE_AF_PP;
 201              		.loc 1 70 5 view .LVU52
ARM GAS  C:\Users\SHINRA~1\AppData\Local\Temp\ccRst0Mb.s 			page 7


  70:Src/i2s.c     ****     GPIO_InitStruct.Mode = GPIO_MODE_AF_PP;
 202              		.loc 1 70 25 is_stmt 0 view .LVU53
 203 0058 4FF47043 		mov	r3, #61440
 204 005c 0393     		str	r3, [sp, #12]
  71:Src/i2s.c     ****     GPIO_InitStruct.Pull = GPIO_NOPULL;
 205              		.loc 1 71 5 is_stmt 1 view .LVU54
  71:Src/i2s.c     ****     GPIO_InitStruct.Pull = GPIO_NOPULL;
 206              		.loc 1 71 26 is_stmt 0 view .LVU55
 207 005e 0227     		movs	r7, #2
 208 0060 0497     		str	r7, [sp, #16]
  72:Src/i2s.c     ****     GPIO_InitStruct.Speed = GPIO_SPEED_FREQ_HIGH;
 209              		.loc 1 72 5 is_stmt 1 view .LVU56
  72:Src/i2s.c     ****     GPIO_InitStruct.Speed = GPIO_SPEED_FREQ_HIGH;
 210              		.loc 1 72 26 is_stmt 0 view .LVU57
 211 0062 0025     		movs	r5, #0
 212 0064 0595     		str	r5, [sp, #20]
  73:Src/i2s.c     ****     GPIO_InitStruct.Alternate = GPIO_AF5_SPI2;
 213              		.loc 1 73 5 is_stmt 1 view .LVU58
  73:Src/i2s.c     ****     GPIO_InitStruct.Alternate = GPIO_AF5_SPI2;
 214              		.loc 1 73 27 is_stmt 0 view .LVU59
 215 0066 0326     		movs	r6, #3
 216 0068 0696     		str	r6, [sp, #24]
  74:Src/i2s.c     ****     HAL_GPIO_Init(GPIOB, &GPIO_InitStruct);
 217              		.loc 1 74 5 is_stmt 1 view .LVU60
  74:Src/i2s.c     ****     HAL_GPIO_Init(GPIOB, &GPIO_InitStruct);
 218              		.loc 1 74 31 is_stmt 0 view .LVU61
 219 006a 0523     		movs	r3, #5
 220 006c 0793     		str	r3, [sp, #28]
  75:Src/i2s.c     **** 
 221              		.loc 1 75 5 is_stmt 1 view .LVU62
 222 006e 03A9     		add	r1, sp, #12
 223 0070 2748     		ldr	r0, .L15+4
 224              	.LVL5:
  75:Src/i2s.c     **** 
 225              		.loc 1 75 5 is_stmt 0 view .LVU63
 226 0072 FFF7FEFF 		bl	HAL_GPIO_Init
 227              	.LVL6:
  77:Src/i2s.c     ****     GPIO_InitStruct.Mode = GPIO_MODE_AF_PP;
 228              		.loc 1 77 5 is_stmt 1 view .LVU64
  77:Src/i2s.c     ****     GPIO_InitStruct.Mode = GPIO_MODE_AF_PP;
 229              		.loc 1 77 25 is_stmt 0 view .LVU65
 230 0076 4023     		movs	r3, #64
 231 0078 0393     		str	r3, [sp, #12]
  78:Src/i2s.c     ****     GPIO_InitStruct.Pull = GPIO_NOPULL;
 232              		.loc 1 78 5 is_stmt 1 view .LVU66
  78:Src/i2s.c     ****     GPIO_InitStruct.Pull = GPIO_NOPULL;
 233              		.loc 1 78 26 is_stmt 0 view .LVU67
 234 007a 0497     		str	r7, [sp, #16]
  79:Src/i2s.c     ****     GPIO_InitStruct.Speed = GPIO_SPEED_FREQ_HIGH;
 235              		.loc 1 79 5 is_stmt 1 view .LVU68
  79:Src/i2s.c     ****     GPIO_InitStruct.Speed = GPIO_SPEED_FREQ_HIGH;
 236              		.loc 1 79 26 is_stmt 0 view .LVU69
 237 007c 0595     		str	r5, [sp, #20]
  80:Src/i2s.c     ****     GPIO_InitStruct.Alternate = GPIO_AF6_SPI2;
 238              		.loc 1 80 5 is_stmt 1 view .LVU70
  80:Src/i2s.c     ****     GPIO_InitStruct.Alternate = GPIO_AF6_SPI2;
 239              		.loc 1 80 27 is_stmt 0 view .LVU71
ARM GAS  C:\Users\SHINRA~1\AppData\Local\Temp\ccRst0Mb.s 			page 8


 240 007e 0696     		str	r6, [sp, #24]
  81:Src/i2s.c     ****     HAL_GPIO_Init(GPIOC, &GPIO_InitStruct);
 241              		.loc 1 81 5 is_stmt 1 view .LVU72
  81:Src/i2s.c     ****     HAL_GPIO_Init(GPIOC, &GPIO_InitStruct);
 242              		.loc 1 81 31 is_stmt 0 view .LVU73
 243 0080 0623     		movs	r3, #6
 244 0082 0793     		str	r3, [sp, #28]
  82:Src/i2s.c     **** 
 245              		.loc 1 82 5 is_stmt 1 view .LVU74
 246 0084 03A9     		add	r1, sp, #12
 247 0086 2348     		ldr	r0, .L15+8
 248 0088 FFF7FEFF 		bl	HAL_GPIO_Init
 249              	.LVL7:
  86:Src/i2s.c     ****     hdma_spi2_rx.Init.Direction = DMA_PERIPH_TO_MEMORY;
 250              		.loc 1 86 5 view .LVU75
  86:Src/i2s.c     ****     hdma_spi2_rx.Init.Direction = DMA_PERIPH_TO_MEMORY;
 251              		.loc 1 86 27 is_stmt 0 view .LVU76
 252 008c 2248     		ldr	r0, .L15+12
 253 008e 234B     		ldr	r3, .L15+16
 254 0090 0360     		str	r3, [r0]
  87:Src/i2s.c     ****     hdma_spi2_rx.Init.PeriphInc = DMA_PINC_DISABLE;
 255              		.loc 1 87 5 is_stmt 1 view .LVU77
  87:Src/i2s.c     ****     hdma_spi2_rx.Init.PeriphInc = DMA_PINC_DISABLE;
 256              		.loc 1 87 33 is_stmt 0 view .LVU78
 257 0092 4560     		str	r5, [r0, #4]
  88:Src/i2s.c     ****     hdma_spi2_rx.Init.MemInc = DMA_MINC_ENABLE;
 258              		.loc 1 88 5 is_stmt 1 view .LVU79
  88:Src/i2s.c     ****     hdma_spi2_rx.Init.MemInc = DMA_MINC_ENABLE;
 259              		.loc 1 88 33 is_stmt 0 view .LVU80
 260 0094 8560     		str	r5, [r0, #8]
  89:Src/i2s.c     ****     hdma_spi2_rx.Init.PeriphDataAlignment = DMA_PDATAALIGN_WORD;
 261              		.loc 1 89 5 is_stmt 1 view .LVU81
  89:Src/i2s.c     ****     hdma_spi2_rx.Init.PeriphDataAlignment = DMA_PDATAALIGN_WORD;
 262              		.loc 1 89 30 is_stmt 0 view .LVU82
 263 0096 8023     		movs	r3, #128
 264 0098 C360     		str	r3, [r0, #12]
  90:Src/i2s.c     ****     hdma_spi2_rx.Init.MemDataAlignment = DMA_MDATAALIGN_WORD;
 265              		.loc 1 90 5 is_stmt 1 view .LVU83
  90:Src/i2s.c     ****     hdma_spi2_rx.Init.MemDataAlignment = DMA_MDATAALIGN_WORD;
 266              		.loc 1 90 43 is_stmt 0 view .LVU84
 267 009a 4FF40073 		mov	r3, #512
 268 009e 0361     		str	r3, [r0, #16]
  91:Src/i2s.c     ****     hdma_spi2_rx.Init.Mode = DMA_CIRCULAR;
 269              		.loc 1 91 5 is_stmt 1 view .LVU85
  91:Src/i2s.c     ****     hdma_spi2_rx.Init.Mode = DMA_CIRCULAR;
 270              		.loc 1 91 40 is_stmt 0 view .LVU86
 271 00a0 4FF40063 		mov	r3, #2048
 272 00a4 4361     		str	r3, [r0, #20]
  92:Src/i2s.c     ****     hdma_spi2_rx.Init.Priority = DMA_PRIORITY_VERY_HIGH;
 273              		.loc 1 92 5 is_stmt 1 view .LVU87
  92:Src/i2s.c     ****     hdma_spi2_rx.Init.Priority = DMA_PRIORITY_VERY_HIGH;
 274              		.loc 1 92 28 is_stmt 0 view .LVU88
 275 00a6 2023     		movs	r3, #32
 276 00a8 8361     		str	r3, [r0, #24]
  93:Src/i2s.c     ****     if (HAL_DMA_Init(&hdma_spi2_rx) != HAL_OK)
 277              		.loc 1 93 5 is_stmt 1 view .LVU89
  93:Src/i2s.c     ****     if (HAL_DMA_Init(&hdma_spi2_rx) != HAL_OK)
ARM GAS  C:\Users\SHINRA~1\AppData\Local\Temp\ccRst0Mb.s 			page 9


 278              		.loc 1 93 32 is_stmt 0 view .LVU90
 279 00aa 4FF44053 		mov	r3, #12288
 280 00ae C361     		str	r3, [r0, #28]
  94:Src/i2s.c     ****     {
 281              		.loc 1 94 5 is_stmt 1 view .LVU91
  94:Src/i2s.c     ****     {
 282              		.loc 1 94 9 is_stmt 0 view .LVU92
 283 00b0 FFF7FEFF 		bl	HAL_DMA_Init
 284              	.LVL8:
  94:Src/i2s.c     ****     {
 285              		.loc 1 94 8 view .LVU93
 286 00b4 18BB     		cbnz	r0, .L13
 287              	.L9:
  99:Src/i2s.c     **** 
 288              		.loc 1 99 5 is_stmt 1 view .LVU94
  99:Src/i2s.c     **** 
 289              		.loc 1 99 5 view .LVU95
 290 00b6 184B     		ldr	r3, .L15+12
 291 00b8 A363     		str	r3, [r4, #56]
  99:Src/i2s.c     **** 
 292              		.loc 1 99 5 view .LVU96
 293 00ba 5C62     		str	r4, [r3, #36]
  99:Src/i2s.c     **** 
 294              		.loc 1 99 5 view .LVU97
 102:Src/i2s.c     ****     hdma_spi2_tx.Init.Direction = DMA_MEMORY_TO_PERIPH;
 295              		.loc 1 102 5 view .LVU98
 102:Src/i2s.c     ****     hdma_spi2_tx.Init.Direction = DMA_MEMORY_TO_PERIPH;
 296              		.loc 1 102 27 is_stmt 0 view .LVU99
 297 00bc 1848     		ldr	r0, .L15+20
 298 00be 194B     		ldr	r3, .L15+24
 299 00c0 0360     		str	r3, [r0]
 103:Src/i2s.c     ****     hdma_spi2_tx.Init.PeriphInc = DMA_PINC_DISABLE;
 300              		.loc 1 103 5 is_stmt 1 view .LVU100
 103:Src/i2s.c     ****     hdma_spi2_tx.Init.PeriphInc = DMA_PINC_DISABLE;
 301              		.loc 1 103 33 is_stmt 0 view .LVU101
 302 00c2 1023     		movs	r3, #16
 303 00c4 4360     		str	r3, [r0, #4]
 104:Src/i2s.c     ****     hdma_spi2_tx.Init.MemInc = DMA_MINC_ENABLE;
 304              		.loc 1 104 5 is_stmt 1 view .LVU102
 104:Src/i2s.c     ****     hdma_spi2_tx.Init.MemInc = DMA_MINC_ENABLE;
 305              		.loc 1 104 33 is_stmt 0 view .LVU103
 306 00c6 0023     		movs	r3, #0
 307 00c8 8360     		str	r3, [r0, #8]
 105:Src/i2s.c     ****     hdma_spi2_tx.Init.PeriphDataAlignment = DMA_PDATAALIGN_WORD;
 308              		.loc 1 105 5 is_stmt 1 view .LVU104
 105:Src/i2s.c     ****     hdma_spi2_tx.Init.PeriphDataAlignment = DMA_PDATAALIGN_WORD;
 309              		.loc 1 105 30 is_stmt 0 view .LVU105
 310 00ca 8022     		movs	r2, #128
 311 00cc C260     		str	r2, [r0, #12]
 106:Src/i2s.c     ****     hdma_spi2_tx.Init.MemDataAlignment = DMA_MDATAALIGN_WORD;
 312              		.loc 1 106 5 is_stmt 1 view .LVU106
 106:Src/i2s.c     ****     hdma_spi2_tx.Init.MemDataAlignment = DMA_MDATAALIGN_WORD;
 313              		.loc 1 106 43 is_stmt 0 view .LVU107
 314 00ce 4FF40072 		mov	r2, #512
 315 00d2 0261     		str	r2, [r0, #16]
 107:Src/i2s.c     ****     hdma_spi2_tx.Init.Mode = DMA_CIRCULAR;
 316              		.loc 1 107 5 is_stmt 1 view .LVU108
ARM GAS  C:\Users\SHINRA~1\AppData\Local\Temp\ccRst0Mb.s 			page 10


 107:Src/i2s.c     ****     hdma_spi2_tx.Init.Mode = DMA_CIRCULAR;
 317              		.loc 1 107 40 is_stmt 0 view .LVU109
 318 00d4 4FF40062 		mov	r2, #2048
 319 00d8 4261     		str	r2, [r0, #20]
 108:Src/i2s.c     ****     hdma_spi2_tx.Init.Priority = DMA_PRIORITY_LOW;
 320              		.loc 1 108 5 is_stmt 1 view .LVU110
 108:Src/i2s.c     ****     hdma_spi2_tx.Init.Priority = DMA_PRIORITY_LOW;
 321              		.loc 1 108 28 is_stmt 0 view .LVU111
 322 00da 2022     		movs	r2, #32
 323 00dc 8261     		str	r2, [r0, #24]
 109:Src/i2s.c     ****     if (HAL_DMA_Init(&hdma_spi2_tx) != HAL_OK)
 324              		.loc 1 109 5 is_stmt 1 view .LVU112
 109:Src/i2s.c     ****     if (HAL_DMA_Init(&hdma_spi2_tx) != HAL_OK)
 325              		.loc 1 109 32 is_stmt 0 view .LVU113
 326 00de C361     		str	r3, [r0, #28]
 110:Src/i2s.c     ****     {
 327              		.loc 1 110 5 is_stmt 1 view .LVU114
 110:Src/i2s.c     ****     {
 328              		.loc 1 110 9 is_stmt 0 view .LVU115
 329 00e0 FFF7FEFF 		bl	HAL_DMA_Init
 330              	.LVL9:
 110:Src/i2s.c     ****     {
 331              		.loc 1 110 8 view .LVU116
 332 00e4 70B9     		cbnz	r0, .L14
 333              	.L10:
 115:Src/i2s.c     **** 
 334              		.loc 1 115 5 is_stmt 1 view .LVU117
 115:Src/i2s.c     **** 
 335              		.loc 1 115 5 view .LVU118
 336 00e6 0E4B     		ldr	r3, .L15+20
 337 00e8 6363     		str	r3, [r4, #52]
 115:Src/i2s.c     **** 
 338              		.loc 1 115 5 view .LVU119
 339 00ea 5C62     		str	r4, [r3, #36]
 115:Src/i2s.c     **** 
 340              		.loc 1 115 5 view .LVU120
 118:Src/i2s.c     ****     HAL_NVIC_EnableIRQ(SPI2_IRQn);
 341              		.loc 1 118 5 view .LVU121
 342 00ec 0022     		movs	r2, #0
 343 00ee 1146     		mov	r1, r2
 344 00f0 2420     		movs	r0, #36
 345 00f2 FFF7FEFF 		bl	HAL_NVIC_SetPriority
 346              	.LVL10:
 119:Src/i2s.c     ****     /* USER CODE BEGIN SPI2_MspInit 1 */
 347              		.loc 1 119 5 view .LVU122
 348 00f6 2420     		movs	r0, #36
 349 00f8 FFF7FEFF 		bl	HAL_NVIC_EnableIRQ
 350              	.LVL11:
 351              		.loc 1 124 1 is_stmt 0 view .LVU123
 352 00fc 8CE7     		b	.L7
 353              	.L13:
  96:Src/i2s.c     ****     }
 354              		.loc 1 96 7 is_stmt 1 view .LVU124
 355 00fe FFF7FEFF 		bl	Error_Handler
 356              	.LVL12:
 357 0102 D8E7     		b	.L9
 358              	.L14:
ARM GAS  C:\Users\SHINRA~1\AppData\Local\Temp\ccRst0Mb.s 			page 11


 112:Src/i2s.c     ****     }
 359              		.loc 1 112 7 view .LVU125
 360 0104 FFF7FEFF 		bl	Error_Handler
 361              	.LVL13:
 362 0108 EDE7     		b	.L10
 363              	.L16:
 364 010a 00BF     		.align	2
 365              	.L15:
 366 010c 00380040 		.word	1073756160
 367 0110 00040048 		.word	1207960576
 368 0114 00080048 		.word	1207961600
 369 0118 00000000 		.word	hdma_spi2_rx
 370 011c 44000240 		.word	1073872964
 371 0120 00000000 		.word	hdma_spi2_tx
 372 0124 58000240 		.word	1073872984
 373              		.cfi_endproc
 374              	.LFE127:
 376              		.section	.text.HAL_I2S_MspDeInit,"ax",%progbits
 377              		.align	1
 378              		.global	HAL_I2S_MspDeInit
 379              		.syntax unified
 380              		.thumb
 381              		.thumb_func
 382              		.fpu fpv4-sp-d16
 384              	HAL_I2S_MspDeInit:
 385              	.LVL14:
 386              	.LFB128:
 125:Src/i2s.c     **** 
 126:Src/i2s.c     **** void HAL_I2S_MspDeInit(I2S_HandleTypeDef *i2sHandle)
 127:Src/i2s.c     **** {
 387              		.loc 1 127 1 view -0
 388              		.cfi_startproc
 389              		@ args = 0, pretend = 0, frame = 0
 390              		@ frame_needed = 0, uses_anonymous_args = 0
 128:Src/i2s.c     **** 
 129:Src/i2s.c     ****   if (i2sHandle->Instance == SPI2)
 391              		.loc 1 129 3 view .LVU127
 392              		.loc 1 129 16 is_stmt 0 view .LVU128
 393 0000 0268     		ldr	r2, [r0]
 394              		.loc 1 129 6 view .LVU129
 395 0002 0F4B     		ldr	r3, .L24
 396 0004 9A42     		cmp	r2, r3
 397 0006 00D0     		beq	.L23
 398 0008 7047     		bx	lr
 399              	.L23:
 127:Src/i2s.c     **** 
 400              		.loc 1 127 1 view .LVU130
 401 000a 10B5     		push	{r4, lr}
 402              	.LCFI5:
 403              		.cfi_def_cfa_offset 8
 404              		.cfi_offset 4, -8
 405              		.cfi_offset 14, -4
 406 000c 0446     		mov	r4, r0
 130:Src/i2s.c     ****   {
 131:Src/i2s.c     ****     /* USER CODE BEGIN SPI2_MspDeInit 0 */
 132:Src/i2s.c     **** 
 133:Src/i2s.c     ****     /* USER CODE END SPI2_MspDeInit 0 */
ARM GAS  C:\Users\SHINRA~1\AppData\Local\Temp\ccRst0Mb.s 			page 12


 134:Src/i2s.c     ****     /* Peripheral clock disable */
 135:Src/i2s.c     ****     __HAL_RCC_SPI2_CLK_DISABLE();
 407              		.loc 1 135 5 is_stmt 1 view .LVU131
 408 000e 0D4A     		ldr	r2, .L24+4
 409 0010 D369     		ldr	r3, [r2, #28]
 410 0012 23F48043 		bic	r3, r3, #16384
 411 0016 D361     		str	r3, [r2, #28]
 136:Src/i2s.c     **** 
 137:Src/i2s.c     ****     /**I2S2 GPIO Configuration
 138:Src/i2s.c     ****     PB12     ------> I2S2_WS
 139:Src/i2s.c     ****     PB13     ------> I2S2_CK
 140:Src/i2s.c     ****     PB14     ------> I2S2_ext_SD
 141:Src/i2s.c     ****     PB15     ------> I2S2_SD
 142:Src/i2s.c     ****     PC6     ------> I2S2_MCK
 143:Src/i2s.c     ****     */
 144:Src/i2s.c     ****     HAL_GPIO_DeInit(GPIOB, GPIO_PIN_12 | GPIO_PIN_13 | GPIO_PIN_14 | GPIO_PIN_15);
 412              		.loc 1 144 5 view .LVU132
 413 0018 4FF47041 		mov	r1, #61440
 414 001c 0A48     		ldr	r0, .L24+8
 415              	.LVL15:
 416              		.loc 1 144 5 is_stmt 0 view .LVU133
 417 001e FFF7FEFF 		bl	HAL_GPIO_DeInit
 418              	.LVL16:
 145:Src/i2s.c     **** 
 146:Src/i2s.c     ****     HAL_GPIO_DeInit(GPIOC, GPIO_PIN_6);
 419              		.loc 1 146 5 is_stmt 1 view .LVU134
 420 0022 4021     		movs	r1, #64
 421 0024 0948     		ldr	r0, .L24+12
 422 0026 FFF7FEFF 		bl	HAL_GPIO_DeInit
 423              	.LVL17:
 147:Src/i2s.c     **** 
 148:Src/i2s.c     ****     /* I2S2 DMA DeInit */
 149:Src/i2s.c     ****     HAL_DMA_DeInit(i2sHandle->hdmarx);
 424              		.loc 1 149 5 view .LVU135
 425 002a A06B     		ldr	r0, [r4, #56]
 426 002c FFF7FEFF 		bl	HAL_DMA_DeInit
 427              	.LVL18:
 150:Src/i2s.c     ****     HAL_DMA_DeInit(i2sHandle->hdmatx);
 428              		.loc 1 150 5 view .LVU136
 429 0030 606B     		ldr	r0, [r4, #52]
 430 0032 FFF7FEFF 		bl	HAL_DMA_DeInit
 431              	.LVL19:
 151:Src/i2s.c     **** 
 152:Src/i2s.c     ****     /* I2S2 interrupt Deinit */
 153:Src/i2s.c     ****     HAL_NVIC_DisableIRQ(SPI2_IRQn);
 432              		.loc 1 153 5 view .LVU137
 433 0036 2420     		movs	r0, #36
 434 0038 FFF7FEFF 		bl	HAL_NVIC_DisableIRQ
 435              	.LVL20:
 154:Src/i2s.c     ****     /* USER CODE BEGIN SPI2_MspDeInit 1 */
 155:Src/i2s.c     **** 
 156:Src/i2s.c     ****     /* USER CODE END SPI2_MspDeInit 1 */
 157:Src/i2s.c     ****   }
 158:Src/i2s.c     **** }
 436              		.loc 1 158 1 is_stmt 0 view .LVU138
 437 003c 10BD     		pop	{r4, pc}
 438              	.LVL21:
ARM GAS  C:\Users\SHINRA~1\AppData\Local\Temp\ccRst0Mb.s 			page 13


 439              	.L25:
 440              		.loc 1 158 1 view .LVU139
 441 003e 00BF     		.align	2
 442              	.L24:
 443 0040 00380040 		.word	1073756160
 444 0044 00100240 		.word	1073876992
 445 0048 00040048 		.word	1207960576
 446 004c 00080048 		.word	1207961600
 447              		.cfi_endproc
 448              	.LFE128:
 450              		.comm	hdma_spi2_tx,68,4
 451              		.comm	hdma_spi2_rx,68,4
 452              		.comm	hi2s2,68,4
 453              		.text
 454              	.Letext0:
 455              		.file 2 "c:\\program files (x86)\\gnu tools arm embedded\\9 2019-q4-major\\arm-none-eabi\\include\
 456              		.file 3 "c:\\program files (x86)\\gnu tools arm embedded\\9 2019-q4-major\\arm-none-eabi\\include\
 457              		.file 4 "Drivers/CMSIS/Include/core_cm4.h"
 458              		.file 5 "Drivers/CMSIS/Device/ST/STM32F3xx/Include/system_stm32f3xx.h"
 459              		.file 6 "Drivers/CMSIS/Device/ST/STM32F3xx/Include/stm32f303xc.h"
 460              		.file 7 "c:\\program files (x86)\\gnu tools arm embedded\\9 2019-q4-major\\arm-none-eabi\\include\
 461              		.file 8 "c:\\program files (x86)\\gnu tools arm embedded\\9 2019-q4-major\\arm-none-eabi\\include\
 462              		.file 9 "c:\\program files (x86)\\gnu tools arm embedded\\9 2019-q4-major\\lib\\gcc\\arm-none-eabi
 463              		.file 10 "c:\\program files (x86)\\gnu tools arm embedded\\9 2019-q4-major\\arm-none-eabi\\include
 464              		.file 11 "Drivers/STM32F3xx_HAL_Driver/Inc/stm32f3xx_hal_def.h"
 465              		.file 12 "Drivers/STM32F3xx_HAL_Driver/Inc/stm32f3xx_hal_gpio.h"
 466              		.file 13 "Drivers/STM32F3xx_HAL_Driver/Inc/stm32f3xx_hal_dma.h"
 467              		.file 14 "Drivers/STM32F3xx_HAL_Driver/Inc/stm32f3xx_hal_i2s.h"
 468              		.file 15 "Drivers/STM32F3xx_HAL_Driver/Inc/stm32f3xx_hal.h"
 469              		.file 16 "Inc/i2s.h"
 470              		.file 17 "Drivers/STM32F3xx_HAL_Driver/Inc/stm32f3xx_hal_cortex.h"
 471              		.file 18 "Inc/main.h"
ARM GAS  C:\Users\SHINRA~1\AppData\Local\Temp\ccRst0Mb.s 			page 14


DEFINED SYMBOLS
                            *ABS*:00000000 i2s.c
C:\Users\SHINRA~1\AppData\Local\Temp\ccRst0Mb.s:18     .text.MX_I2S2_Init:00000000 $t
C:\Users\SHINRA~1\AppData\Local\Temp\ccRst0Mb.s:26     .text.MX_I2S2_Init:00000000 MX_I2S2_Init
C:\Users\SHINRA~1\AppData\Local\Temp\ccRst0Mb.s:93     .text.MX_I2S2_Init:0000003c $d
                            *COM*:00000044 hi2s2
C:\Users\SHINRA~1\AppData\Local\Temp\ccRst0Mb.s:99     .text.HAL_I2S_MspInit:00000000 $t
C:\Users\SHINRA~1\AppData\Local\Temp\ccRst0Mb.s:106    .text.HAL_I2S_MspInit:00000000 HAL_I2S_MspInit
C:\Users\SHINRA~1\AppData\Local\Temp\ccRst0Mb.s:366    .text.HAL_I2S_MspInit:0000010c $d
                            *COM*:00000044 hdma_spi2_rx
                            *COM*:00000044 hdma_spi2_tx
C:\Users\SHINRA~1\AppData\Local\Temp\ccRst0Mb.s:377    .text.HAL_I2S_MspDeInit:00000000 $t
C:\Users\SHINRA~1\AppData\Local\Temp\ccRst0Mb.s:384    .text.HAL_I2S_MspDeInit:00000000 HAL_I2S_MspDeInit
C:\Users\SHINRA~1\AppData\Local\Temp\ccRst0Mb.s:443    .text.HAL_I2S_MspDeInit:00000040 $d

UNDEFINED SYMBOLS
HAL_I2S_Init
Error_Handler
HAL_GPIO_Init
HAL_DMA_Init
HAL_NVIC_SetPriority
HAL_NVIC_EnableIRQ
HAL_GPIO_DeInit
HAL_DMA_DeInit
HAL_NVIC_DisableIRQ
