ARM GAS  C:\Users\SHINRA~1\AppData\Local\Temp\ccMIYeGp.s 			page 1


   1              		.cpu cortex-m4
   2              		.eabi_attribute 27, 1
   3              		.eabi_attribute 28, 1
   4              		.eabi_attribute 20, 1
   5              		.eabi_attribute 21, 1
   6              		.eabi_attribute 23, 3
   7              		.eabi_attribute 24, 1
   8              		.eabi_attribute 25, 1
   9              		.eabi_attribute 26, 1
  10              		.eabi_attribute 30, 1
  11              		.eabi_attribute 34, 1
  12              		.eabi_attribute 18, 4
  13              		.file	"main.c"
  14              		.text
  15              	.Ltext0:
  16              		.cfi_sections	.debug_frame
  17              		.section	.text.SystemClock_Config,"ax",%progbits
  18              		.align	1
  19              		.global	SystemClock_Config
  20              		.arch armv7e-m
  21              		.syntax unified
  22              		.thumb
  23              		.thumb_func
  24              		.fpu fpv4-sp-d16
  26              	SystemClock_Config:
  27              	.LFB127:
  28              		.file 1 "Src/main.c"
   1:Src/main.c    **** /* USER CODE BEGIN Header */
   2:Src/main.c    **** /**
   3:Src/main.c    ****  ******************************************************************************
   4:Src/main.c    ****  * @file           : main.c
   5:Src/main.c    ****  * @brief          : Main program body
   6:Src/main.c    ****  ******************************************************************************
   7:Src/main.c    ****  * @attention
   8:Src/main.c    ****  *
   9:Src/main.c    ****  * <h2><center>&copy; Copyright (c) 2022 STMicroelectronics.
  10:Src/main.c    ****  * All rights reserved.</center></h2>
  11:Src/main.c    ****  *
  12:Src/main.c    ****  * This software component is licensed by ST under Ultimate Liberty license
  13:Src/main.c    ****  * SLA0044, the "License"; You may not use this file except in compliance with
  14:Src/main.c    ****  * the License. You may obtain a copy of the License at:
  15:Src/main.c    ****  *                             www.st.com/SLA0044
  16:Src/main.c    ****  *
  17:Src/main.c    ****  ******************************************************************************
  18:Src/main.c    ****  */
  19:Src/main.c    **** /* USER CODE END Header */
  20:Src/main.c    **** 
  21:Src/main.c    **** /* Includes ------------------------------------------------------------------*/
  22:Src/main.c    **** #include "main.h"
  23:Src/main.c    **** #include "dma.h"
  24:Src/main.c    **** #include "i2c.h"
  25:Src/main.c    **** #include "i2s.h"
  26:Src/main.c    **** #include "spi.h"
  27:Src/main.c    **** #include "tim.h"
  28:Src/main.c    **** #include "usart.h"
  29:Src/main.c    **** #include "usb_device.h"
  30:Src/main.c    **** #include "gpio.h"
ARM GAS  C:\Users\SHINRA~1\AppData\Local\Temp\ccMIYeGp.s 			page 2


  31:Src/main.c    **** #include "led.h"
  32:Src/main.c    **** 
  33:Src/main.c    **** /* Private includes ----------------------------------------------------------*/
  34:Src/main.c    **** /* USER CODE BEGIN Includes */
  35:Src/main.c    **** #define MSIP_VERSION 22
  36:Src/main.c    **** /* USER CODE END Includes */
  37:Src/main.c    **** 
  38:Src/main.c    **** /* Private typedef -----------------------------------------------------------*/
  39:Src/main.c    **** /* USER CODE BEGIN PTD */
  40:Src/main.c    **** 
  41:Src/main.c    **** /* USER CODE END PTD */
  42:Src/main.c    **** 
  43:Src/main.c    **** /* Private define ------------------------------------------------------------*/
  44:Src/main.c    **** /* USER CODE BEGIN PD */
  45:Src/main.c    **** 
  46:Src/main.c    **** /* USER CODE END PD */
  47:Src/main.c    **** 
  48:Src/main.c    **** /* Private macro -------------------------------------------------------------*/
  49:Src/main.c    **** /* USER CODE BEGIN PM */
  50:Src/main.c    **** 
  51:Src/main.c    **** /* USER CODE END PM */
  52:Src/main.c    **** 
  53:Src/main.c    **** /* Private variables ---------------------------------------------------------*/
  54:Src/main.c    **** 
  55:Src/main.c    **** /* USER CODE BEGIN PV */
  56:Src/main.c    **** 
  57:Src/main.c    **** /* USER CODE END PV */
  58:Src/main.c    **** 
  59:Src/main.c    **** /* Private function prototypes -----------------------------------------------*/
  60:Src/main.c    **** void SystemClock_Config(void);
  61:Src/main.c    **** /* USER CODE BEGIN PFP */
  62:Src/main.c    **** 
  63:Src/main.c    **** /* USER CODE END PFP */
  64:Src/main.c    **** 
  65:Src/main.c    **** /* Private user code ---------------------------------------------------------*/
  66:Src/main.c    **** /* USER CODE BEGIN 0 */
  67:Src/main.c    **** uint8_t JP2_MODE = 0, JP1_MODE = 0;
  68:Src/main.c    **** uint8_t TX_Flag = 0;
  69:Src/main.c    **** 
  70:Src/main.c    **** uint8_t ButtonPressed = 0;
  71:Src/main.c    **** uint8_t TransferFlag = 0;
  72:Src/main.c    **** // maybe use 4byte in and 3 byte out?
  73:Src/main.c    **** uint32_t SignalTmp[32] = {0x00};
  74:Src/main.c    **** // uint16_t DMABufSize = 192;
  75:Src/main.c    **** // uint32_t SignalVal = 0;
  76:Src/main.c    **** 
  77:Src/main.c    **** uint8_t FLAG_half = 0, FLAG_comp = 0;
  78:Src/main.c    **** /* USER CODE END 0 */
  79:Src/main.c    **** 
  80:Src/main.c    **** /**
  81:Src/main.c    ****  * @brief  The application entry point.
  82:Src/main.c    ****  * @retval int
  83:Src/main.c    ****  */
  84:Src/main.c    **** int main(void)
  85:Src/main.c    **** {
  86:Src/main.c    ****   /* USER CODE BEGIN 1 */
  87:Src/main.c    **** 
ARM GAS  C:\Users\SHINRA~1\AppData\Local\Temp\ccMIYeGp.s 			page 3


  88:Src/main.c    ****   /* USER CODE END 1 */
  89:Src/main.c    **** 
  90:Src/main.c    ****   /* MCU Configuration--------------------------------------------------------*/
  91:Src/main.c    **** 
  92:Src/main.c    ****   /* Reset of all peripherals, Initializes the Flash interface and the Systick. */
  93:Src/main.c    ****   HAL_Init();
  94:Src/main.c    **** 
  95:Src/main.c    ****   /* USER CODE BEGIN Init */
  96:Src/main.c    **** 
  97:Src/main.c    ****   /* USER CODE END Init */
  98:Src/main.c    **** 
  99:Src/main.c    ****   /* Configure the system clock */
 100:Src/main.c    ****   SystemClock_Config();
 101:Src/main.c    **** 
 102:Src/main.c    ****   /* USER CODE BEGIN SysInit */
 103:Src/main.c    **** 
 104:Src/main.c    ****   /* USER CODE END SysInit */
 105:Src/main.c    **** 
 106:Src/main.c    ****   /* Initialize all configured peripherals */
 107:Src/main.c    ****   MX_GPIO_Init();
 108:Src/main.c    ****   MX_DMA_Init();
 109:Src/main.c    ****   MX_I2C1_Init();
 110:Src/main.c    ****   MX_SPI1_Init();
 111:Src/main.c    ****   MX_TIM2_Init();
 112:Src/main.c    ****   MX_TIM3_Init();
 113:Src/main.c    ****   MX_TIM4_Init();
 114:Src/main.c    ****   MX_I2S2_Init();
 115:Src/main.c    ****   MX_UART4_Init();
 116:Src/main.c    ****   MX_USART2_UART_Init();
 117:Src/main.c    ****   MX_USB_DEVICE_Init();
 118:Src/main.c    ****   /* USER CODE BEGIN 2 */
 119:Src/main.c    ****   HAL_TIM_Base_Start_IT(&htim3);
 120:Src/main.c    ****   HAL_TIM_Base_Start_IT(&htim4);
 121:Src/main.c    ****   HAL_I2S_Receive_DMA(&hi2s2, (uint16_t *)&SignalTmp[0], 8);
 122:Src/main.c    ****   /* USER CODE END 2 */
 123:Src/main.c    **** 
 124:Src/main.c    ****   /* Infinite loop */
 125:Src/main.c    ****   /* USER CODE BEGIN WHILE */
 126:Src/main.c    ****   while (1)
 127:Src/main.c    ****   {
 128:Src/main.c    ****     if (HAL_GPIO_ReadPin(BT_KEY_GPIO_Port, BT_KEY_Pin) == 1)
 129:Src/main.c    ****       ButtonPressed = 1;
 130:Src/main.c    **** 
 131:Src/main.c    ****     if (ButtonPressed)
 132:Src/main.c    ****     {
 133:Src/main.c    ****       if (!TransferFlag)
 134:Src/main.c    ****       {
 135:Src/main.c    ****         HAL_TIM_Base_Start_IT(&htim2);
 136:Src/main.c    ****         HAL_GPIO_WritePin(LD7_GPIO_Port, LD7_Pin, GPIO_PIN_SET);
 137:Src/main.c    ****       }
 138:Src/main.c    ****       else
 139:Src/main.c    ****       {
 140:Src/main.c    ****         HAL_TIM_Base_Stop_IT(&htim2);
 141:Src/main.c    ****         HAL_GPIO_WritePin(LD7_GPIO_Port, LD7_Pin, GPIO_PIN_RESET);
 142:Src/main.c    ****         HAL_GPIO_WritePin(LD4_GPIO_Port, LD4_Pin, GPIO_PIN_RESET);
 143:Src/main.c    ****         HAL_GPIO_WritePin(LD5_GPIO_Port, LD5_Pin, GPIO_PIN_RESET);
 144:Src/main.c    ****       }
ARM GAS  C:\Users\SHINRA~1\AppData\Local\Temp\ccMIYeGp.s 			page 4


 145:Src/main.c    **** 
 146:Src/main.c    ****       TransferFlag ^= 1;
 147:Src/main.c    ****       ButtonPressed = 0;
 148:Src/main.c    ****     }
 149:Src/main.c    ****     /* USER CODE END WHILE */
 150:Src/main.c    **** 
 151:Src/main.c    ****     /* USER CODE BEGIN 3 */
 152:Src/main.c    ****     if (FLAG_half)
 153:Src/main.c    ****     {
 154:Src/main.c    ****       FLAG_half = 0;
 155:Src/main.c    ****       // add your code: data shift [0:250]...
 156:Src/main.c    ****       if (TransferFlag)
 157:Src/main.c    ****       {
 158:Src/main.c    ****         CDC_Transmit_FS(&SignalTmp[0], 4 * 8);
 159:Src/main.c    ****         BlinkLED(3);
 160:Src/main.c    ****       }
 161:Src/main.c    ****     }
 162:Src/main.c    ****     if (FLAG_comp)
 163:Src/main.c    ****     {
 164:Src/main.c    ****       FLAG_comp = 0;
 165:Src/main.c    ****       // add your code: data shift [250:500]...
 166:Src/main.c    ****       if (TransferFlag)
 167:Src/main.c    ****       {
 168:Src/main.c    ****         CDC_Transmit_FS(&SignalTmp[8], 4 * 8);
 169:Src/main.c    ****         BlinkLED(4);
 170:Src/main.c    ****       }
 171:Src/main.c    ****     }
 172:Src/main.c    ****   }
 173:Src/main.c    ****   /* USER CODE END 3 */
 174:Src/main.c    **** }
 175:Src/main.c    **** 
 176:Src/main.c    **** /**
 177:Src/main.c    ****  * @brief System Clock Configuration
 178:Src/main.c    ****  * @retval None
 179:Src/main.c    ****  */
 180:Src/main.c    **** void SystemClock_Config(void)
 181:Src/main.c    **** {
  29              		.loc 1 181 1 view -0
  30              		.cfi_startproc
  31              		@ args = 0, pretend = 0, frame = 120
  32              		@ frame_needed = 0, uses_anonymous_args = 0
  33 0000 30B5     		push	{r4, r5, lr}
  34              	.LCFI0:
  35              		.cfi_def_cfa_offset 12
  36              		.cfi_offset 4, -12
  37              		.cfi_offset 5, -8
  38              		.cfi_offset 14, -4
  39 0002 9FB0     		sub	sp, sp, #124
  40              	.LCFI1:
  41              		.cfi_def_cfa_offset 136
 182:Src/main.c    ****   RCC_OscInitTypeDef RCC_OscInitStruct = {0};
  42              		.loc 1 182 3 view .LVU1
  43              		.loc 1 182 22 is_stmt 0 view .LVU2
  44 0004 0024     		movs	r4, #0
  45 0006 1794     		str	r4, [sp, #92]
  46 0008 1A94     		str	r4, [sp, #104]
 183:Src/main.c    ****   RCC_ClkInitTypeDef RCC_ClkInitStruct = {0};
ARM GAS  C:\Users\SHINRA~1\AppData\Local\Temp\ccMIYeGp.s 			page 5


  47              		.loc 1 183 3 is_stmt 1 view .LVU3
  48              		.loc 1 183 22 is_stmt 0 view .LVU4
  49 000a 0F94     		str	r4, [sp, #60]
  50 000c 1094     		str	r4, [sp, #64]
  51 000e 1194     		str	r4, [sp, #68]
  52 0010 1294     		str	r4, [sp, #72]
  53 0012 1394     		str	r4, [sp, #76]
 184:Src/main.c    ****   RCC_PeriphCLKInitTypeDef PeriphClkInit = {0};
  54              		.loc 1 184 3 is_stmt 1 view .LVU5
  55              		.loc 1 184 28 is_stmt 0 view .LVU6
  56 0014 3C22     		movs	r2, #60
  57 0016 2146     		mov	r1, r4
  58 0018 6846     		mov	r0, sp
  59 001a FFF7FEFF 		bl	memset
  60              	.LVL0:
 185:Src/main.c    **** 
 186:Src/main.c    ****   /** Initializes the CPU, AHB and APB busses clocks
 187:Src/main.c    ****    */
 188:Src/main.c    ****   RCC_OscInitStruct.OscillatorType = RCC_OSCILLATORTYPE_HSI | RCC_OSCILLATORTYPE_HSE;
  61              		.loc 1 188 3 is_stmt 1 view .LVU7
  62              		.loc 1 188 36 is_stmt 0 view .LVU8
  63 001e 0323     		movs	r3, #3
  64 0020 1493     		str	r3, [sp, #80]
 189:Src/main.c    ****   RCC_OscInitStruct.HSEState = RCC_HSE_BYPASS;
  65              		.loc 1 189 3 is_stmt 1 view .LVU9
  66              		.loc 1 189 30 is_stmt 0 view .LVU10
  67 0022 4FF4A023 		mov	r3, #327680
  68 0026 1593     		str	r3, [sp, #84]
 190:Src/main.c    ****   RCC_OscInitStruct.HSEPredivValue = RCC_HSE_PREDIV_DIV1;
  69              		.loc 1 190 3 is_stmt 1 view .LVU11
  70              		.loc 1 190 36 is_stmt 0 view .LVU12
  71 0028 1694     		str	r4, [sp, #88]
 191:Src/main.c    ****   RCC_OscInitStruct.HSIState = RCC_HSI_ON;
  72              		.loc 1 191 3 is_stmt 1 view .LVU13
  73              		.loc 1 191 30 is_stmt 0 view .LVU14
  74 002a 0123     		movs	r3, #1
  75 002c 1893     		str	r3, [sp, #96]
 192:Src/main.c    ****   RCC_OscInitStruct.HSICalibrationValue = RCC_HSICALIBRATION_DEFAULT;
  76              		.loc 1 192 3 is_stmt 1 view .LVU15
  77              		.loc 1 192 41 is_stmt 0 view .LVU16
  78 002e 1023     		movs	r3, #16
  79 0030 1993     		str	r3, [sp, #100]
 193:Src/main.c    ****   RCC_OscInitStruct.PLL.PLLState = RCC_PLL_ON;
  80              		.loc 1 193 3 is_stmt 1 view .LVU17
  81              		.loc 1 193 34 is_stmt 0 view .LVU18
  82 0032 0225     		movs	r5, #2
  83 0034 1B95     		str	r5, [sp, #108]
 194:Src/main.c    ****   RCC_OscInitStruct.PLL.PLLSource = RCC_PLLSOURCE_HSE;
  84              		.loc 1 194 3 is_stmt 1 view .LVU19
  85              		.loc 1 194 35 is_stmt 0 view .LVU20
  86 0036 4FF48033 		mov	r3, #65536
  87 003a 1C93     		str	r3, [sp, #112]
 195:Src/main.c    ****   RCC_OscInitStruct.PLL.PLLMUL = RCC_PLL_MUL9;
  88              		.loc 1 195 3 is_stmt 1 view .LVU21
  89              		.loc 1 195 32 is_stmt 0 view .LVU22
  90 003c 4FF4E013 		mov	r3, #1835008
  91 0040 1D93     		str	r3, [sp, #116]
ARM GAS  C:\Users\SHINRA~1\AppData\Local\Temp\ccMIYeGp.s 			page 6


 196:Src/main.c    ****   if (HAL_RCC_OscConfig(&RCC_OscInitStruct) != HAL_OK)
  92              		.loc 1 196 3 is_stmt 1 view .LVU23
  93              		.loc 1 196 7 is_stmt 0 view .LVU24
  94 0042 14A8     		add	r0, sp, #80
  95 0044 FFF7FEFF 		bl	HAL_RCC_OscConfig
  96              	.LVL1:
 197:Src/main.c    ****   {
 198:Src/main.c    ****     Error_Handler();
 199:Src/main.c    ****   }
 200:Src/main.c    ****   /** Initializes the CPU, AHB and APB busses clocks
 201:Src/main.c    ****    */
 202:Src/main.c    ****   RCC_ClkInitStruct.ClockType = RCC_CLOCKTYPE_HCLK | RCC_CLOCKTYPE_SYSCLK | RCC_CLOCKTYPE_PCLK1 | R
  97              		.loc 1 202 3 is_stmt 1 view .LVU25
  98              		.loc 1 202 31 is_stmt 0 view .LVU26
  99 0048 0F23     		movs	r3, #15
 100 004a 0F93     		str	r3, [sp, #60]
 203:Src/main.c    ****   RCC_ClkInitStruct.SYSCLKSource = RCC_SYSCLKSOURCE_PLLCLK;
 101              		.loc 1 203 3 is_stmt 1 view .LVU27
 102              		.loc 1 203 34 is_stmt 0 view .LVU28
 103 004c 1095     		str	r5, [sp, #64]
 204:Src/main.c    ****   RCC_ClkInitStruct.AHBCLKDivider = RCC_SYSCLK_DIV1;
 104              		.loc 1 204 3 is_stmt 1 view .LVU29
 105              		.loc 1 204 35 is_stmt 0 view .LVU30
 106 004e 1194     		str	r4, [sp, #68]
 205:Src/main.c    ****   RCC_ClkInitStruct.APB1CLKDivider = RCC_HCLK_DIV2;
 107              		.loc 1 205 3 is_stmt 1 view .LVU31
 108              		.loc 1 205 36 is_stmt 0 view .LVU32
 109 0050 4FF48063 		mov	r3, #1024
 110 0054 1293     		str	r3, [sp, #72]
 206:Src/main.c    ****   RCC_ClkInitStruct.APB2CLKDivider = RCC_HCLK_DIV1;
 111              		.loc 1 206 3 is_stmt 1 view .LVU33
 112              		.loc 1 206 36 is_stmt 0 view .LVU34
 113 0056 1394     		str	r4, [sp, #76]
 207:Src/main.c    **** 
 208:Src/main.c    ****   if (HAL_RCC_ClockConfig(&RCC_ClkInitStruct, FLASH_LATENCY_2) != HAL_OK)
 114              		.loc 1 208 3 is_stmt 1 view .LVU35
 115              		.loc 1 208 7 is_stmt 0 view .LVU36
 116 0058 2946     		mov	r1, r5
 117 005a 0FA8     		add	r0, sp, #60
 118 005c FFF7FEFF 		bl	HAL_RCC_ClockConfig
 119              	.LVL2:
 209:Src/main.c    ****   {
 210:Src/main.c    ****     Error_Handler();
 211:Src/main.c    ****   }
 212:Src/main.c    ****   PeriphClkInit.PeriphClockSelection = RCC_PERIPHCLK_USB | RCC_PERIPHCLK_USART2 | RCC_PERIPHCLK_UAR
 120              		.loc 1 212 3 is_stmt 1 view .LVU37
 121              		.loc 1 212 38 is_stmt 0 view .LVU38
 122 0060 054B     		ldr	r3, .L3
 123 0062 0093     		str	r3, [sp]
 213:Src/main.c    ****   PeriphClkInit.Usart2ClockSelection = RCC_USART2CLKSOURCE_PCLK1;
 124              		.loc 1 213 3 is_stmt 1 view .LVU39
 125              		.loc 1 213 38 is_stmt 0 view .LVU40
 126 0064 0394     		str	r4, [sp, #12]
 214:Src/main.c    ****   PeriphClkInit.Uart4ClockSelection = RCC_UART4CLKSOURCE_PCLK1;
 127              		.loc 1 214 3 is_stmt 1 view .LVU41
 128              		.loc 1 214 37 is_stmt 0 view .LVU42
 129 0066 0594     		str	r4, [sp, #20]
ARM GAS  C:\Users\SHINRA~1\AppData\Local\Temp\ccMIYeGp.s 			page 7


 215:Src/main.c    ****   PeriphClkInit.I2c1ClockSelection = RCC_I2C1CLKSOURCE_HSI;
 130              		.loc 1 215 3 is_stmt 1 view .LVU43
 131              		.loc 1 215 36 is_stmt 0 view .LVU44
 132 0068 0794     		str	r4, [sp, #28]
 216:Src/main.c    ****   PeriphClkInit.USBClockSelection = RCC_USBCLKSOURCE_PLL_DIV1_5;
 133              		.loc 1 216 3 is_stmt 1 view .LVU45
 134              		.loc 1 216 35 is_stmt 0 view .LVU46
 135 006a 0E94     		str	r4, [sp, #56]
 217:Src/main.c    ****   if (HAL_RCCEx_PeriphCLKConfig(&PeriphClkInit) != HAL_OK)
 136              		.loc 1 217 3 is_stmt 1 view .LVU47
 137              		.loc 1 217 7 is_stmt 0 view .LVU48
 138 006c 6846     		mov	r0, sp
 139 006e FFF7FEFF 		bl	HAL_RCCEx_PeriphCLKConfig
 140              	.LVL3:
 218:Src/main.c    ****   {
 219:Src/main.c    ****     Error_Handler();
 220:Src/main.c    ****   }
 221:Src/main.c    **** }
 141              		.loc 1 221 1 view .LVU49
 142 0072 1FB0     		add	sp, sp, #124
 143              	.LCFI2:
 144              		.cfi_def_cfa_offset 12
 145              		@ sp needed
 146 0074 30BD     		pop	{r4, r5, pc}
 147              	.L4:
 148 0076 00BF     		.align	2
 149              	.L3:
 150 0078 2A000200 		.word	131114
 151              		.cfi_endproc
 152              	.LFE127:
 154              		.section	.text.main,"ax",%progbits
 155              		.align	1
 156              		.global	main
 157              		.syntax unified
 158              		.thumb
 159              		.thumb_func
 160              		.fpu fpv4-sp-d16
 162              	main:
 163              	.LFB126:
  85:Src/main.c    ****   /* USER CODE BEGIN 1 */
 164              		.loc 1 85 1 is_stmt 1 view -0
 165              		.cfi_startproc
 166              		@ Volatile: function does not return.
 167              		@ args = 0, pretend = 0, frame = 0
 168              		@ frame_needed = 0, uses_anonymous_args = 0
 169 0000 08B5     		push	{r3, lr}
 170              	.LCFI3:
 171              		.cfi_def_cfa_offset 8
 172              		.cfi_offset 3, -8
 173              		.cfi_offset 14, -4
  93:Src/main.c    **** 
 174              		.loc 1 93 3 view .LVU51
 175 0002 FFF7FEFF 		bl	HAL_Init
 176              	.LVL4:
 100:Src/main.c    **** 
 177              		.loc 1 100 3 view .LVU52
 178 0006 FFF7FEFF 		bl	SystemClock_Config
ARM GAS  C:\Users\SHINRA~1\AppData\Local\Temp\ccMIYeGp.s 			page 8


 179              	.LVL5:
 107:Src/main.c    ****   MX_DMA_Init();
 180              		.loc 1 107 3 view .LVU53
 181 000a FFF7FEFF 		bl	MX_GPIO_Init
 182              	.LVL6:
 108:Src/main.c    ****   MX_I2C1_Init();
 183              		.loc 1 108 3 view .LVU54
 184 000e FFF7FEFF 		bl	MX_DMA_Init
 185              	.LVL7:
 109:Src/main.c    ****   MX_SPI1_Init();
 186              		.loc 1 109 3 view .LVU55
 187 0012 FFF7FEFF 		bl	MX_I2C1_Init
 188              	.LVL8:
 110:Src/main.c    ****   MX_TIM2_Init();
 189              		.loc 1 110 3 view .LVU56
 190 0016 FFF7FEFF 		bl	MX_SPI1_Init
 191              	.LVL9:
 111:Src/main.c    ****   MX_TIM3_Init();
 192              		.loc 1 111 3 view .LVU57
 193 001a FFF7FEFF 		bl	MX_TIM2_Init
 194              	.LVL10:
 112:Src/main.c    ****   MX_TIM4_Init();
 195              		.loc 1 112 3 view .LVU58
 196 001e FFF7FEFF 		bl	MX_TIM3_Init
 197              	.LVL11:
 113:Src/main.c    ****   MX_I2S2_Init();
 198              		.loc 1 113 3 view .LVU59
 199 0022 FFF7FEFF 		bl	MX_TIM4_Init
 200              	.LVL12:
 114:Src/main.c    ****   MX_UART4_Init();
 201              		.loc 1 114 3 view .LVU60
 202 0026 FFF7FEFF 		bl	MX_I2S2_Init
 203              	.LVL13:
 115:Src/main.c    ****   MX_USART2_UART_Init();
 204              		.loc 1 115 3 view .LVU61
 205 002a FFF7FEFF 		bl	MX_UART4_Init
 206              	.LVL14:
 116:Src/main.c    ****   MX_USB_DEVICE_Init();
 207              		.loc 1 116 3 view .LVU62
 208 002e FFF7FEFF 		bl	MX_USART2_UART_Init
 209              	.LVL15:
 117:Src/main.c    ****   /* USER CODE BEGIN 2 */
 210              		.loc 1 117 3 view .LVU63
 211 0032 FFF7FEFF 		bl	MX_USB_DEVICE_Init
 212              	.LVL16:
 119:Src/main.c    ****   HAL_TIM_Base_Start_IT(&htim4);
 213              		.loc 1 119 3 view .LVU64
 214 0036 3548     		ldr	r0, .L18
 215 0038 FFF7FEFF 		bl	HAL_TIM_Base_Start_IT
 216              	.LVL17:
 120:Src/main.c    ****   HAL_I2S_Receive_DMA(&hi2s2, (uint16_t *)&SignalTmp[0], 8);
 217              		.loc 1 120 3 view .LVU65
 218 003c 3448     		ldr	r0, .L18+4
 219 003e FFF7FEFF 		bl	HAL_TIM_Base_Start_IT
 220              	.LVL18:
 121:Src/main.c    ****   /* USER CODE END 2 */
 221              		.loc 1 121 3 view .LVU66
ARM GAS  C:\Users\SHINRA~1\AppData\Local\Temp\ccMIYeGp.s 			page 9


 222 0042 0822     		movs	r2, #8
 223 0044 3349     		ldr	r1, .L18+8
 224 0046 3448     		ldr	r0, .L18+12
 225 0048 FFF7FEFF 		bl	HAL_I2S_Receive_DMA
 226              	.LVL19:
 227 004c 2DE0     		b	.L11
 228              	.L17:
 129:Src/main.c    **** 
 229              		.loc 1 129 7 view .LVU67
 129:Src/main.c    **** 
 230              		.loc 1 129 21 is_stmt 0 view .LVU68
 231 004e 334B     		ldr	r3, .L18+16
 232 0050 0122     		movs	r2, #1
 233 0052 1A70     		strb	r2, [r3]
 234 0054 30E0     		b	.L6
 235              	.L8:
 140:Src/main.c    ****         HAL_GPIO_WritePin(LD7_GPIO_Port, LD7_Pin, GPIO_PIN_RESET);
 236              		.loc 1 140 9 is_stmt 1 view .LVU69
 237 0056 3248     		ldr	r0, .L18+20
 238 0058 FFF7FEFF 		bl	HAL_TIM_Base_Stop_IT
 239              	.LVL20:
 141:Src/main.c    ****         HAL_GPIO_WritePin(LD4_GPIO_Port, LD4_Pin, GPIO_PIN_RESET);
 240              		.loc 1 141 9 view .LVU70
 241 005c 314C     		ldr	r4, .L18+24
 242 005e 0022     		movs	r2, #0
 243 0060 4FF40061 		mov	r1, #2048
 244 0064 2046     		mov	r0, r4
 245 0066 FFF7FEFF 		bl	HAL_GPIO_WritePin
 246              	.LVL21:
 142:Src/main.c    ****         HAL_GPIO_WritePin(LD5_GPIO_Port, LD5_Pin, GPIO_PIN_RESET);
 247              		.loc 1 142 9 view .LVU71
 248 006a 0022     		movs	r2, #0
 249 006c 4FF48071 		mov	r1, #256
 250 0070 2046     		mov	r0, r4
 251 0072 FFF7FEFF 		bl	HAL_GPIO_WritePin
 252              	.LVL22:
 143:Src/main.c    ****       }
 253              		.loc 1 143 9 view .LVU72
 254 0076 0022     		movs	r2, #0
 255 0078 4FF48061 		mov	r1, #1024
 256 007c 2046     		mov	r0, r4
 257 007e FFF7FEFF 		bl	HAL_GPIO_WritePin
 258              	.LVL23:
 259              	.L9:
 146:Src/main.c    ****       ButtonPressed = 0;
 260              		.loc 1 146 7 view .LVU73
 146:Src/main.c    ****       ButtonPressed = 0;
 261              		.loc 1 146 20 is_stmt 0 view .LVU74
 262 0082 294A     		ldr	r2, .L18+28
 263 0084 1378     		ldrb	r3, [r2]	@ zero_extendqisi2
 264 0086 83F00103 		eor	r3, r3, #1
 265 008a 1370     		strb	r3, [r2]
 147:Src/main.c    ****     }
 266              		.loc 1 147 7 is_stmt 1 view .LVU75
 147:Src/main.c    ****     }
 267              		.loc 1 147 21 is_stmt 0 view .LVU76
 268 008c 234B     		ldr	r3, .L18+16
ARM GAS  C:\Users\SHINRA~1\AppData\Local\Temp\ccMIYeGp.s 			page 10


 269 008e 0022     		movs	r2, #0
 270 0090 1A70     		strb	r2, [r3]
 271              	.L7:
 152:Src/main.c    ****     {
 272              		.loc 1 152 5 is_stmt 1 view .LVU77
 152:Src/main.c    ****     {
 273              		.loc 1 152 9 is_stmt 0 view .LVU78
 274 0092 264B     		ldr	r3, .L18+32
 275 0094 1B78     		ldrb	r3, [r3]	@ zero_extendqisi2
 152:Src/main.c    ****     {
 276              		.loc 1 152 8 view .LVU79
 277 0096 2BB1     		cbz	r3, .L10
 154:Src/main.c    ****       // add your code: data shift [0:250]...
 278              		.loc 1 154 7 is_stmt 1 view .LVU80
 154:Src/main.c    ****       // add your code: data shift [0:250]...
 279              		.loc 1 154 17 is_stmt 0 view .LVU81
 280 0098 244B     		ldr	r3, .L18+32
 281 009a 0022     		movs	r2, #0
 282 009c 1A70     		strb	r2, [r3]
 156:Src/main.c    ****       {
 283              		.loc 1 156 7 is_stmt 1 view .LVU82
 156:Src/main.c    ****       {
 284              		.loc 1 156 11 is_stmt 0 view .LVU83
 285 009e 224B     		ldr	r3, .L18+28
 286 00a0 1B78     		ldrb	r3, [r3]	@ zero_extendqisi2
 156:Src/main.c    ****       {
 287              		.loc 1 156 10 view .LVU84
 288 00a2 DBB9     		cbnz	r3, .L15
 289              	.L10:
 162:Src/main.c    ****     {
 290              		.loc 1 162 5 is_stmt 1 view .LVU85
 162:Src/main.c    ****     {
 291              		.loc 1 162 9 is_stmt 0 view .LVU86
 292 00a4 224B     		ldr	r3, .L18+36
 293 00a6 1B78     		ldrb	r3, [r3]	@ zero_extendqisi2
 162:Src/main.c    ****     {
 294              		.loc 1 162 8 view .LVU87
 295 00a8 03BB     		cbnz	r3, .L16
 296              	.L11:
 126:Src/main.c    ****   {
 297              		.loc 1 126 3 is_stmt 1 view .LVU88
 128:Src/main.c    ****       ButtonPressed = 1;
 298              		.loc 1 128 5 view .LVU89
 128:Src/main.c    ****       ButtonPressed = 1;
 299              		.loc 1 128 9 is_stmt 0 view .LVU90
 300 00aa 4FF48071 		mov	r1, #256
 301 00ae 2148     		ldr	r0, .L18+40
 302 00b0 FFF7FEFF 		bl	HAL_GPIO_ReadPin
 303              	.LVL24:
 128:Src/main.c    ****       ButtonPressed = 1;
 304              		.loc 1 128 8 view .LVU91
 305 00b4 0128     		cmp	r0, #1
 306 00b6 CAD0     		beq	.L17
 307              	.L6:
 131:Src/main.c    ****     {
 308              		.loc 1 131 5 is_stmt 1 view .LVU92
 131:Src/main.c    ****     {
ARM GAS  C:\Users\SHINRA~1\AppData\Local\Temp\ccMIYeGp.s 			page 11


 309              		.loc 1 131 9 is_stmt 0 view .LVU93
 310 00b8 184B     		ldr	r3, .L18+16
 311 00ba 1B78     		ldrb	r3, [r3]	@ zero_extendqisi2
 131:Src/main.c    ****     {
 312              		.loc 1 131 8 view .LVU94
 313 00bc 002B     		cmp	r3, #0
 314 00be E8D0     		beq	.L7
 133:Src/main.c    ****       {
 315              		.loc 1 133 7 is_stmt 1 view .LVU95
 133:Src/main.c    ****       {
 316              		.loc 1 133 11 is_stmt 0 view .LVU96
 317 00c0 194B     		ldr	r3, .L18+28
 318 00c2 1B78     		ldrb	r3, [r3]	@ zero_extendqisi2
 133:Src/main.c    ****       {
 319              		.loc 1 133 10 view .LVU97
 320 00c4 002B     		cmp	r3, #0
 321 00c6 C6D1     		bne	.L8
 135:Src/main.c    ****         HAL_GPIO_WritePin(LD7_GPIO_Port, LD7_Pin, GPIO_PIN_SET);
 322              		.loc 1 135 9 is_stmt 1 view .LVU98
 323 00c8 1548     		ldr	r0, .L18+20
 324 00ca FFF7FEFF 		bl	HAL_TIM_Base_Start_IT
 325              	.LVL25:
 136:Src/main.c    ****       }
 326              		.loc 1 136 9 view .LVU99
 327 00ce 0122     		movs	r2, #1
 328 00d0 4FF40061 		mov	r1, #2048
 329 00d4 1348     		ldr	r0, .L18+24
 330 00d6 FFF7FEFF 		bl	HAL_GPIO_WritePin
 331              	.LVL26:
 332 00da D2E7     		b	.L9
 333              	.L15:
 334              	.LBB2:
 158:Src/main.c    ****         BlinkLED(3);
 335              		.loc 1 158 9 view .LVU100
 336 00dc 2021     		movs	r1, #32
 337 00de 0D48     		ldr	r0, .L18+8
 338 00e0 FFF7FEFF 		bl	CDC_Transmit_FS
 339              	.LVL27:
 159:Src/main.c    ****       }
 340              		.loc 1 159 9 view .LVU101
 341 00e4 0320     		movs	r0, #3
 342 00e6 FFF7FEFF 		bl	BlinkLED
 343              	.LVL28:
 344 00ea DBE7     		b	.L10
 345              	.L16:
 346              	.LBE2:
 164:Src/main.c    ****       // add your code: data shift [250:500]...
 347              		.loc 1 164 7 view .LVU102
 164:Src/main.c    ****       // add your code: data shift [250:500]...
 348              		.loc 1 164 17 is_stmt 0 view .LVU103
 349 00ec 104B     		ldr	r3, .L18+36
 350 00ee 0022     		movs	r2, #0
 351 00f0 1A70     		strb	r2, [r3]
 166:Src/main.c    ****       {
 352              		.loc 1 166 7 is_stmt 1 view .LVU104
 166:Src/main.c    ****       {
 353              		.loc 1 166 11 is_stmt 0 view .LVU105
ARM GAS  C:\Users\SHINRA~1\AppData\Local\Temp\ccMIYeGp.s 			page 12


 354 00f2 0D4B     		ldr	r3, .L18+28
 355 00f4 1B78     		ldrb	r3, [r3]	@ zero_extendqisi2
 166:Src/main.c    ****       {
 356              		.loc 1 166 10 view .LVU106
 357 00f6 002B     		cmp	r3, #0
 358 00f8 D7D0     		beq	.L11
 359              	.LBB3:
 168:Src/main.c    ****         BlinkLED(4);
 360              		.loc 1 168 9 is_stmt 1 view .LVU107
 361 00fa 2021     		movs	r1, #32
 362 00fc 0E48     		ldr	r0, .L18+44
 363 00fe FFF7FEFF 		bl	CDC_Transmit_FS
 364              	.LVL29:
 169:Src/main.c    ****       }
 365              		.loc 1 169 9 view .LVU108
 366 0102 0420     		movs	r0, #4
 367 0104 FFF7FEFF 		bl	BlinkLED
 368              	.LVL30:
 369 0108 CFE7     		b	.L11
 370              	.L19:
 371 010a 00BF     		.align	2
 372              	.L18:
 373 010c 00000000 		.word	htim3
 374 0110 00000000 		.word	htim4
 375 0114 00000000 		.word	.LANCHOR0
 376 0118 00000000 		.word	hi2s2
 377 011c 00000000 		.word	.LANCHOR1
 378 0120 00000000 		.word	htim2
 379 0124 00100048 		.word	1207963648
 380 0128 00000000 		.word	.LANCHOR2
 381 012c 00000000 		.word	.LANCHOR3
 382 0130 00000000 		.word	.LANCHOR4
 383 0134 00080048 		.word	1207961600
 384 0138 20000000 		.word	.LANCHOR0+32
 385              	.LBE3:
 386              		.cfi_endproc
 387              	.LFE126:
 389              		.section	.text.HAL_I2S_RxHalfCpltCallback,"ax",%progbits
 390              		.align	1
 391              		.global	HAL_I2S_RxHalfCpltCallback
 392              		.syntax unified
 393              		.thumb
 394              		.thumb_func
 395              		.fpu fpv4-sp-d16
 397              	HAL_I2S_RxHalfCpltCallback:
 398              	.LVL31:
 399              	.LFB128:
 222:Src/main.c    **** 
 223:Src/main.c    **** /* USER CODE BEGIN 4 */
 224:Src/main.c    **** void HAL_I2S_RxHalfCpltCallback(I2S_HandleTypeDef *hi2s)
 225:Src/main.c    **** {
 400              		.loc 1 225 1 view -0
 401              		.cfi_startproc
 402              		@ args = 0, pretend = 0, frame = 0
 403              		@ frame_needed = 0, uses_anonymous_args = 0
 404              		@ link register save eliminated.
 226:Src/main.c    ****   FLAG_half = 1; // fill buffer half
ARM GAS  C:\Users\SHINRA~1\AppData\Local\Temp\ccMIYeGp.s 			page 13


 405              		.loc 1 226 3 view .LVU110
 406              		.loc 1 226 13 is_stmt 0 view .LVU111
 407 0000 014B     		ldr	r3, .L21
 408 0002 0122     		movs	r2, #1
 409 0004 1A70     		strb	r2, [r3]
 227:Src/main.c    **** }
 410              		.loc 1 227 1 view .LVU112
 411 0006 7047     		bx	lr
 412              	.L22:
 413              		.align	2
 414              	.L21:
 415 0008 00000000 		.word	.LANCHOR3
 416              		.cfi_endproc
 417              	.LFE128:
 419              		.section	.text.HAL_I2S_RxCpltCallback,"ax",%progbits
 420              		.align	1
 421              		.global	HAL_I2S_RxCpltCallback
 422              		.syntax unified
 423              		.thumb
 424              		.thumb_func
 425              		.fpu fpv4-sp-d16
 427              	HAL_I2S_RxCpltCallback:
 428              	.LVL32:
 429              	.LFB129:
 228:Src/main.c    **** 
 229:Src/main.c    **** void HAL_I2S_RxCpltCallback(I2S_HandleTypeDef *hi2s)
 230:Src/main.c    **** {
 430              		.loc 1 230 1 is_stmt 1 view -0
 431              		.cfi_startproc
 432              		@ args = 0, pretend = 0, frame = 0
 433              		@ frame_needed = 0, uses_anonymous_args = 0
 434              		@ link register save eliminated.
 231:Src/main.c    ****   FLAG_comp = 1;
 435              		.loc 1 231 3 view .LVU114
 436              		.loc 1 231 13 is_stmt 0 view .LVU115
 437 0000 014B     		ldr	r3, .L24
 438 0002 0122     		movs	r2, #1
 439 0004 1A70     		strb	r2, [r3]
 232:Src/main.c    **** }
 440              		.loc 1 232 1 view .LVU116
 441 0006 7047     		bx	lr
 442              	.L25:
 443              		.align	2
 444              	.L24:
 445 0008 00000000 		.word	.LANCHOR4
 446              		.cfi_endproc
 447              	.LFE129:
 449              		.section	.text.Error_Handler,"ax",%progbits
 450              		.align	1
 451              		.global	Error_Handler
 452              		.syntax unified
 453              		.thumb
 454              		.thumb_func
 455              		.fpu fpv4-sp-d16
 457              	Error_Handler:
 458              	.LFB130:
 233:Src/main.c    **** /* USER CODE END 4 */
ARM GAS  C:\Users\SHINRA~1\AppData\Local\Temp\ccMIYeGp.s 			page 14


 234:Src/main.c    **** 
 235:Src/main.c    **** /**
 236:Src/main.c    ****  * @brief  This function is executed in case of error occurrence.
 237:Src/main.c    ****  * @retval None
 238:Src/main.c    ****  */
 239:Src/main.c    **** void Error_Handler(void)
 240:Src/main.c    **** {
 459              		.loc 1 240 1 is_stmt 1 view -0
 460              		.cfi_startproc
 461              		@ args = 0, pretend = 0, frame = 0
 462              		@ frame_needed = 0, uses_anonymous_args = 0
 463              		@ link register save eliminated.
 241:Src/main.c    ****   /* USER CODE BEGIN Error_Handler_Debug */
 242:Src/main.c    ****   /* User can add his own implementation to report the HAL error return state */
 243:Src/main.c    **** 
 244:Src/main.c    ****   /* USER CODE END Error_Handler_Debug */
 245:Src/main.c    **** }
 464              		.loc 1 245 1 view .LVU118
 465 0000 7047     		bx	lr
 466              		.cfi_endproc
 467              	.LFE130:
 469              		.global	FLAG_comp
 470              		.global	FLAG_half
 471              		.global	SignalTmp
 472              		.global	TransferFlag
 473              		.global	ButtonPressed
 474              		.global	TX_Flag
 475              		.global	JP1_MODE
 476              		.global	JP2_MODE
 477              		.section	.bss.ButtonPressed,"aw",%nobits
 478              		.set	.LANCHOR1,. + 0
 481              	ButtonPressed:
 482 0000 00       		.space	1
 483              		.section	.bss.FLAG_comp,"aw",%nobits
 484              		.set	.LANCHOR4,. + 0
 487              	FLAG_comp:
 488 0000 00       		.space	1
 489              		.section	.bss.FLAG_half,"aw",%nobits
 490              		.set	.LANCHOR3,. + 0
 493              	FLAG_half:
 494 0000 00       		.space	1
 495              		.section	.bss.JP1_MODE,"aw",%nobits
 498              	JP1_MODE:
 499 0000 00       		.space	1
 500              		.section	.bss.JP2_MODE,"aw",%nobits
 503              	JP2_MODE:
 504 0000 00       		.space	1
 505              		.section	.bss.SignalTmp,"aw",%nobits
 506              		.align	2
 507              		.set	.LANCHOR0,. + 0
 510              	SignalTmp:
 511 0000 00000000 		.space	128
 511      00000000 
 511      00000000 
 511      00000000 
 511      00000000 
 512              		.section	.bss.TX_Flag,"aw",%nobits
ARM GAS  C:\Users\SHINRA~1\AppData\Local\Temp\ccMIYeGp.s 			page 15


 515              	TX_Flag:
 516 0000 00       		.space	1
 517              		.section	.bss.TransferFlag,"aw",%nobits
 518              		.set	.LANCHOR2,. + 0
 521              	TransferFlag:
 522 0000 00       		.space	1
 523              		.text
 524              	.Letext0:
 525              		.file 2 "c:\\program files (x86)\\gnu tools arm embedded\\9 2019-q4-major\\arm-none-eabi\\include\
 526              		.file 3 "c:\\program files (x86)\\gnu tools arm embedded\\9 2019-q4-major\\arm-none-eabi\\include\
 527              		.file 4 "Drivers/CMSIS/Include/core_cm4.h"
 528              		.file 5 "Drivers/CMSIS/Device/ST/STM32F3xx/Include/system_stm32f3xx.h"
 529              		.file 6 "Drivers/CMSIS/Device/ST/STM32F3xx/Include/stm32f303xc.h"
 530              		.file 7 "c:\\program files (x86)\\gnu tools arm embedded\\9 2019-q4-major\\arm-none-eabi\\include\
 531              		.file 8 "c:\\program files (x86)\\gnu tools arm embedded\\9 2019-q4-major\\arm-none-eabi\\include\
 532              		.file 9 "c:\\program files (x86)\\gnu tools arm embedded\\9 2019-q4-major\\lib\\gcc\\arm-none-eabi
 533              		.file 10 "c:\\program files (x86)\\gnu tools arm embedded\\9 2019-q4-major\\arm-none-eabi\\include
 534              		.file 11 "Drivers/STM32F3xx_HAL_Driver/Inc/stm32f3xx_hal_def.h"
 535              		.file 12 "Drivers/STM32F3xx_HAL_Driver/Inc/stm32f3xx_hal_rcc.h"
 536              		.file 13 "Drivers/STM32F3xx_HAL_Driver/Inc/stm32f3xx_hal_rcc_ex.h"
 537              		.file 14 "Drivers/STM32F3xx_HAL_Driver/Inc/stm32f3xx_hal_gpio.h"
 538              		.file 15 "Drivers/STM32F3xx_HAL_Driver/Inc/stm32f3xx_hal_dma.h"
 539              		.file 16 "Drivers/STM32F3xx_HAL_Driver/Inc/stm32f3xx_hal_i2c.h"
 540              		.file 17 "Drivers/STM32F3xx_HAL_Driver/Inc/stm32f3xx_hal_i2s.h"
 541              		.file 18 "Drivers/STM32F3xx_HAL_Driver/Inc/stm32f3xx_hal_spi.h"
 542              		.file 19 "Drivers/STM32F3xx_HAL_Driver/Inc/stm32f3xx_hal_tim.h"
 543              		.file 20 "Drivers/STM32F3xx_HAL_Driver/Inc/stm32f3xx_hal_uart.h"
 544              		.file 21 "Drivers/STM32F3xx_HAL_Driver/Inc/stm32f3xx_hal.h"
 545              		.file 22 "Inc/i2c.h"
 546              		.file 23 "Inc/i2s.h"
 547              		.file 24 "Inc/spi.h"
 548              		.file 25 "Inc/tim.h"
 549              		.file 26 "Inc/usart.h"
 550              		.file 27 "c:\\program files (x86)\\gnu tools arm embedded\\9 2019-q4-major\\arm-none-eabi\\include
 551              		.file 28 "Inc/led.h"
 552              		.file 29 "Inc/gpio.h"
 553              		.file 30 "Inc/dma.h"
 554              		.file 31 "Inc/usb_device.h"
 555              		.file 32 "<built-in>"
ARM GAS  C:\Users\SHINRA~1\AppData\Local\Temp\ccMIYeGp.s 			page 16


DEFINED SYMBOLS
                            *ABS*:00000000 main.c
C:\Users\SHINRA~1\AppData\Local\Temp\ccMIYeGp.s:18     .text.SystemClock_Config:00000000 $t
C:\Users\SHINRA~1\AppData\Local\Temp\ccMIYeGp.s:26     .text.SystemClock_Config:00000000 SystemClock_Config
C:\Users\SHINRA~1\AppData\Local\Temp\ccMIYeGp.s:150    .text.SystemClock_Config:00000078 $d
C:\Users\SHINRA~1\AppData\Local\Temp\ccMIYeGp.s:155    .text.main:00000000 $t
C:\Users\SHINRA~1\AppData\Local\Temp\ccMIYeGp.s:162    .text.main:00000000 main
C:\Users\SHINRA~1\AppData\Local\Temp\ccMIYeGp.s:373    .text.main:0000010c $d
C:\Users\SHINRA~1\AppData\Local\Temp\ccMIYeGp.s:390    .text.HAL_I2S_RxHalfCpltCallback:00000000 $t
C:\Users\SHINRA~1\AppData\Local\Temp\ccMIYeGp.s:397    .text.HAL_I2S_RxHalfCpltCallback:00000000 HAL_I2S_RxHalfCpltCallback
C:\Users\SHINRA~1\AppData\Local\Temp\ccMIYeGp.s:415    .text.HAL_I2S_RxHalfCpltCallback:00000008 $d
C:\Users\SHINRA~1\AppData\Local\Temp\ccMIYeGp.s:420    .text.HAL_I2S_RxCpltCallback:00000000 $t
C:\Users\SHINRA~1\AppData\Local\Temp\ccMIYeGp.s:427    .text.HAL_I2S_RxCpltCallback:00000000 HAL_I2S_RxCpltCallback
C:\Users\SHINRA~1\AppData\Local\Temp\ccMIYeGp.s:445    .text.HAL_I2S_RxCpltCallback:00000008 $d
C:\Users\SHINRA~1\AppData\Local\Temp\ccMIYeGp.s:450    .text.Error_Handler:00000000 $t
C:\Users\SHINRA~1\AppData\Local\Temp\ccMIYeGp.s:457    .text.Error_Handler:00000000 Error_Handler
C:\Users\SHINRA~1\AppData\Local\Temp\ccMIYeGp.s:487    .bss.FLAG_comp:00000000 FLAG_comp
C:\Users\SHINRA~1\AppData\Local\Temp\ccMIYeGp.s:493    .bss.FLAG_half:00000000 FLAG_half
C:\Users\SHINRA~1\AppData\Local\Temp\ccMIYeGp.s:510    .bss.SignalTmp:00000000 SignalTmp
C:\Users\SHINRA~1\AppData\Local\Temp\ccMIYeGp.s:521    .bss.TransferFlag:00000000 TransferFlag
C:\Users\SHINRA~1\AppData\Local\Temp\ccMIYeGp.s:481    .bss.ButtonPressed:00000000 ButtonPressed
C:\Users\SHINRA~1\AppData\Local\Temp\ccMIYeGp.s:515    .bss.TX_Flag:00000000 TX_Flag
C:\Users\SHINRA~1\AppData\Local\Temp\ccMIYeGp.s:498    .bss.JP1_MODE:00000000 JP1_MODE
C:\Users\SHINRA~1\AppData\Local\Temp\ccMIYeGp.s:503    .bss.JP2_MODE:00000000 JP2_MODE
C:\Users\SHINRA~1\AppData\Local\Temp\ccMIYeGp.s:482    .bss.ButtonPressed:00000000 $d
C:\Users\SHINRA~1\AppData\Local\Temp\ccMIYeGp.s:488    .bss.FLAG_comp:00000000 $d
C:\Users\SHINRA~1\AppData\Local\Temp\ccMIYeGp.s:494    .bss.FLAG_half:00000000 $d
C:\Users\SHINRA~1\AppData\Local\Temp\ccMIYeGp.s:499    .bss.JP1_MODE:00000000 $d
C:\Users\SHINRA~1\AppData\Local\Temp\ccMIYeGp.s:504    .bss.JP2_MODE:00000000 $d
C:\Users\SHINRA~1\AppData\Local\Temp\ccMIYeGp.s:506    .bss.SignalTmp:00000000 $d
C:\Users\SHINRA~1\AppData\Local\Temp\ccMIYeGp.s:516    .bss.TX_Flag:00000000 $d
C:\Users\SHINRA~1\AppData\Local\Temp\ccMIYeGp.s:522    .bss.TransferFlag:00000000 $d

UNDEFINED SYMBOLS
memset
HAL_RCC_OscConfig
HAL_RCC_ClockConfig
HAL_RCCEx_PeriphCLKConfig
HAL_Init
MX_GPIO_Init
MX_DMA_Init
MX_I2C1_Init
MX_SPI1_Init
MX_TIM2_Init
MX_TIM3_Init
MX_TIM4_Init
MX_I2S2_Init
MX_UART4_Init
MX_USART2_UART_Init
MX_USB_DEVICE_Init
HAL_TIM_Base_Start_IT
HAL_I2S_Receive_DMA
HAL_TIM_Base_Stop_IT
HAL_GPIO_WritePin
HAL_GPIO_ReadPin
CDC_Transmit_FS
BlinkLED
ARM GAS  C:\Users\SHINRA~1\AppData\Local\Temp\ccMIYeGp.s 			page 17


htim3
htim4
hi2s2
htim2
