ARM GAS  C:\Users\SHINRA~1\AppData\Local\Temp\ccFpKnn1.s 			page 1


   1              		.cpu cortex-m4
   2              		.eabi_attribute 27, 1
   3              		.eabi_attribute 28, 1
   4              		.eabi_attribute 20, 1
   5              		.eabi_attribute 21, 1
   6              		.eabi_attribute 23, 3
   7              		.eabi_attribute 24, 1
   8              		.eabi_attribute 25, 1
   9              		.eabi_attribute 26, 1
  10              		.eabi_attribute 30, 1
  11              		.eabi_attribute 34, 1
  12              		.eabi_attribute 18, 4
  13              		.file	"stm32f3xx_it.c"
  14              		.text
  15              	.Ltext0:
  16              		.cfi_sections	.debug_frame
  17              		.section	.text.NMI_Handler,"ax",%progbits
  18              		.align	1
  19              		.global	NMI_Handler
  20              		.arch armv7e-m
  21              		.syntax unified
  22              		.thumb
  23              		.thumb_func
  24              		.fpu fpv4-sp-d16
  26              	NMI_Handler:
  27              	.LFB126:
  28              		.file 1 "Src/stm32f3xx_it.c"
   1:Src/stm32f3xx_it.c **** /* USER CODE BEGIN Header */
   2:Src/stm32f3xx_it.c **** /**
   3:Src/stm32f3xx_it.c ****  ******************************************************************************
   4:Src/stm32f3xx_it.c ****  * @file    stm32f3xx_it.c
   5:Src/stm32f3xx_it.c ****  * @brief   Interrupt Service Routines.
   6:Src/stm32f3xx_it.c ****  ******************************************************************************
   7:Src/stm32f3xx_it.c ****  * @attention
   8:Src/stm32f3xx_it.c ****  *
   9:Src/stm32f3xx_it.c ****  * <h2><center>&copy; Copyright (c) 2022 STMicroelectronics.
  10:Src/stm32f3xx_it.c ****  * All rights reserved.</center></h2>
  11:Src/stm32f3xx_it.c ****  *
  12:Src/stm32f3xx_it.c ****  * This software component is licensed by ST under Ultimate Liberty license
  13:Src/stm32f3xx_it.c ****  * SLA0044, the "License"; You may not use this file except in compliance with
  14:Src/stm32f3xx_it.c ****  * the License. You may obtain a copy of the License at:
  15:Src/stm32f3xx_it.c ****  *                             www.st.com/SLA0044
  16:Src/stm32f3xx_it.c ****  *
  17:Src/stm32f3xx_it.c ****  ******************************************************************************
  18:Src/stm32f3xx_it.c ****  */
  19:Src/stm32f3xx_it.c **** /* USER CODE END Header */
  20:Src/stm32f3xx_it.c **** 
  21:Src/stm32f3xx_it.c **** /* Includes ------------------------------------------------------------------*/
  22:Src/stm32f3xx_it.c **** #include "main.h"
  23:Src/stm32f3xx_it.c **** #include "stm32f3xx_it.h"
  24:Src/stm32f3xx_it.c **** /* Private includes ----------------------------------------------------------*/
  25:Src/stm32f3xx_it.c **** /* USER CODE BEGIN Includes */
  26:Src/stm32f3xx_it.c **** /* USER CODE END Includes */
  27:Src/stm32f3xx_it.c **** 
  28:Src/stm32f3xx_it.c **** /* Private typedef -----------------------------------------------------------*/
  29:Src/stm32f3xx_it.c **** /* USER CODE BEGIN TD */
  30:Src/stm32f3xx_it.c **** 
ARM GAS  C:\Users\SHINRA~1\AppData\Local\Temp\ccFpKnn1.s 			page 2


  31:Src/stm32f3xx_it.c **** /* USER CODE END TD */
  32:Src/stm32f3xx_it.c **** 
  33:Src/stm32f3xx_it.c **** /* Private define ------------------------------------------------------------*/
  34:Src/stm32f3xx_it.c **** /* USER CODE BEGIN PD */
  35:Src/stm32f3xx_it.c **** #define SampleRate 10
  36:Src/stm32f3xx_it.c **** /* USER CODE END PD */
  37:Src/stm32f3xx_it.c **** 
  38:Src/stm32f3xx_it.c **** /* Private macro -------------------------------------------------------------*/
  39:Src/stm32f3xx_it.c **** /* USER CODE BEGIN PM */
  40:Src/stm32f3xx_it.c **** 
  41:Src/stm32f3xx_it.c **** /* USER CODE END PM */
  42:Src/stm32f3xx_it.c **** 
  43:Src/stm32f3xx_it.c **** /* Private variables ---------------------------------------------------------*/
  44:Src/stm32f3xx_it.c **** /* USER CODE BEGIN PV */
  45:Src/stm32f3xx_it.c **** uint8_t ABuf[64] = {0x00};
  46:Src/stm32f3xx_it.c **** uint8_t BBuf[64] = {0x00};
  47:Src/stm32f3xx_it.c **** uint8_t NextBuf = 0;
  48:Src/stm32f3xx_it.c **** 
  49:Src/stm32f3xx_it.c **** uint32_t SignalAvg = 0;
  50:Src/stm32f3xx_it.c **** uint32_t SignalL = 0, signalR = 0;
  51:Src/stm32f3xx_it.c **** 
  52:Src/stm32f3xx_it.c **** uint8_t skip = 0;
  53:Src/stm32f3xx_it.c **** uint8_t t4tick = 0;
  54:Src/stm32f3xx_it.c **** uint8_t txidx = 0;
  55:Src/stm32f3xx_it.c **** /* USER CODE END PV */
  56:Src/stm32f3xx_it.c **** 
  57:Src/stm32f3xx_it.c **** /* Private function prototypes -----------------------------------------------*/
  58:Src/stm32f3xx_it.c **** /* USER CODE BEGIN PFP */
  59:Src/stm32f3xx_it.c **** 
  60:Src/stm32f3xx_it.c **** /* USER CODE END PFP */
  61:Src/stm32f3xx_it.c **** 
  62:Src/stm32f3xx_it.c **** /* Private user code ---------------------------------------------------------*/
  63:Src/stm32f3xx_it.c **** /* USER CODE BEGIN 0 */
  64:Src/stm32f3xx_it.c **** extern uint8_t SignalTmp[192];
  65:Src/stm32f3xx_it.c **** extern uint32_t SignalVal;
  66:Src/stm32f3xx_it.c **** extern uint16_t DMABufSize;
  67:Src/stm32f3xx_it.c **** 
  68:Src/stm32f3xx_it.c **** extern uint8_t JP2_MODE, JP1_MODE;
  69:Src/stm32f3xx_it.c **** extern uint16_t ADC_Values[4];
  70:Src/stm32f3xx_it.c **** uint8_t t2cnt = 0;
  71:Src/stm32f3xx_it.c **** uint16_t val = 0;
  72:Src/stm32f3xx_it.c **** uint8_t up = 0;
  73:Src/stm32f3xx_it.c **** uint16_t cdctick = 0;
  74:Src/stm32f3xx_it.c **** extern uint16_t TxFrame[32];
  75:Src/stm32f3xx_it.c **** extern uint8_t TX_Flag;
  76:Src/stm32f3xx_it.c **** extern uint8_t TXBuf[64];
  77:Src/stm32f3xx_it.c **** /* USER CODE END 0 */
  78:Src/stm32f3xx_it.c **** 
  79:Src/stm32f3xx_it.c **** /* External variables --------------------------------------------------------*/
  80:Src/stm32f3xx_it.c **** extern PCD_HandleTypeDef hpcd_USB_FS;
  81:Src/stm32f3xx_it.c **** extern DMA_HandleTypeDef hdma_spi2_rx;
  82:Src/stm32f3xx_it.c **** extern DMA_HandleTypeDef hdma_spi2_tx;
  83:Src/stm32f3xx_it.c **** extern I2S_HandleTypeDef hi2s2;
  84:Src/stm32f3xx_it.c **** extern TIM_HandleTypeDef htim2;
  85:Src/stm32f3xx_it.c **** extern TIM_HandleTypeDef htim3;
  86:Src/stm32f3xx_it.c **** extern TIM_HandleTypeDef htim4;
  87:Src/stm32f3xx_it.c **** extern UART_HandleTypeDef huart2;
ARM GAS  C:\Users\SHINRA~1\AppData\Local\Temp\ccFpKnn1.s 			page 3


  88:Src/stm32f3xx_it.c **** /* USER CODE BEGIN EV */
  89:Src/stm32f3xx_it.c **** 
  90:Src/stm32f3xx_it.c **** /* USER CODE END EV */
  91:Src/stm32f3xx_it.c **** 
  92:Src/stm32f3xx_it.c **** /******************************************************************************/
  93:Src/stm32f3xx_it.c **** /*           Cortex-M4 Processor Interruption and Exception Handlers          */
  94:Src/stm32f3xx_it.c **** /******************************************************************************/
  95:Src/stm32f3xx_it.c **** /**
  96:Src/stm32f3xx_it.c ****  * @brief This function handles Non maskable interrupt.
  97:Src/stm32f3xx_it.c ****  */
  98:Src/stm32f3xx_it.c **** void NMI_Handler(void)
  99:Src/stm32f3xx_it.c **** {
  29              		.loc 1 99 1 view -0
  30              		.cfi_startproc
  31              		@ args = 0, pretend = 0, frame = 0
  32              		@ frame_needed = 0, uses_anonymous_args = 0
  33              		@ link register save eliminated.
 100:Src/stm32f3xx_it.c ****   /* USER CODE BEGIN NonMaskableInt_IRQn 0 */
 101:Src/stm32f3xx_it.c **** 
 102:Src/stm32f3xx_it.c ****   /* USER CODE END NonMaskableInt_IRQn 0 */
 103:Src/stm32f3xx_it.c ****   /* USER CODE BEGIN NonMaskableInt_IRQn 1 */
 104:Src/stm32f3xx_it.c **** 
 105:Src/stm32f3xx_it.c ****   /* USER CODE END NonMaskableInt_IRQn 1 */
 106:Src/stm32f3xx_it.c **** }
  34              		.loc 1 106 1 view .LVU1
  35 0000 7047     		bx	lr
  36              		.cfi_endproc
  37              	.LFE126:
  39              		.section	.text.HardFault_Handler,"ax",%progbits
  40              		.align	1
  41              		.global	HardFault_Handler
  42              		.syntax unified
  43              		.thumb
  44              		.thumb_func
  45              		.fpu fpv4-sp-d16
  47              	HardFault_Handler:
  48              	.LFB127:
 107:Src/stm32f3xx_it.c **** 
 108:Src/stm32f3xx_it.c **** /**
 109:Src/stm32f3xx_it.c ****  * @brief This function handles Hard fault interrupt.
 110:Src/stm32f3xx_it.c ****  */
 111:Src/stm32f3xx_it.c **** void HardFault_Handler(void)
 112:Src/stm32f3xx_it.c **** {
  49              		.loc 1 112 1 view -0
  50              		.cfi_startproc
  51              		@ Volatile: function does not return.
  52              		@ args = 0, pretend = 0, frame = 0
  53              		@ frame_needed = 0, uses_anonymous_args = 0
  54              		@ link register save eliminated.
  55              	.L3:
 113:Src/stm32f3xx_it.c ****   /* USER CODE BEGIN HardFault_IRQn 0 */
 114:Src/stm32f3xx_it.c **** 
 115:Src/stm32f3xx_it.c ****   /* USER CODE END HardFault_IRQn 0 */
 116:Src/stm32f3xx_it.c ****   while (1)
  56              		.loc 1 116 3 discriminator 1 view .LVU3
 117:Src/stm32f3xx_it.c ****   {
 118:Src/stm32f3xx_it.c ****     /* USER CODE BEGIN W1_HardFault_IRQn 0 */
ARM GAS  C:\Users\SHINRA~1\AppData\Local\Temp\ccFpKnn1.s 			page 4


 119:Src/stm32f3xx_it.c ****     /* USER CODE END W1_HardFault_IRQn 0 */
 120:Src/stm32f3xx_it.c ****   }
  57              		.loc 1 120 3 discriminator 1 view .LVU4
 116:Src/stm32f3xx_it.c ****   {
  58              		.loc 1 116 9 discriminator 1 view .LVU5
  59 0000 FEE7     		b	.L3
  60              		.cfi_endproc
  61              	.LFE127:
  63              		.section	.text.MemManage_Handler,"ax",%progbits
  64              		.align	1
  65              		.global	MemManage_Handler
  66              		.syntax unified
  67              		.thumb
  68              		.thumb_func
  69              		.fpu fpv4-sp-d16
  71              	MemManage_Handler:
  72              	.LFB128:
 121:Src/stm32f3xx_it.c **** }
 122:Src/stm32f3xx_it.c **** 
 123:Src/stm32f3xx_it.c **** /**
 124:Src/stm32f3xx_it.c ****  * @brief This function handles Memory management fault.
 125:Src/stm32f3xx_it.c ****  */
 126:Src/stm32f3xx_it.c **** void MemManage_Handler(void)
 127:Src/stm32f3xx_it.c **** {
  73              		.loc 1 127 1 view -0
  74              		.cfi_startproc
  75              		@ Volatile: function does not return.
  76              		@ args = 0, pretend = 0, frame = 0
  77              		@ frame_needed = 0, uses_anonymous_args = 0
  78              		@ link register save eliminated.
  79              	.L5:
 128:Src/stm32f3xx_it.c ****   /* USER CODE BEGIN MemoryManagement_IRQn 0 */
 129:Src/stm32f3xx_it.c **** 
 130:Src/stm32f3xx_it.c ****   /* USER CODE END MemoryManagement_IRQn 0 */
 131:Src/stm32f3xx_it.c ****   while (1)
  80              		.loc 1 131 3 discriminator 1 view .LVU7
 132:Src/stm32f3xx_it.c ****   {
 133:Src/stm32f3xx_it.c ****     /* USER CODE BEGIN W1_MemoryManagement_IRQn 0 */
 134:Src/stm32f3xx_it.c ****     /* USER CODE END W1_MemoryManagement_IRQn 0 */
 135:Src/stm32f3xx_it.c ****   }
  81              		.loc 1 135 3 discriminator 1 view .LVU8
 131:Src/stm32f3xx_it.c ****   {
  82              		.loc 1 131 9 discriminator 1 view .LVU9
  83 0000 FEE7     		b	.L5
  84              		.cfi_endproc
  85              	.LFE128:
  87              		.section	.text.BusFault_Handler,"ax",%progbits
  88              		.align	1
  89              		.global	BusFault_Handler
  90              		.syntax unified
  91              		.thumb
  92              		.thumb_func
  93              		.fpu fpv4-sp-d16
  95              	BusFault_Handler:
  96              	.LFB129:
 136:Src/stm32f3xx_it.c **** }
 137:Src/stm32f3xx_it.c **** 
ARM GAS  C:\Users\SHINRA~1\AppData\Local\Temp\ccFpKnn1.s 			page 5


 138:Src/stm32f3xx_it.c **** /**
 139:Src/stm32f3xx_it.c ****  * @brief This function handles Pre-fetch fault, memory access fault.
 140:Src/stm32f3xx_it.c ****  */
 141:Src/stm32f3xx_it.c **** void BusFault_Handler(void)
 142:Src/stm32f3xx_it.c **** {
  97              		.loc 1 142 1 view -0
  98              		.cfi_startproc
  99              		@ Volatile: function does not return.
 100              		@ args = 0, pretend = 0, frame = 0
 101              		@ frame_needed = 0, uses_anonymous_args = 0
 102              		@ link register save eliminated.
 103              	.L7:
 143:Src/stm32f3xx_it.c ****   /* USER CODE BEGIN BusFault_IRQn 0 */
 144:Src/stm32f3xx_it.c **** 
 145:Src/stm32f3xx_it.c ****   /* USER CODE END BusFault_IRQn 0 */
 146:Src/stm32f3xx_it.c ****   while (1)
 104              		.loc 1 146 3 discriminator 1 view .LVU11
 147:Src/stm32f3xx_it.c ****   {
 148:Src/stm32f3xx_it.c ****     /* USER CODE BEGIN W1_BusFault_IRQn 0 */
 149:Src/stm32f3xx_it.c ****     /* USER CODE END W1_BusFault_IRQn 0 */
 150:Src/stm32f3xx_it.c ****   }
 105              		.loc 1 150 3 discriminator 1 view .LVU12
 146:Src/stm32f3xx_it.c ****   {
 106              		.loc 1 146 9 discriminator 1 view .LVU13
 107 0000 FEE7     		b	.L7
 108              		.cfi_endproc
 109              	.LFE129:
 111              		.section	.text.UsageFault_Handler,"ax",%progbits
 112              		.align	1
 113              		.global	UsageFault_Handler
 114              		.syntax unified
 115              		.thumb
 116              		.thumb_func
 117              		.fpu fpv4-sp-d16
 119              	UsageFault_Handler:
 120              	.LFB130:
 151:Src/stm32f3xx_it.c **** }
 152:Src/stm32f3xx_it.c **** 
 153:Src/stm32f3xx_it.c **** /**
 154:Src/stm32f3xx_it.c ****  * @brief This function handles Undefined instruction or illegal state.
 155:Src/stm32f3xx_it.c ****  */
 156:Src/stm32f3xx_it.c **** void UsageFault_Handler(void)
 157:Src/stm32f3xx_it.c **** {
 121              		.loc 1 157 1 view -0
 122              		.cfi_startproc
 123              		@ Volatile: function does not return.
 124              		@ args = 0, pretend = 0, frame = 0
 125              		@ frame_needed = 0, uses_anonymous_args = 0
 126              		@ link register save eliminated.
 127              	.L9:
 158:Src/stm32f3xx_it.c ****   /* USER CODE BEGIN UsageFault_IRQn 0 */
 159:Src/stm32f3xx_it.c **** 
 160:Src/stm32f3xx_it.c ****   /* USER CODE END UsageFault_IRQn 0 */
 161:Src/stm32f3xx_it.c ****   while (1)
 128              		.loc 1 161 3 discriminator 1 view .LVU15
 162:Src/stm32f3xx_it.c ****   {
 163:Src/stm32f3xx_it.c ****     /* USER CODE BEGIN W1_UsageFault_IRQn 0 */
ARM GAS  C:\Users\SHINRA~1\AppData\Local\Temp\ccFpKnn1.s 			page 6


 164:Src/stm32f3xx_it.c ****     /* USER CODE END W1_UsageFault_IRQn 0 */
 165:Src/stm32f3xx_it.c ****   }
 129              		.loc 1 165 3 discriminator 1 view .LVU16
 161:Src/stm32f3xx_it.c ****   {
 130              		.loc 1 161 9 discriminator 1 view .LVU17
 131 0000 FEE7     		b	.L9
 132              		.cfi_endproc
 133              	.LFE130:
 135              		.section	.text.SVC_Handler,"ax",%progbits
 136              		.align	1
 137              		.global	SVC_Handler
 138              		.syntax unified
 139              		.thumb
 140              		.thumb_func
 141              		.fpu fpv4-sp-d16
 143              	SVC_Handler:
 144              	.LFB131:
 166:Src/stm32f3xx_it.c **** }
 167:Src/stm32f3xx_it.c **** 
 168:Src/stm32f3xx_it.c **** /**
 169:Src/stm32f3xx_it.c ****  * @brief This function handles System service call via SWI instruction.
 170:Src/stm32f3xx_it.c ****  */
 171:Src/stm32f3xx_it.c **** void SVC_Handler(void)
 172:Src/stm32f3xx_it.c **** {
 145              		.loc 1 172 1 view -0
 146              		.cfi_startproc
 147              		@ args = 0, pretend = 0, frame = 0
 148              		@ frame_needed = 0, uses_anonymous_args = 0
 149              		@ link register save eliminated.
 173:Src/stm32f3xx_it.c ****   /* USER CODE BEGIN SVCall_IRQn 0 */
 174:Src/stm32f3xx_it.c **** 
 175:Src/stm32f3xx_it.c ****   /* USER CODE END SVCall_IRQn 0 */
 176:Src/stm32f3xx_it.c ****   /* USER CODE BEGIN SVCall_IRQn 1 */
 177:Src/stm32f3xx_it.c **** 
 178:Src/stm32f3xx_it.c ****   /* USER CODE END SVCall_IRQn 1 */
 179:Src/stm32f3xx_it.c **** }
 150              		.loc 1 179 1 view .LVU19
 151 0000 7047     		bx	lr
 152              		.cfi_endproc
 153              	.LFE131:
 155              		.section	.text.DebugMon_Handler,"ax",%progbits
 156              		.align	1
 157              		.global	DebugMon_Handler
 158              		.syntax unified
 159              		.thumb
 160              		.thumb_func
 161              		.fpu fpv4-sp-d16
 163              	DebugMon_Handler:
 164              	.LFB132:
 180:Src/stm32f3xx_it.c **** 
 181:Src/stm32f3xx_it.c **** /**
 182:Src/stm32f3xx_it.c ****  * @brief This function handles Debug monitor.
 183:Src/stm32f3xx_it.c ****  */
 184:Src/stm32f3xx_it.c **** void DebugMon_Handler(void)
 185:Src/stm32f3xx_it.c **** {
 165              		.loc 1 185 1 view -0
 166              		.cfi_startproc
ARM GAS  C:\Users\SHINRA~1\AppData\Local\Temp\ccFpKnn1.s 			page 7


 167              		@ args = 0, pretend = 0, frame = 0
 168              		@ frame_needed = 0, uses_anonymous_args = 0
 169              		@ link register save eliminated.
 186:Src/stm32f3xx_it.c ****   /* USER CODE BEGIN DebugMonitor_IRQn 0 */
 187:Src/stm32f3xx_it.c **** 
 188:Src/stm32f3xx_it.c ****   /* USER CODE END DebugMonitor_IRQn 0 */
 189:Src/stm32f3xx_it.c ****   /* USER CODE BEGIN DebugMonitor_IRQn 1 */
 190:Src/stm32f3xx_it.c **** 
 191:Src/stm32f3xx_it.c ****   /* USER CODE END DebugMonitor_IRQn 1 */
 192:Src/stm32f3xx_it.c **** }
 170              		.loc 1 192 1 view .LVU21
 171 0000 7047     		bx	lr
 172              		.cfi_endproc
 173              	.LFE132:
 175              		.section	.text.PendSV_Handler,"ax",%progbits
 176              		.align	1
 177              		.global	PendSV_Handler
 178              		.syntax unified
 179              		.thumb
 180              		.thumb_func
 181              		.fpu fpv4-sp-d16
 183              	PendSV_Handler:
 184              	.LFB133:
 193:Src/stm32f3xx_it.c **** 
 194:Src/stm32f3xx_it.c **** /**
 195:Src/stm32f3xx_it.c ****  * @brief This function handles Pendable request for system service.
 196:Src/stm32f3xx_it.c ****  */
 197:Src/stm32f3xx_it.c **** void PendSV_Handler(void)
 198:Src/stm32f3xx_it.c **** {
 185              		.loc 1 198 1 view -0
 186              		.cfi_startproc
 187              		@ args = 0, pretend = 0, frame = 0
 188              		@ frame_needed = 0, uses_anonymous_args = 0
 189              		@ link register save eliminated.
 199:Src/stm32f3xx_it.c ****   /* USER CODE BEGIN PendSV_IRQn 0 */
 200:Src/stm32f3xx_it.c **** 
 201:Src/stm32f3xx_it.c ****   /* USER CODE END PendSV_IRQn 0 */
 202:Src/stm32f3xx_it.c ****   /* USER CODE BEGIN PendSV_IRQn 1 */
 203:Src/stm32f3xx_it.c **** 
 204:Src/stm32f3xx_it.c ****   /* USER CODE END PendSV_IRQn 1 */
 205:Src/stm32f3xx_it.c **** }
 190              		.loc 1 205 1 view .LVU23
 191 0000 7047     		bx	lr
 192              		.cfi_endproc
 193              	.LFE133:
 195              		.section	.text.SysTick_Handler,"ax",%progbits
 196              		.align	1
 197              		.global	SysTick_Handler
 198              		.syntax unified
 199              		.thumb
 200              		.thumb_func
 201              		.fpu fpv4-sp-d16
 203              	SysTick_Handler:
 204              	.LFB134:
 206:Src/stm32f3xx_it.c **** 
 207:Src/stm32f3xx_it.c **** /**
 208:Src/stm32f3xx_it.c ****  * @brief This function handles System tick timer.
ARM GAS  C:\Users\SHINRA~1\AppData\Local\Temp\ccFpKnn1.s 			page 8


 209:Src/stm32f3xx_it.c ****  */
 210:Src/stm32f3xx_it.c **** void SysTick_Handler(void)
 211:Src/stm32f3xx_it.c **** {
 205              		.loc 1 211 1 view -0
 206              		.cfi_startproc
 207              		@ args = 0, pretend = 0, frame = 0
 208              		@ frame_needed = 0, uses_anonymous_args = 0
 209 0000 08B5     		push	{r3, lr}
 210              	.LCFI0:
 211              		.cfi_def_cfa_offset 8
 212              		.cfi_offset 3, -8
 213              		.cfi_offset 14, -4
 212:Src/stm32f3xx_it.c ****   /* USER CODE BEGIN SysTick_IRQn 0 */
 213:Src/stm32f3xx_it.c **** 
 214:Src/stm32f3xx_it.c ****   /* USER CODE END SysTick_IRQn 0 */
 215:Src/stm32f3xx_it.c ****   HAL_IncTick();
 214              		.loc 1 215 3 view .LVU25
 215 0002 FFF7FEFF 		bl	HAL_IncTick
 216              	.LVL0:
 216:Src/stm32f3xx_it.c ****   /* USER CODE BEGIN SysTick_IRQn 1 */
 217:Src/stm32f3xx_it.c **** 
 218:Src/stm32f3xx_it.c ****   /* USER CODE END SysTick_IRQn 1 */
 219:Src/stm32f3xx_it.c **** }
 217              		.loc 1 219 1 is_stmt 0 view .LVU26
 218 0006 08BD     		pop	{r3, pc}
 219              		.cfi_endproc
 220              	.LFE134:
 222              		.section	.text.DMA1_Channel4_IRQHandler,"ax",%progbits
 223              		.align	1
 224              		.global	DMA1_Channel4_IRQHandler
 225              		.syntax unified
 226              		.thumb
 227              		.thumb_func
 228              		.fpu fpv4-sp-d16
 230              	DMA1_Channel4_IRQHandler:
 231              	.LFB135:
 220:Src/stm32f3xx_it.c **** 
 221:Src/stm32f3xx_it.c **** /******************************************************************************/
 222:Src/stm32f3xx_it.c **** /* STM32F3xx Peripheral Interrupt Handlers                                    */
 223:Src/stm32f3xx_it.c **** /* Add here the Interrupt Handlers for the used peripherals.                  */
 224:Src/stm32f3xx_it.c **** /* For the available peripheral interrupt handler names,                      */
 225:Src/stm32f3xx_it.c **** /* please refer to the startup file (startup_stm32f3xx.s).                    */
 226:Src/stm32f3xx_it.c **** /******************************************************************************/
 227:Src/stm32f3xx_it.c **** 
 228:Src/stm32f3xx_it.c **** /**
 229:Src/stm32f3xx_it.c ****  * @brief This function handles DMA1 channel4 global interrupt.
 230:Src/stm32f3xx_it.c ****  */
 231:Src/stm32f3xx_it.c **** void DMA1_Channel4_IRQHandler(void)
 232:Src/stm32f3xx_it.c **** {
 232              		.loc 1 232 1 is_stmt 1 view -0
 233              		.cfi_startproc
 234              		@ args = 0, pretend = 0, frame = 0
 235              		@ frame_needed = 0, uses_anonymous_args = 0
 236 0000 08B5     		push	{r3, lr}
 237              	.LCFI1:
 238              		.cfi_def_cfa_offset 8
 239              		.cfi_offset 3, -8
ARM GAS  C:\Users\SHINRA~1\AppData\Local\Temp\ccFpKnn1.s 			page 9


 240              		.cfi_offset 14, -4
 233:Src/stm32f3xx_it.c ****   /* USER CODE BEGIN DMA1_Channel4_IRQn 0 */
 234:Src/stm32f3xx_it.c **** 
 235:Src/stm32f3xx_it.c ****   /* USER CODE END DMA1_Channel4_IRQn 0 */
 236:Src/stm32f3xx_it.c ****   HAL_DMA_IRQHandler(&hdma_spi2_rx);
 241              		.loc 1 236 3 view .LVU28
 242 0002 0248     		ldr	r0, .L17
 243 0004 FFF7FEFF 		bl	HAL_DMA_IRQHandler
 244              	.LVL1:
 237:Src/stm32f3xx_it.c ****   /* USER CODE BEGIN DMA1_Channel4_IRQn 1 */
 238:Src/stm32f3xx_it.c **** 
 239:Src/stm32f3xx_it.c ****   /* USER CODE END DMA1_Channel4_IRQn 1 */
 240:Src/stm32f3xx_it.c **** }
 245              		.loc 1 240 1 is_stmt 0 view .LVU29
 246 0008 08BD     		pop	{r3, pc}
 247              	.L18:
 248 000a 00BF     		.align	2
 249              	.L17:
 250 000c 00000000 		.word	hdma_spi2_rx
 251              		.cfi_endproc
 252              	.LFE135:
 254              		.section	.text.DMA1_Channel5_IRQHandler,"ax",%progbits
 255              		.align	1
 256              		.global	DMA1_Channel5_IRQHandler
 257              		.syntax unified
 258              		.thumb
 259              		.thumb_func
 260              		.fpu fpv4-sp-d16
 262              	DMA1_Channel5_IRQHandler:
 263              	.LFB136:
 241:Src/stm32f3xx_it.c **** 
 242:Src/stm32f3xx_it.c **** /**
 243:Src/stm32f3xx_it.c ****  * @brief This function handles DMA1 channel5 global interrupt.
 244:Src/stm32f3xx_it.c ****  */
 245:Src/stm32f3xx_it.c **** void DMA1_Channel5_IRQHandler(void)
 246:Src/stm32f3xx_it.c **** {
 264              		.loc 1 246 1 is_stmt 1 view -0
 265              		.cfi_startproc
 266              		@ args = 0, pretend = 0, frame = 0
 267              		@ frame_needed = 0, uses_anonymous_args = 0
 268 0000 08B5     		push	{r3, lr}
 269              	.LCFI2:
 270              		.cfi_def_cfa_offset 8
 271              		.cfi_offset 3, -8
 272              		.cfi_offset 14, -4
 247:Src/stm32f3xx_it.c ****   /* USER CODE BEGIN DMA1_Channel5_IRQn 0 */
 248:Src/stm32f3xx_it.c **** 
 249:Src/stm32f3xx_it.c ****   /* USER CODE END DMA1_Channel5_IRQn 0 */
 250:Src/stm32f3xx_it.c ****   HAL_DMA_IRQHandler(&hdma_spi2_tx);
 273              		.loc 1 250 3 view .LVU31
 274 0002 0248     		ldr	r0, .L21
 275 0004 FFF7FEFF 		bl	HAL_DMA_IRQHandler
 276              	.LVL2:
 251:Src/stm32f3xx_it.c ****   /* USER CODE BEGIN DMA1_Channel5_IRQn 1 */
 252:Src/stm32f3xx_it.c **** 
 253:Src/stm32f3xx_it.c ****   /* USER CODE END DMA1_Channel5_IRQn 1 */
 254:Src/stm32f3xx_it.c **** }
ARM GAS  C:\Users\SHINRA~1\AppData\Local\Temp\ccFpKnn1.s 			page 10


 277              		.loc 1 254 1 is_stmt 0 view .LVU32
 278 0008 08BD     		pop	{r3, pc}
 279              	.L22:
 280 000a 00BF     		.align	2
 281              	.L21:
 282 000c 00000000 		.word	hdma_spi2_tx
 283              		.cfi_endproc
 284              	.LFE136:
 286              		.section	.text.USB_HP_CAN_TX_IRQHandler,"ax",%progbits
 287              		.align	1
 288              		.global	USB_HP_CAN_TX_IRQHandler
 289              		.syntax unified
 290              		.thumb
 291              		.thumb_func
 292              		.fpu fpv4-sp-d16
 294              	USB_HP_CAN_TX_IRQHandler:
 295              	.LFB137:
 255:Src/stm32f3xx_it.c **** 
 256:Src/stm32f3xx_it.c **** /**
 257:Src/stm32f3xx_it.c ****  * @brief This function handles USB high priority or CAN_TX interrupts.
 258:Src/stm32f3xx_it.c ****  */
 259:Src/stm32f3xx_it.c **** void USB_HP_CAN_TX_IRQHandler(void)
 260:Src/stm32f3xx_it.c **** {
 296              		.loc 1 260 1 is_stmt 1 view -0
 297              		.cfi_startproc
 298              		@ args = 0, pretend = 0, frame = 0
 299              		@ frame_needed = 0, uses_anonymous_args = 0
 300 0000 08B5     		push	{r3, lr}
 301              	.LCFI3:
 302              		.cfi_def_cfa_offset 8
 303              		.cfi_offset 3, -8
 304              		.cfi_offset 14, -4
 261:Src/stm32f3xx_it.c ****   /* USER CODE BEGIN USB_HP_CAN_TX_IRQn 0 */
 262:Src/stm32f3xx_it.c **** 
 263:Src/stm32f3xx_it.c ****   /* USER CODE END USB_HP_CAN_TX_IRQn 0 */
 264:Src/stm32f3xx_it.c ****   HAL_PCD_IRQHandler(&hpcd_USB_FS);
 305              		.loc 1 264 3 view .LVU34
 306 0002 0248     		ldr	r0, .L25
 307 0004 FFF7FEFF 		bl	HAL_PCD_IRQHandler
 308              	.LVL3:
 265:Src/stm32f3xx_it.c ****   /* USER CODE BEGIN USB_HP_CAN_TX_IRQn 1 */
 266:Src/stm32f3xx_it.c **** 
 267:Src/stm32f3xx_it.c ****   /* USER CODE END USB_HP_CAN_TX_IRQn 1 */
 268:Src/stm32f3xx_it.c **** }
 309              		.loc 1 268 1 is_stmt 0 view .LVU35
 310 0008 08BD     		pop	{r3, pc}
 311              	.L26:
 312 000a 00BF     		.align	2
 313              	.L25:
 314 000c 00000000 		.word	hpcd_USB_FS
 315              		.cfi_endproc
 316              	.LFE137:
 318              		.section	.text.USB_LP_CAN_RX0_IRQHandler,"ax",%progbits
 319              		.align	1
 320              		.global	USB_LP_CAN_RX0_IRQHandler
 321              		.syntax unified
 322              		.thumb
ARM GAS  C:\Users\SHINRA~1\AppData\Local\Temp\ccFpKnn1.s 			page 11


 323              		.thumb_func
 324              		.fpu fpv4-sp-d16
 326              	USB_LP_CAN_RX0_IRQHandler:
 327              	.LFB138:
 269:Src/stm32f3xx_it.c **** 
 270:Src/stm32f3xx_it.c **** /**
 271:Src/stm32f3xx_it.c ****  * @brief This function handles USB low priority or CAN_RX0 interrupts.
 272:Src/stm32f3xx_it.c ****  */
 273:Src/stm32f3xx_it.c **** void USB_LP_CAN_RX0_IRQHandler(void)
 274:Src/stm32f3xx_it.c **** {
 328              		.loc 1 274 1 is_stmt 1 view -0
 329              		.cfi_startproc
 330              		@ args = 0, pretend = 0, frame = 0
 331              		@ frame_needed = 0, uses_anonymous_args = 0
 332 0000 08B5     		push	{r3, lr}
 333              	.LCFI4:
 334              		.cfi_def_cfa_offset 8
 335              		.cfi_offset 3, -8
 336              		.cfi_offset 14, -4
 275:Src/stm32f3xx_it.c ****   /* USER CODE BEGIN USB_LP_CAN_RX0_IRQn 0 */
 276:Src/stm32f3xx_it.c **** 
 277:Src/stm32f3xx_it.c ****   /* USER CODE END USB_LP_CAN_RX0_IRQn 0 */
 278:Src/stm32f3xx_it.c ****   HAL_PCD_IRQHandler(&hpcd_USB_FS);
 337              		.loc 1 278 3 view .LVU37
 338 0002 0248     		ldr	r0, .L29
 339 0004 FFF7FEFF 		bl	HAL_PCD_IRQHandler
 340              	.LVL4:
 279:Src/stm32f3xx_it.c ****   /* USER CODE BEGIN USB_LP_CAN_RX0_IRQn 1 */
 280:Src/stm32f3xx_it.c **** 
 281:Src/stm32f3xx_it.c ****   /* USER CODE END USB_LP_CAN_RX0_IRQn 1 */
 282:Src/stm32f3xx_it.c **** }
 341              		.loc 1 282 1 is_stmt 0 view .LVU38
 342 0008 08BD     		pop	{r3, pc}
 343              	.L30:
 344 000a 00BF     		.align	2
 345              	.L29:
 346 000c 00000000 		.word	hpcd_USB_FS
 347              		.cfi_endproc
 348              	.LFE138:
 350              		.section	.text.TIM2_IRQHandler,"ax",%progbits
 351              		.align	1
 352              		.global	TIM2_IRQHandler
 353              		.syntax unified
 354              		.thumb
 355              		.thumb_func
 356              		.fpu fpv4-sp-d16
 358              	TIM2_IRQHandler:
 359              	.LFB139:
 283:Src/stm32f3xx_it.c **** 
 284:Src/stm32f3xx_it.c **** /**
 285:Src/stm32f3xx_it.c ****  * @brief This function handles TIM2 global interrupt.
 286:Src/stm32f3xx_it.c ****  */
 287:Src/stm32f3xx_it.c **** void TIM2_IRQHandler(void)
 288:Src/stm32f3xx_it.c **** {
 360              		.loc 1 288 1 is_stmt 1 view -0
 361              		.cfi_startproc
 362              		@ args = 0, pretend = 0, frame = 0
ARM GAS  C:\Users\SHINRA~1\AppData\Local\Temp\ccFpKnn1.s 			page 12


 363              		@ frame_needed = 0, uses_anonymous_args = 0
 364 0000 08B5     		push	{r3, lr}
 365              	.LCFI5:
 366              		.cfi_def_cfa_offset 8
 367              		.cfi_offset 3, -8
 368              		.cfi_offset 14, -4
 289:Src/stm32f3xx_it.c ****   /* USER CODE BEGIN TIM2_IRQn 0 */
 290:Src/stm32f3xx_it.c ****   if (TX_Flag)
 369              		.loc 1 290 3 view .LVU40
 370              		.loc 1 290 7 is_stmt 0 view .LVU41
 371 0002 0B4B     		ldr	r3, .L36
 372 0004 1B78     		ldrb	r3, [r3]	@ zero_extendqisi2
 373              		.loc 1 290 6 view .LVU42
 374 0006 4BB1     		cbz	r3, .L32
 291:Src/stm32f3xx_it.c ****   {
 292:Src/stm32f3xx_it.c ****     if (NextBuf)
 375              		.loc 1 292 5 is_stmt 1 view .LVU43
 376              		.loc 1 292 9 is_stmt 0 view .LVU44
 377 0008 0A4B     		ldr	r3, .L36+4
 378 000a 1B78     		ldrb	r3, [r3]	@ zero_extendqisi2
 379              		.loc 1 292 8 view .LVU45
 380 000c 53B1     		cbz	r3, .L33
 381              	.LBB2:
 293:Src/stm32f3xx_it.c ****       CDC_Transmit_FS(ABuf, SampleRate * 3);
 382              		.loc 1 293 7 is_stmt 1 view .LVU46
 383 000e 1E21     		movs	r1, #30
 384 0010 0948     		ldr	r0, .L36+8
 385 0012 FFF7FEFF 		bl	CDC_Transmit_FS
 386              	.LVL5:
 387              	.L34:
 388              	.LBE2:
 294:Src/stm32f3xx_it.c ****     else
 295:Src/stm32f3xx_it.c ****       CDC_Transmit_FS(BBuf, SampleRate * 3);
 296:Src/stm32f3xx_it.c **** 
 297:Src/stm32f3xx_it.c ****     TX_Flag = 0;
 389              		.loc 1 297 5 view .LVU47
 390              		.loc 1 297 13 is_stmt 0 view .LVU48
 391 0016 064B     		ldr	r3, .L36
 392 0018 0022     		movs	r2, #0
 393 001a 1A70     		strb	r2, [r3]
 394              	.L32:
 298:Src/stm32f3xx_it.c ****   }
 299:Src/stm32f3xx_it.c ****   /* USER CODE END TIM2_IRQn 0 */
 300:Src/stm32f3xx_it.c ****   HAL_TIM_IRQHandler(&htim2);
 395              		.loc 1 300 3 is_stmt 1 view .LVU49
 396 001c 0748     		ldr	r0, .L36+12
 397 001e FFF7FEFF 		bl	HAL_TIM_IRQHandler
 398              	.LVL6:
 301:Src/stm32f3xx_it.c ****   /* USER CODE BEGIN TIM2_IRQn 1 */
 302:Src/stm32f3xx_it.c **** 
 303:Src/stm32f3xx_it.c ****   /* USER CODE END TIM2_IRQn 1 */
 304:Src/stm32f3xx_it.c **** }
 399              		.loc 1 304 1 is_stmt 0 view .LVU50
 400 0022 08BD     		pop	{r3, pc}
 401              	.L33:
 402              	.LBB3:
 295:Src/stm32f3xx_it.c **** 
ARM GAS  C:\Users\SHINRA~1\AppData\Local\Temp\ccFpKnn1.s 			page 13


 403              		.loc 1 295 7 is_stmt 1 view .LVU51
 404 0024 1E21     		movs	r1, #30
 405 0026 0648     		ldr	r0, .L36+16
 406 0028 FFF7FEFF 		bl	CDC_Transmit_FS
 407              	.LVL7:
 408 002c F3E7     		b	.L34
 409              	.L37:
 410 002e 00BF     		.align	2
 411              	.L36:
 412 0030 00000000 		.word	TX_Flag
 413 0034 00000000 		.word	.LANCHOR0
 414 0038 00000000 		.word	.LANCHOR1
 415 003c 00000000 		.word	htim2
 416 0040 00000000 		.word	.LANCHOR2
 417              	.LBE3:
 418              		.cfi_endproc
 419              	.LFE139:
 421              		.section	.text.TIM3_IRQHandler,"ax",%progbits
 422              		.align	1
 423              		.global	TIM3_IRQHandler
 424              		.syntax unified
 425              		.thumb
 426              		.thumb_func
 427              		.fpu fpv4-sp-d16
 429              	TIM3_IRQHandler:
 430              	.LFB140:
 305:Src/stm32f3xx_it.c **** 
 306:Src/stm32f3xx_it.c **** /**
 307:Src/stm32f3xx_it.c ****  * @brief This function handles TIM3 global interrupt.
 308:Src/stm32f3xx_it.c ****  */
 309:Src/stm32f3xx_it.c **** void TIM3_IRQHandler(void)
 310:Src/stm32f3xx_it.c **** {
 431              		.loc 1 310 1 view -0
 432              		.cfi_startproc
 433              		@ args = 0, pretend = 0, frame = 0
 434              		@ frame_needed = 0, uses_anonymous_args = 0
 435 0000 08B5     		push	{r3, lr}
 436              	.LCFI6:
 437              		.cfi_def_cfa_offset 8
 438              		.cfi_offset 3, -8
 439              		.cfi_offset 14, -4
 311:Src/stm32f3xx_it.c ****   /* USER CODE BEGIN TIM3_IRQn 0 */
 312:Src/stm32f3xx_it.c ****   if (!skip)
 440              		.loc 1 312 3 view .LVU53
 441              		.loc 1 312 7 is_stmt 0 view .LVU54
 442 0002 044A     		ldr	r2, .L40
 443 0004 1378     		ldrb	r3, [r2]	@ zero_extendqisi2
 313:Src/stm32f3xx_it.c ****   {
 314:Src/stm32f3xx_it.c **** #ifdef SIMULATOR
 315:Src/stm32f3xx_it.c ****     SignalAvg = GenerateSignal();
 316:Src/stm32f3xx_it.c **** #else
 317:Src/stm32f3xx_it.c ****     // HAL_I2S_Receive_IT(&hi2s2, (uint16_t *)&SignalTmp, 3);
 318:Src/stm32f3xx_it.c **** #endif
 319:Src/stm32f3xx_it.c ****   }
 444              		.loc 1 319 3 is_stmt 1 view .LVU55
 320:Src/stm32f3xx_it.c ****   skip ^= 1; // half sampling
 445              		.loc 1 320 3 view .LVU56
ARM GAS  C:\Users\SHINRA~1\AppData\Local\Temp\ccFpKnn1.s 			page 14


 446              		.loc 1 320 8 is_stmt 0 view .LVU57
 447 0006 83F00103 		eor	r3, r3, #1
 448 000a 1370     		strb	r3, [r2]
 321:Src/stm32f3xx_it.c **** 
 322:Src/stm32f3xx_it.c ****   /* USER CODE END TIM3_IRQn 0 */
 323:Src/stm32f3xx_it.c ****   HAL_TIM_IRQHandler(&htim3);
 449              		.loc 1 323 3 is_stmt 1 view .LVU58
 450 000c 0248     		ldr	r0, .L40+4
 451 000e FFF7FEFF 		bl	HAL_TIM_IRQHandler
 452              	.LVL8:
 324:Src/stm32f3xx_it.c ****   /* USER CODE BEGIN TIM3_IRQn 1 */
 325:Src/stm32f3xx_it.c **** 
 326:Src/stm32f3xx_it.c ****   /* USER CODE END TIM3_IRQn 1 */
 327:Src/stm32f3xx_it.c **** }
 453              		.loc 1 327 1 is_stmt 0 view .LVU59
 454 0012 08BD     		pop	{r3, pc}
 455              	.L41:
 456              		.align	2
 457              	.L40:
 458 0014 00000000 		.word	.LANCHOR3
 459 0018 00000000 		.word	htim3
 460              		.cfi_endproc
 461              	.LFE140:
 463              		.section	.text.TIM4_IRQHandler,"ax",%progbits
 464              		.align	1
 465              		.global	TIM4_IRQHandler
 466              		.syntax unified
 467              		.thumb
 468              		.thumb_func
 469              		.fpu fpv4-sp-d16
 471              	TIM4_IRQHandler:
 472              	.LFB141:
 328:Src/stm32f3xx_it.c **** 
 329:Src/stm32f3xx_it.c **** /**
 330:Src/stm32f3xx_it.c ****  * @brief This function handles TIM4 global interrupt.
 331:Src/stm32f3xx_it.c ****  */
 332:Src/stm32f3xx_it.c **** void TIM4_IRQHandler(void)
 333:Src/stm32f3xx_it.c **** {
 473              		.loc 1 333 1 is_stmt 1 view -0
 474              		.cfi_startproc
 475              		@ args = 0, pretend = 0, frame = 0
 476              		@ frame_needed = 0, uses_anonymous_args = 0
 477 0000 10B5     		push	{r4, lr}
 478              	.LCFI7:
 479              		.cfi_def_cfa_offset 8
 480              		.cfi_offset 4, -8
 481              		.cfi_offset 14, -4
 334:Src/stm32f3xx_it.c ****   /* USER CODE BEGIN TIM4_IRQn 0 */
 335:Src/stm32f3xx_it.c ****   JP2_MODE = HAL_GPIO_ReadPin(JP2_GPIO_Port, JP2_Pin);
 482              		.loc 1 335 3 view .LVU61
 483              		.loc 1 335 14 is_stmt 0 view .LVU62
 484 0002 104C     		ldr	r4, .L46
 485 0004 4FF48061 		mov	r1, #1024
 486 0008 2046     		mov	r0, r4
 487 000a FFF7FEFF 		bl	HAL_GPIO_ReadPin
 488              	.LVL9:
 489              		.loc 1 335 12 view .LVU63
ARM GAS  C:\Users\SHINRA~1\AppData\Local\Temp\ccFpKnn1.s 			page 15


 490 000e 0E4B     		ldr	r3, .L46+4
 491 0010 1870     		strb	r0, [r3]
 336:Src/stm32f3xx_it.c ****   JP1_MODE = HAL_GPIO_ReadPin(JP1_GPIO_Port, JP1_Pin);
 492              		.loc 1 336 3 is_stmt 1 view .LVU64
 493              		.loc 1 336 14 is_stmt 0 view .LVU65
 494 0012 4FF40061 		mov	r1, #2048
 495 0016 2046     		mov	r0, r4
 496 0018 FFF7FEFF 		bl	HAL_GPIO_ReadPin
 497              	.LVL10:
 498              		.loc 1 336 12 view .LVU66
 499 001c 0B4B     		ldr	r3, .L46+8
 500 001e 1870     		strb	r0, [r3]
 337:Src/stm32f3xx_it.c **** 
 338:Src/stm32f3xx_it.c ****   switch (t4tick)
 501              		.loc 1 338 3 is_stmt 1 view .LVU67
 502 0020 0B4B     		ldr	r3, .L46+12
 503 0022 1B78     		ldrb	r3, [r3]	@ zero_extendqisi2
 504 0024 092B     		cmp	r3, #9
 505 0026 06D0     		beq	.L43
 506              	.LBB4:
 339:Src/stm32f3xx_it.c ****   {
 340:Src/stm32f3xx_it.c ****   default:
 341:Src/stm32f3xx_it.c ****     t4tick++;
 507              		.loc 1 341 5 view .LVU68
 508              		.loc 1 341 11 is_stmt 0 view .LVU69
 509 0028 0133     		adds	r3, r3, #1
 510 002a 094A     		ldr	r2, .L46+12
 511 002c 1370     		strb	r3, [r2]
 342:Src/stm32f3xx_it.c ****     break;
 512              		.loc 1 342 5 is_stmt 1 view .LVU70
 513              	.L44:
 514              	.LBE4:
 343:Src/stm32f3xx_it.c ****   case 9:
 344:Src/stm32f3xx_it.c ****     BlinkLED(1);
 345:Src/stm32f3xx_it.c ****     t4tick = 0;
 346:Src/stm32f3xx_it.c ****     break;
 347:Src/stm32f3xx_it.c ****   }
 348:Src/stm32f3xx_it.c ****   /* USER CODE END TIM4_IRQn 0 */
 349:Src/stm32f3xx_it.c ****   HAL_TIM_IRQHandler(&htim4);
 515              		.loc 1 349 3 view .LVU71
 516 002e 0948     		ldr	r0, .L46+16
 517 0030 FFF7FEFF 		bl	HAL_TIM_IRQHandler
 518              	.LVL11:
 350:Src/stm32f3xx_it.c ****   /* USER CODE BEGIN TIM4_IRQn 1 */
 351:Src/stm32f3xx_it.c **** 
 352:Src/stm32f3xx_it.c ****   /* USER CODE END TIM4_IRQn 1 */
 353:Src/stm32f3xx_it.c **** }
 519              		.loc 1 353 1 is_stmt 0 view .LVU72
 520 0034 10BD     		pop	{r4, pc}
 521              	.L43:
 522              	.LBB5:
 344:Src/stm32f3xx_it.c ****     t4tick = 0;
 523              		.loc 1 344 5 is_stmt 1 view .LVU73
 524 0036 0120     		movs	r0, #1
 525 0038 FFF7FEFF 		bl	BlinkLED
 526              	.LVL12:
 345:Src/stm32f3xx_it.c ****     break;
ARM GAS  C:\Users\SHINRA~1\AppData\Local\Temp\ccFpKnn1.s 			page 16


 527              		.loc 1 345 5 view .LVU74
 345:Src/stm32f3xx_it.c ****     break;
 528              		.loc 1 345 12 is_stmt 0 view .LVU75
 529 003c 044B     		ldr	r3, .L46+12
 530 003e 0022     		movs	r2, #0
 531 0040 1A70     		strb	r2, [r3]
 346:Src/stm32f3xx_it.c ****   }
 532              		.loc 1 346 5 is_stmt 1 view .LVU76
 533 0042 F4E7     		b	.L44
 534              	.L47:
 535              		.align	2
 536              	.L46:
 537 0044 00040048 		.word	1207960576
 538 0048 00000000 		.word	JP2_MODE
 539 004c 00000000 		.word	JP1_MODE
 540 0050 00000000 		.word	.LANCHOR4
 541 0054 00000000 		.word	htim4
 542              	.LBE5:
 543              		.cfi_endproc
 544              	.LFE141:
 546              		.section	.text.SPI2_IRQHandler,"ax",%progbits
 547              		.align	1
 548              		.global	SPI2_IRQHandler
 549              		.syntax unified
 550              		.thumb
 551              		.thumb_func
 552              		.fpu fpv4-sp-d16
 554              	SPI2_IRQHandler:
 555              	.LFB142:
 354:Src/stm32f3xx_it.c **** 
 355:Src/stm32f3xx_it.c **** /**
 356:Src/stm32f3xx_it.c ****  * @brief This function handles SPI2 global interrupt.
 357:Src/stm32f3xx_it.c ****  */
 358:Src/stm32f3xx_it.c **** void SPI2_IRQHandler(void)
 359:Src/stm32f3xx_it.c **** {
 556              		.loc 1 359 1 view -0
 557              		.cfi_startproc
 558              		@ args = 0, pretend = 0, frame = 0
 559              		@ frame_needed = 0, uses_anonymous_args = 0
 560 0000 08B5     		push	{r3, lr}
 561              	.LCFI8:
 562              		.cfi_def_cfa_offset 8
 563              		.cfi_offset 3, -8
 564              		.cfi_offset 14, -4
 360:Src/stm32f3xx_it.c ****   /* USER CODE BEGIN SPI2_IRQn 0 */
 361:Src/stm32f3xx_it.c **** 
 362:Src/stm32f3xx_it.c ****   /* USER CODE END SPI2_IRQn 0 */
 363:Src/stm32f3xx_it.c ****   HAL_I2S_IRQHandler(&hi2s2);
 565              		.loc 1 363 3 view .LVU78
 566 0002 0248     		ldr	r0, .L50
 567 0004 FFF7FEFF 		bl	HAL_I2S_IRQHandler
 568              	.LVL13:
 364:Src/stm32f3xx_it.c ****   /* USER CODE BEGIN SPI2_IRQn 1 */
 365:Src/stm32f3xx_it.c **** 
 366:Src/stm32f3xx_it.c ****   /* USER CODE END SPI2_IRQn 1 */
 367:Src/stm32f3xx_it.c **** }
 569              		.loc 1 367 1 is_stmt 0 view .LVU79
ARM GAS  C:\Users\SHINRA~1\AppData\Local\Temp\ccFpKnn1.s 			page 17


 570 0008 08BD     		pop	{r3, pc}
 571              	.L51:
 572 000a 00BF     		.align	2
 573              	.L50:
 574 000c 00000000 		.word	hi2s2
 575              		.cfi_endproc
 576              	.LFE142:
 578              		.section	.text.USART2_IRQHandler,"ax",%progbits
 579              		.align	1
 580              		.global	USART2_IRQHandler
 581              		.syntax unified
 582              		.thumb
 583              		.thumb_func
 584              		.fpu fpv4-sp-d16
 586              	USART2_IRQHandler:
 587              	.LFB143:
 368:Src/stm32f3xx_it.c **** 
 369:Src/stm32f3xx_it.c **** /**
 370:Src/stm32f3xx_it.c ****  * @brief This function handles USART2 global interrupt / USART2 wake-up interrupt through EXTI lin
 371:Src/stm32f3xx_it.c ****  */
 372:Src/stm32f3xx_it.c **** void USART2_IRQHandler(void)
 373:Src/stm32f3xx_it.c **** {
 588              		.loc 1 373 1 is_stmt 1 view -0
 589              		.cfi_startproc
 590              		@ args = 0, pretend = 0, frame = 0
 591              		@ frame_needed = 0, uses_anonymous_args = 0
 592 0000 08B5     		push	{r3, lr}
 593              	.LCFI9:
 594              		.cfi_def_cfa_offset 8
 595              		.cfi_offset 3, -8
 596              		.cfi_offset 14, -4
 374:Src/stm32f3xx_it.c ****   /* USER CODE BEGIN USART2_IRQn 0 */
 375:Src/stm32f3xx_it.c **** 
 376:Src/stm32f3xx_it.c ****   /* USER CODE END USART2_IRQn 0 */
 377:Src/stm32f3xx_it.c ****   HAL_UART_IRQHandler(&huart2);
 597              		.loc 1 377 3 view .LVU81
 598 0002 0248     		ldr	r0, .L54
 599 0004 FFF7FEFF 		bl	HAL_UART_IRQHandler
 600              	.LVL14:
 378:Src/stm32f3xx_it.c ****   /* USER CODE BEGIN USART2_IRQn 1 */
 379:Src/stm32f3xx_it.c **** 
 380:Src/stm32f3xx_it.c ****   /* USER CODE END USART2_IRQn 1 */
 381:Src/stm32f3xx_it.c **** }
 601              		.loc 1 381 1 is_stmt 0 view .LVU82
 602 0008 08BD     		pop	{r3, pc}
 603              	.L55:
 604 000a 00BF     		.align	2
 605              	.L54:
 606 000c 00000000 		.word	huart2
 607              		.cfi_endproc
 608              	.LFE143:
 610              		.global	cdctick
 611              		.global	up
 612              		.global	val
 613              		.global	t2cnt
 614              		.global	txidx
 615              		.global	t4tick
ARM GAS  C:\Users\SHINRA~1\AppData\Local\Temp\ccFpKnn1.s 			page 18


 616              		.global	skip
 617              		.global	signalR
 618              		.global	SignalL
 619              		.global	SignalAvg
 620              		.global	NextBuf
 621              		.global	BBuf
 622              		.global	ABuf
 623              		.section	.bss.ABuf,"aw",%nobits
 624              		.align	2
 625              		.set	.LANCHOR1,. + 0
 628              	ABuf:
 629 0000 00000000 		.space	64
 629      00000000 
 629      00000000 
 629      00000000 
 629      00000000 
 630              		.section	.bss.BBuf,"aw",%nobits
 631              		.align	2
 632              		.set	.LANCHOR2,. + 0
 635              	BBuf:
 636 0000 00000000 		.space	64
 636      00000000 
 636      00000000 
 636      00000000 
 636      00000000 
 637              		.section	.bss.NextBuf,"aw",%nobits
 638              		.set	.LANCHOR0,. + 0
 641              	NextBuf:
 642 0000 00       		.space	1
 643              		.section	.bss.SignalAvg,"aw",%nobits
 644              		.align	2
 647              	SignalAvg:
 648 0000 00000000 		.space	4
 649              		.section	.bss.SignalL,"aw",%nobits
 650              		.align	2
 653              	SignalL:
 654 0000 00000000 		.space	4
 655              		.section	.bss.cdctick,"aw",%nobits
 656              		.align	1
 659              	cdctick:
 660 0000 0000     		.space	2
 661              		.section	.bss.signalR,"aw",%nobits
 662              		.align	2
 665              	signalR:
 666 0000 00000000 		.space	4
 667              		.section	.bss.skip,"aw",%nobits
 668              		.set	.LANCHOR3,. + 0
 671              	skip:
 672 0000 00       		.space	1
 673              		.section	.bss.t2cnt,"aw",%nobits
 676              	t2cnt:
 677 0000 00       		.space	1
 678              		.section	.bss.t4tick,"aw",%nobits
 679              		.set	.LANCHOR4,. + 0
 682              	t4tick:
 683 0000 00       		.space	1
 684              		.section	.bss.txidx,"aw",%nobits
ARM GAS  C:\Users\SHINRA~1\AppData\Local\Temp\ccFpKnn1.s 			page 19


 687              	txidx:
 688 0000 00       		.space	1
 689              		.section	.bss.up,"aw",%nobits
 692              	up:
 693 0000 00       		.space	1
 694              		.section	.bss.val,"aw",%nobits
 695              		.align	1
 698              	val:
 699 0000 0000     		.space	2
 700              		.text
 701              	.Letext0:
 702              		.file 2 "c:\\program files (x86)\\gnu tools arm embedded\\9 2019-q4-major\\arm-none-eabi\\include\
 703              		.file 3 "c:\\program files (x86)\\gnu tools arm embedded\\9 2019-q4-major\\arm-none-eabi\\include\
 704              		.file 4 "Drivers/CMSIS/Include/core_cm4.h"
 705              		.file 5 "Drivers/CMSIS/Device/ST/STM32F3xx/Include/system_stm32f3xx.h"
 706              		.file 6 "Drivers/CMSIS/Device/ST/STM32F3xx/Include/stm32f303xc.h"
 707              		.file 7 "c:\\program files (x86)\\gnu tools arm embedded\\9 2019-q4-major\\arm-none-eabi\\include\
 708              		.file 8 "c:\\program files (x86)\\gnu tools arm embedded\\9 2019-q4-major\\arm-none-eabi\\include\
 709              		.file 9 "c:\\program files (x86)\\gnu tools arm embedded\\9 2019-q4-major\\lib\\gcc\\arm-none-eabi
 710              		.file 10 "c:\\program files (x86)\\gnu tools arm embedded\\9 2019-q4-major\\arm-none-eabi\\include
 711              		.file 11 "Drivers/STM32F3xx_HAL_Driver/Inc/stm32f3xx_hal_def.h"
 712              		.file 12 "Drivers/STM32F3xx_HAL_Driver/Inc/stm32f3xx_hal_dma.h"
 713              		.file 13 "Drivers/STM32F3xx_HAL_Driver/Inc/stm32f3xx_hal_i2s.h"
 714              		.file 14 "Drivers/STM32F3xx_HAL_Driver/Inc/stm32f3xx_hal_pcd.h"
 715              		.file 15 "Drivers/STM32F3xx_HAL_Driver/Inc/stm32f3xx_hal_tim.h"
 716              		.file 16 "Drivers/STM32F3xx_HAL_Driver/Inc/stm32f3xx_hal_uart.h"
 717              		.file 17 "Drivers/STM32F3xx_HAL_Driver/Inc/stm32f3xx_hal.h"
 718              		.file 18 "Drivers/STM32F3xx_HAL_Driver/Inc/stm32f3xx_hal_gpio.h"
ARM GAS  C:\Users\SHINRA~1\AppData\Local\Temp\ccFpKnn1.s 			page 20


DEFINED SYMBOLS
                            *ABS*:00000000 stm32f3xx_it.c
C:\Users\SHINRA~1\AppData\Local\Temp\ccFpKnn1.s:18     .text.NMI_Handler:00000000 $t
C:\Users\SHINRA~1\AppData\Local\Temp\ccFpKnn1.s:26     .text.NMI_Handler:00000000 NMI_Handler
C:\Users\SHINRA~1\AppData\Local\Temp\ccFpKnn1.s:40     .text.HardFault_Handler:00000000 $t
C:\Users\SHINRA~1\AppData\Local\Temp\ccFpKnn1.s:47     .text.HardFault_Handler:00000000 HardFault_Handler
C:\Users\SHINRA~1\AppData\Local\Temp\ccFpKnn1.s:64     .text.MemManage_Handler:00000000 $t
C:\Users\SHINRA~1\AppData\Local\Temp\ccFpKnn1.s:71     .text.MemManage_Handler:00000000 MemManage_Handler
C:\Users\SHINRA~1\AppData\Local\Temp\ccFpKnn1.s:88     .text.BusFault_Handler:00000000 $t
C:\Users\SHINRA~1\AppData\Local\Temp\ccFpKnn1.s:95     .text.BusFault_Handler:00000000 BusFault_Handler
C:\Users\SHINRA~1\AppData\Local\Temp\ccFpKnn1.s:112    .text.UsageFault_Handler:00000000 $t
C:\Users\SHINRA~1\AppData\Local\Temp\ccFpKnn1.s:119    .text.UsageFault_Handler:00000000 UsageFault_Handler
C:\Users\SHINRA~1\AppData\Local\Temp\ccFpKnn1.s:136    .text.SVC_Handler:00000000 $t
C:\Users\SHINRA~1\AppData\Local\Temp\ccFpKnn1.s:143    .text.SVC_Handler:00000000 SVC_Handler
C:\Users\SHINRA~1\AppData\Local\Temp\ccFpKnn1.s:156    .text.DebugMon_Handler:00000000 $t
C:\Users\SHINRA~1\AppData\Local\Temp\ccFpKnn1.s:163    .text.DebugMon_Handler:00000000 DebugMon_Handler
C:\Users\SHINRA~1\AppData\Local\Temp\ccFpKnn1.s:176    .text.PendSV_Handler:00000000 $t
C:\Users\SHINRA~1\AppData\Local\Temp\ccFpKnn1.s:183    .text.PendSV_Handler:00000000 PendSV_Handler
C:\Users\SHINRA~1\AppData\Local\Temp\ccFpKnn1.s:196    .text.SysTick_Handler:00000000 $t
C:\Users\SHINRA~1\AppData\Local\Temp\ccFpKnn1.s:203    .text.SysTick_Handler:00000000 SysTick_Handler
C:\Users\SHINRA~1\AppData\Local\Temp\ccFpKnn1.s:223    .text.DMA1_Channel4_IRQHandler:00000000 $t
C:\Users\SHINRA~1\AppData\Local\Temp\ccFpKnn1.s:230    .text.DMA1_Channel4_IRQHandler:00000000 DMA1_Channel4_IRQHandler
C:\Users\SHINRA~1\AppData\Local\Temp\ccFpKnn1.s:250    .text.DMA1_Channel4_IRQHandler:0000000c $d
C:\Users\SHINRA~1\AppData\Local\Temp\ccFpKnn1.s:255    .text.DMA1_Channel5_IRQHandler:00000000 $t
C:\Users\SHINRA~1\AppData\Local\Temp\ccFpKnn1.s:262    .text.DMA1_Channel5_IRQHandler:00000000 DMA1_Channel5_IRQHandler
C:\Users\SHINRA~1\AppData\Local\Temp\ccFpKnn1.s:282    .text.DMA1_Channel5_IRQHandler:0000000c $d
C:\Users\SHINRA~1\AppData\Local\Temp\ccFpKnn1.s:287    .text.USB_HP_CAN_TX_IRQHandler:00000000 $t
C:\Users\SHINRA~1\AppData\Local\Temp\ccFpKnn1.s:294    .text.USB_HP_CAN_TX_IRQHandler:00000000 USB_HP_CAN_TX_IRQHandler
C:\Users\SHINRA~1\AppData\Local\Temp\ccFpKnn1.s:314    .text.USB_HP_CAN_TX_IRQHandler:0000000c $d
C:\Users\SHINRA~1\AppData\Local\Temp\ccFpKnn1.s:319    .text.USB_LP_CAN_RX0_IRQHandler:00000000 $t
C:\Users\SHINRA~1\AppData\Local\Temp\ccFpKnn1.s:326    .text.USB_LP_CAN_RX0_IRQHandler:00000000 USB_LP_CAN_RX0_IRQHandler
C:\Users\SHINRA~1\AppData\Local\Temp\ccFpKnn1.s:346    .text.USB_LP_CAN_RX0_IRQHandler:0000000c $d
C:\Users\SHINRA~1\AppData\Local\Temp\ccFpKnn1.s:351    .text.TIM2_IRQHandler:00000000 $t
C:\Users\SHINRA~1\AppData\Local\Temp\ccFpKnn1.s:358    .text.TIM2_IRQHandler:00000000 TIM2_IRQHandler
C:\Users\SHINRA~1\AppData\Local\Temp\ccFpKnn1.s:412    .text.TIM2_IRQHandler:00000030 $d
C:\Users\SHINRA~1\AppData\Local\Temp\ccFpKnn1.s:422    .text.TIM3_IRQHandler:00000000 $t
C:\Users\SHINRA~1\AppData\Local\Temp\ccFpKnn1.s:429    .text.TIM3_IRQHandler:00000000 TIM3_IRQHandler
C:\Users\SHINRA~1\AppData\Local\Temp\ccFpKnn1.s:458    .text.TIM3_IRQHandler:00000014 $d
C:\Users\SHINRA~1\AppData\Local\Temp\ccFpKnn1.s:464    .text.TIM4_IRQHandler:00000000 $t
C:\Users\SHINRA~1\AppData\Local\Temp\ccFpKnn1.s:471    .text.TIM4_IRQHandler:00000000 TIM4_IRQHandler
C:\Users\SHINRA~1\AppData\Local\Temp\ccFpKnn1.s:537    .text.TIM4_IRQHandler:00000044 $d
C:\Users\SHINRA~1\AppData\Local\Temp\ccFpKnn1.s:547    .text.SPI2_IRQHandler:00000000 $t
C:\Users\SHINRA~1\AppData\Local\Temp\ccFpKnn1.s:554    .text.SPI2_IRQHandler:00000000 SPI2_IRQHandler
C:\Users\SHINRA~1\AppData\Local\Temp\ccFpKnn1.s:574    .text.SPI2_IRQHandler:0000000c $d
C:\Users\SHINRA~1\AppData\Local\Temp\ccFpKnn1.s:579    .text.USART2_IRQHandler:00000000 $t
C:\Users\SHINRA~1\AppData\Local\Temp\ccFpKnn1.s:586    .text.USART2_IRQHandler:00000000 USART2_IRQHandler
C:\Users\SHINRA~1\AppData\Local\Temp\ccFpKnn1.s:606    .text.USART2_IRQHandler:0000000c $d
C:\Users\SHINRA~1\AppData\Local\Temp\ccFpKnn1.s:659    .bss.cdctick:00000000 cdctick
C:\Users\SHINRA~1\AppData\Local\Temp\ccFpKnn1.s:692    .bss.up:00000000 up
C:\Users\SHINRA~1\AppData\Local\Temp\ccFpKnn1.s:698    .bss.val:00000000 val
C:\Users\SHINRA~1\AppData\Local\Temp\ccFpKnn1.s:676    .bss.t2cnt:00000000 t2cnt
C:\Users\SHINRA~1\AppData\Local\Temp\ccFpKnn1.s:687    .bss.txidx:00000000 txidx
C:\Users\SHINRA~1\AppData\Local\Temp\ccFpKnn1.s:682    .bss.t4tick:00000000 t4tick
C:\Users\SHINRA~1\AppData\Local\Temp\ccFpKnn1.s:671    .bss.skip:00000000 skip
C:\Users\SHINRA~1\AppData\Local\Temp\ccFpKnn1.s:665    .bss.signalR:00000000 signalR
C:\Users\SHINRA~1\AppData\Local\Temp\ccFpKnn1.s:653    .bss.SignalL:00000000 SignalL
C:\Users\SHINRA~1\AppData\Local\Temp\ccFpKnn1.s:647    .bss.SignalAvg:00000000 SignalAvg
ARM GAS  C:\Users\SHINRA~1\AppData\Local\Temp\ccFpKnn1.s 			page 21


C:\Users\SHINRA~1\AppData\Local\Temp\ccFpKnn1.s:641    .bss.NextBuf:00000000 NextBuf
C:\Users\SHINRA~1\AppData\Local\Temp\ccFpKnn1.s:635    .bss.BBuf:00000000 BBuf
C:\Users\SHINRA~1\AppData\Local\Temp\ccFpKnn1.s:628    .bss.ABuf:00000000 ABuf
C:\Users\SHINRA~1\AppData\Local\Temp\ccFpKnn1.s:624    .bss.ABuf:00000000 $d
C:\Users\SHINRA~1\AppData\Local\Temp\ccFpKnn1.s:631    .bss.BBuf:00000000 $d
C:\Users\SHINRA~1\AppData\Local\Temp\ccFpKnn1.s:642    .bss.NextBuf:00000000 $d
C:\Users\SHINRA~1\AppData\Local\Temp\ccFpKnn1.s:644    .bss.SignalAvg:00000000 $d
C:\Users\SHINRA~1\AppData\Local\Temp\ccFpKnn1.s:650    .bss.SignalL:00000000 $d
C:\Users\SHINRA~1\AppData\Local\Temp\ccFpKnn1.s:656    .bss.cdctick:00000000 $d
C:\Users\SHINRA~1\AppData\Local\Temp\ccFpKnn1.s:662    .bss.signalR:00000000 $d
C:\Users\SHINRA~1\AppData\Local\Temp\ccFpKnn1.s:672    .bss.skip:00000000 $d
C:\Users\SHINRA~1\AppData\Local\Temp\ccFpKnn1.s:677    .bss.t2cnt:00000000 $d
C:\Users\SHINRA~1\AppData\Local\Temp\ccFpKnn1.s:683    .bss.t4tick:00000000 $d
C:\Users\SHINRA~1\AppData\Local\Temp\ccFpKnn1.s:688    .bss.txidx:00000000 $d
C:\Users\SHINRA~1\AppData\Local\Temp\ccFpKnn1.s:693    .bss.up:00000000 $d
C:\Users\SHINRA~1\AppData\Local\Temp\ccFpKnn1.s:695    .bss.val:00000000 $d

UNDEFINED SYMBOLS
HAL_IncTick
HAL_DMA_IRQHandler
hdma_spi2_rx
hdma_spi2_tx
HAL_PCD_IRQHandler
hpcd_USB_FS
CDC_Transmit_FS
HAL_TIM_IRQHandler
TX_Flag
htim2
htim3
HAL_GPIO_ReadPin
BlinkLED
JP2_MODE
JP1_MODE
htim4
HAL_I2S_IRQHandler
hi2s2
HAL_UART_IRQHandler
huart2
