ARM GAS  C:\Users\SHINRA~1\AppData\Local\Temp\ccmOrgIx.s 			page 1


   1              		.cpu cortex-m4
   2              		.eabi_attribute 27, 1
   3              		.eabi_attribute 28, 1
   4              		.eabi_attribute 20, 1
   5              		.eabi_attribute 21, 1
   6              		.eabi_attribute 23, 3
   7              		.eabi_attribute 24, 1
   8              		.eabi_attribute 25, 1
   9              		.eabi_attribute 26, 1
  10              		.eabi_attribute 30, 1
  11              		.eabi_attribute 34, 1
  12              		.eabi_attribute 18, 4
  13              		.file	"usbd_cdc_if.c"
  14              		.text
  15              	.Ltext0:
  16              		.cfi_sections	.debug_frame
  17              		.section	.text.CDC_DeInit_FS,"ax",%progbits
  18              		.align	1
  19              		.arch armv7e-m
  20              		.syntax unified
  21              		.thumb
  22              		.thumb_func
  23              		.fpu fpv4-sp-d16
  25              	CDC_DeInit_FS:
  26              	.LFB127:
  27              		.file 1 "Src/usbd_cdc_if.c"
   1:Src/usbd_cdc_if.c **** /* USER CODE BEGIN Header */
   2:Src/usbd_cdc_if.c **** /**
   3:Src/usbd_cdc_if.c ****  ******************************************************************************
   4:Src/usbd_cdc_if.c ****  * @file           : usbd_cdc_if.c
   5:Src/usbd_cdc_if.c ****  * @version        : v2.0_Cube
   6:Src/usbd_cdc_if.c ****  * @brief          : Usb device for Virtual Com Port.
   7:Src/usbd_cdc_if.c ****  ******************************************************************************
   8:Src/usbd_cdc_if.c ****  * @attention
   9:Src/usbd_cdc_if.c ****  *
  10:Src/usbd_cdc_if.c ****  * <h2><center>&copy; Copyright (c) 2022 STMicroelectronics.
  11:Src/usbd_cdc_if.c ****  * All rights reserved.</center></h2>
  12:Src/usbd_cdc_if.c ****  *
  13:Src/usbd_cdc_if.c ****  * This software component is licensed by ST under Ultimate Liberty license
  14:Src/usbd_cdc_if.c ****  * SLA0044, the "License"; You may not use this file except in compliance with
  15:Src/usbd_cdc_if.c ****  * the License. You may obtain a copy of the License at:
  16:Src/usbd_cdc_if.c ****  *                             www.st.com/SLA0044
  17:Src/usbd_cdc_if.c ****  *
  18:Src/usbd_cdc_if.c ****  ******************************************************************************
  19:Src/usbd_cdc_if.c ****  */
  20:Src/usbd_cdc_if.c **** /* USER CODE END Header */
  21:Src/usbd_cdc_if.c **** 
  22:Src/usbd_cdc_if.c **** /* Includes ------------------------------------------------------------------*/
  23:Src/usbd_cdc_if.c **** #include "usbd_cdc_if.h"
  24:Src/usbd_cdc_if.c **** 
  25:Src/usbd_cdc_if.c **** /* USER CODE BEGIN INCLUDE */
  26:Src/usbd_cdc_if.c **** 
  27:Src/usbd_cdc_if.c **** /* USER CODE END INCLUDE */
  28:Src/usbd_cdc_if.c **** 
  29:Src/usbd_cdc_if.c **** /* Private typedef -----------------------------------------------------------*/
  30:Src/usbd_cdc_if.c **** /* Private define ------------------------------------------------------------*/
  31:Src/usbd_cdc_if.c **** /* Private macro -------------------------------------------------------------*/
ARM GAS  C:\Users\SHINRA~1\AppData\Local\Temp\ccmOrgIx.s 			page 2


  32:Src/usbd_cdc_if.c **** 
  33:Src/usbd_cdc_if.c **** /* USER CODE BEGIN PV */
  34:Src/usbd_cdc_if.c **** /* Private variables ---------------------------------------------------------*/
  35:Src/usbd_cdc_if.c **** 
  36:Src/usbd_cdc_if.c **** /* USER CODE END PV */
  37:Src/usbd_cdc_if.c **** 
  38:Src/usbd_cdc_if.c **** /** @addtogroup STM32_USB_OTG_DEVICE_LIBRARY
  39:Src/usbd_cdc_if.c ****   * @brief Usb device library.
  40:Src/usbd_cdc_if.c ****   * @{
  41:Src/usbd_cdc_if.c ****   */
  42:Src/usbd_cdc_if.c **** 
  43:Src/usbd_cdc_if.c **** /** @addtogroup USBD_CDC_IF
  44:Src/usbd_cdc_if.c ****   * @{
  45:Src/usbd_cdc_if.c ****   */
  46:Src/usbd_cdc_if.c **** 
  47:Src/usbd_cdc_if.c **** /** @defgroup USBD_CDC_IF_Private_TypesDefinitions USBD_CDC_IF_Private_TypesDefinitions
  48:Src/usbd_cdc_if.c ****   * @brief Private types.
  49:Src/usbd_cdc_if.c ****   * @{
  50:Src/usbd_cdc_if.c ****   */
  51:Src/usbd_cdc_if.c **** 
  52:Src/usbd_cdc_if.c **** /* USER CODE BEGIN PRIVATE_TYPES */
  53:Src/usbd_cdc_if.c **** 
  54:Src/usbd_cdc_if.c **** /* USER CODE END PRIVATE_TYPES */
  55:Src/usbd_cdc_if.c **** 
  56:Src/usbd_cdc_if.c **** /**
  57:Src/usbd_cdc_if.c ****   * @}
  58:Src/usbd_cdc_if.c ****   */
  59:Src/usbd_cdc_if.c **** 
  60:Src/usbd_cdc_if.c **** /** @defgroup USBD_CDC_IF_Private_Defines USBD_CDC_IF_Private_Defines
  61:Src/usbd_cdc_if.c ****   * @brief Private defines.
  62:Src/usbd_cdc_if.c ****   * @{
  63:Src/usbd_cdc_if.c ****   */
  64:Src/usbd_cdc_if.c **** 
  65:Src/usbd_cdc_if.c **** /* USER CODE BEGIN PRIVATE_DEFINES */
  66:Src/usbd_cdc_if.c **** /* Define size for the receive and transmit buffer over CDC */
  67:Src/usbd_cdc_if.c **** /* It's up to user to redefine and/or remove those define */
  68:Src/usbd_cdc_if.c **** #define APP_RX_DATA_SIZE 1024
  69:Src/usbd_cdc_if.c **** #define APP_TX_DATA_SIZE 2048
  70:Src/usbd_cdc_if.c **** /* USER CODE END PRIVATE_DEFINES */
  71:Src/usbd_cdc_if.c **** 
  72:Src/usbd_cdc_if.c **** /**
  73:Src/usbd_cdc_if.c ****   * @}
  74:Src/usbd_cdc_if.c ****   */
  75:Src/usbd_cdc_if.c **** 
  76:Src/usbd_cdc_if.c **** /** @defgroup USBD_CDC_IF_Private_Macros USBD_CDC_IF_Private_Macros
  77:Src/usbd_cdc_if.c ****   * @brief Private macros.
  78:Src/usbd_cdc_if.c ****   * @{
  79:Src/usbd_cdc_if.c ****   */
  80:Src/usbd_cdc_if.c **** 
  81:Src/usbd_cdc_if.c **** /* USER CODE BEGIN PRIVATE_MACRO */
  82:Src/usbd_cdc_if.c **** 
  83:Src/usbd_cdc_if.c **** /* USER CODE END PRIVATE_MACRO */
  84:Src/usbd_cdc_if.c **** 
  85:Src/usbd_cdc_if.c **** /**
  86:Src/usbd_cdc_if.c ****   * @}
  87:Src/usbd_cdc_if.c ****   */
  88:Src/usbd_cdc_if.c **** 
ARM GAS  C:\Users\SHINRA~1\AppData\Local\Temp\ccmOrgIx.s 			page 3


  89:Src/usbd_cdc_if.c **** /** @defgroup USBD_CDC_IF_Private_Variables USBD_CDC_IF_Private_Variables
  90:Src/usbd_cdc_if.c ****   * @brief Private variables.
  91:Src/usbd_cdc_if.c ****   * @{
  92:Src/usbd_cdc_if.c ****   */
  93:Src/usbd_cdc_if.c **** /* Create buffer for reception and transmission           */
  94:Src/usbd_cdc_if.c **** /* It's up to user to redefine and/or remove those define */
  95:Src/usbd_cdc_if.c **** /** Received data over USB are stored in this buffer      */
  96:Src/usbd_cdc_if.c **** uint8_t UserRxBufferFS[APP_RX_DATA_SIZE];
  97:Src/usbd_cdc_if.c **** 
  98:Src/usbd_cdc_if.c **** /** Data to send over USB CDC are stored in this buffer   */
  99:Src/usbd_cdc_if.c **** uint8_t UserTxBufferFS[APP_TX_DATA_SIZE];
 100:Src/usbd_cdc_if.c **** 
 101:Src/usbd_cdc_if.c **** /* USER CODE BEGIN PRIVATE_VARIABLES */
 102:Src/usbd_cdc_if.c **** 
 103:Src/usbd_cdc_if.c **** /* USER CODE END PRIVATE_VARIABLES */
 104:Src/usbd_cdc_if.c **** 
 105:Src/usbd_cdc_if.c **** /**
 106:Src/usbd_cdc_if.c ****   * @}
 107:Src/usbd_cdc_if.c ****   */
 108:Src/usbd_cdc_if.c **** 
 109:Src/usbd_cdc_if.c **** /** @defgroup USBD_CDC_IF_Exported_Variables USBD_CDC_IF_Exported_Variables
 110:Src/usbd_cdc_if.c ****   * @brief Public variables.
 111:Src/usbd_cdc_if.c ****   * @{
 112:Src/usbd_cdc_if.c ****   */
 113:Src/usbd_cdc_if.c **** 
 114:Src/usbd_cdc_if.c **** extern USBD_HandleTypeDef hUsbDeviceFS;
 115:Src/usbd_cdc_if.c **** 
 116:Src/usbd_cdc_if.c **** /* USER CODE BEGIN EXPORTED_VARIABLES */
 117:Src/usbd_cdc_if.c **** 
 118:Src/usbd_cdc_if.c **** /* USER CODE END EXPORTED_VARIABLES */
 119:Src/usbd_cdc_if.c **** 
 120:Src/usbd_cdc_if.c **** /**
 121:Src/usbd_cdc_if.c ****   * @}
 122:Src/usbd_cdc_if.c ****   */
 123:Src/usbd_cdc_if.c **** 
 124:Src/usbd_cdc_if.c **** /** @defgroup USBD_CDC_IF_Private_FunctionPrototypes USBD_CDC_IF_Private_FunctionPrototypes
 125:Src/usbd_cdc_if.c ****   * @brief Private functions declaration.
 126:Src/usbd_cdc_if.c ****   * @{
 127:Src/usbd_cdc_if.c ****   */
 128:Src/usbd_cdc_if.c **** 
 129:Src/usbd_cdc_if.c **** static int8_t CDC_Init_FS(void);
 130:Src/usbd_cdc_if.c **** static int8_t CDC_DeInit_FS(void);
 131:Src/usbd_cdc_if.c **** static int8_t CDC_Control_FS(uint8_t cmd, uint8_t* pbuf, uint16_t length);
 132:Src/usbd_cdc_if.c **** static int8_t CDC_Receive_FS(uint8_t* pbuf, uint32_t *Len);
 133:Src/usbd_cdc_if.c **** 
 134:Src/usbd_cdc_if.c **** /* USER CODE BEGIN PRIVATE_FUNCTIONS_DECLARATION */
 135:Src/usbd_cdc_if.c **** 
 136:Src/usbd_cdc_if.c **** /* USER CODE END PRIVATE_FUNCTIONS_DECLARATION */
 137:Src/usbd_cdc_if.c **** 
 138:Src/usbd_cdc_if.c **** /**
 139:Src/usbd_cdc_if.c ****   * @}
 140:Src/usbd_cdc_if.c ****   */
 141:Src/usbd_cdc_if.c **** 
 142:Src/usbd_cdc_if.c **** USBD_CDC_ItfTypeDef USBD_Interface_fops_FS =
 143:Src/usbd_cdc_if.c **** {
 144:Src/usbd_cdc_if.c ****   CDC_Init_FS,
 145:Src/usbd_cdc_if.c ****   CDC_DeInit_FS,
ARM GAS  C:\Users\SHINRA~1\AppData\Local\Temp\ccmOrgIx.s 			page 4


 146:Src/usbd_cdc_if.c ****   CDC_Control_FS,
 147:Src/usbd_cdc_if.c ****   CDC_Receive_FS
 148:Src/usbd_cdc_if.c **** };
 149:Src/usbd_cdc_if.c **** 
 150:Src/usbd_cdc_if.c **** /* Private functions ---------------------------------------------------------*/
 151:Src/usbd_cdc_if.c **** /**
 152:Src/usbd_cdc_if.c ****   * @brief  Initializes the CDC media low layer over the FS USB IP
 153:Src/usbd_cdc_if.c ****   * @retval USBD_OK if all operations are OK else USBD_FAIL
 154:Src/usbd_cdc_if.c ****   */
 155:Src/usbd_cdc_if.c **** static int8_t CDC_Init_FS(void)
 156:Src/usbd_cdc_if.c **** {
 157:Src/usbd_cdc_if.c ****   /* USER CODE BEGIN 3 */
 158:Src/usbd_cdc_if.c ****   /* Set Application Buffers */
 159:Src/usbd_cdc_if.c ****   USBD_CDC_SetTxBuffer(&hUsbDeviceFS, UserTxBufferFS, 0);
 160:Src/usbd_cdc_if.c ****   USBD_CDC_SetRxBuffer(&hUsbDeviceFS, UserRxBufferFS);
 161:Src/usbd_cdc_if.c ****   return (USBD_OK);
 162:Src/usbd_cdc_if.c ****   /* USER CODE END 3 */
 163:Src/usbd_cdc_if.c **** }
 164:Src/usbd_cdc_if.c **** 
 165:Src/usbd_cdc_if.c **** /**
 166:Src/usbd_cdc_if.c ****   * @brief  DeInitializes the CDC media low layer
 167:Src/usbd_cdc_if.c ****   * @retval USBD_OK if all operations are OK else USBD_FAIL
 168:Src/usbd_cdc_if.c ****   */
 169:Src/usbd_cdc_if.c **** static int8_t CDC_DeInit_FS(void)
 170:Src/usbd_cdc_if.c **** {
  28              		.loc 1 170 1 view -0
  29              		.cfi_startproc
  30              		@ args = 0, pretend = 0, frame = 0
  31              		@ frame_needed = 0, uses_anonymous_args = 0
  32              		@ link register save eliminated.
 171:Src/usbd_cdc_if.c ****   /* USER CODE BEGIN 4 */
 172:Src/usbd_cdc_if.c ****   return (USBD_OK);
  33              		.loc 1 172 3 view .LVU1
 173:Src/usbd_cdc_if.c ****   /* USER CODE END 4 */
 174:Src/usbd_cdc_if.c **** }
  34              		.loc 1 174 1 is_stmt 0 view .LVU2
  35 0000 0020     		movs	r0, #0
  36 0002 7047     		bx	lr
  37              		.cfi_endproc
  38              	.LFE127:
  40              		.section	.text.CDC_Control_FS,"ax",%progbits
  41              		.align	1
  42              		.syntax unified
  43              		.thumb
  44              		.thumb_func
  45              		.fpu fpv4-sp-d16
  47              	CDC_Control_FS:
  48              	.LVL0:
  49              	.LFB128:
 175:Src/usbd_cdc_if.c **** 
 176:Src/usbd_cdc_if.c **** /**
 177:Src/usbd_cdc_if.c ****   * @brief  Manage the CDC class requests
 178:Src/usbd_cdc_if.c ****   * @param  cmd: Command code
 179:Src/usbd_cdc_if.c ****   * @param  pbuf: Buffer containing command data (request parameters)
 180:Src/usbd_cdc_if.c ****   * @param  length: Number of data to be sent (in bytes)
 181:Src/usbd_cdc_if.c ****   * @retval Result of the operation: USBD_OK if all operations are OK else USBD_FAIL
 182:Src/usbd_cdc_if.c ****   */
ARM GAS  C:\Users\SHINRA~1\AppData\Local\Temp\ccmOrgIx.s 			page 5


 183:Src/usbd_cdc_if.c **** static int8_t CDC_Control_FS(uint8_t cmd, uint8_t* pbuf, uint16_t length)
 184:Src/usbd_cdc_if.c **** {
  50              		.loc 1 184 1 is_stmt 1 view -0
  51              		.cfi_startproc
  52              		@ args = 0, pretend = 0, frame = 0
  53              		@ frame_needed = 0, uses_anonymous_args = 0
  54              		@ link register save eliminated.
 185:Src/usbd_cdc_if.c ****   /* USER CODE BEGIN 5 */
 186:Src/usbd_cdc_if.c ****   switch (cmd)
  55              		.loc 1 186 3 view .LVU4
 187:Src/usbd_cdc_if.c ****   {
 188:Src/usbd_cdc_if.c ****   case CDC_SEND_ENCAPSULATED_COMMAND:
 189:Src/usbd_cdc_if.c **** 
 190:Src/usbd_cdc_if.c ****     break;
 191:Src/usbd_cdc_if.c **** 
 192:Src/usbd_cdc_if.c ****   case CDC_GET_ENCAPSULATED_RESPONSE:
 193:Src/usbd_cdc_if.c **** 
 194:Src/usbd_cdc_if.c ****     break;
 195:Src/usbd_cdc_if.c **** 
 196:Src/usbd_cdc_if.c ****   case CDC_SET_COMM_FEATURE:
 197:Src/usbd_cdc_if.c **** 
 198:Src/usbd_cdc_if.c ****     break;
 199:Src/usbd_cdc_if.c **** 
 200:Src/usbd_cdc_if.c ****   case CDC_GET_COMM_FEATURE:
 201:Src/usbd_cdc_if.c **** 
 202:Src/usbd_cdc_if.c ****     break;
 203:Src/usbd_cdc_if.c **** 
 204:Src/usbd_cdc_if.c ****   case CDC_CLEAR_COMM_FEATURE:
 205:Src/usbd_cdc_if.c **** 
 206:Src/usbd_cdc_if.c ****     break;
 207:Src/usbd_cdc_if.c **** 
 208:Src/usbd_cdc_if.c ****     /*******************************************************************************/
 209:Src/usbd_cdc_if.c ****     /* Line Coding Structure                                                       */
 210:Src/usbd_cdc_if.c ****     /*-----------------------------------------------------------------------------*/
 211:Src/usbd_cdc_if.c ****     /* Offset | Field       | Size | Value  | Description                          */
 212:Src/usbd_cdc_if.c ****     /* 0      | dwDTERate   |   4  | Number |Data terminal rate, in bits per second*/
 213:Src/usbd_cdc_if.c ****     /* 4      | bCharFormat |   1  | Number | Stop bits                            */
 214:Src/usbd_cdc_if.c ****     /*                                        0 - 1 Stop bit                       */
 215:Src/usbd_cdc_if.c ****     /*                                        1 - 1.5 Stop bits                    */
 216:Src/usbd_cdc_if.c ****     /*                                        2 - 2 Stop bits                      */
 217:Src/usbd_cdc_if.c ****     /* 5      | bParityType |  1   | Number | Parity                               */
 218:Src/usbd_cdc_if.c ****     /*                                        0 - None                             */
 219:Src/usbd_cdc_if.c ****     /*                                        1 - Odd                              */
 220:Src/usbd_cdc_if.c ****     /*                                        2 - Even                             */
 221:Src/usbd_cdc_if.c ****     /*                                        3 - Mark                             */
 222:Src/usbd_cdc_if.c ****     /*                                        4 - Space                            */
 223:Src/usbd_cdc_if.c ****     /* 6      | bDataBits  |   1   | Number Data bits (5, 6, 7, 8 or 16).          */
 224:Src/usbd_cdc_if.c ****     /*******************************************************************************/
 225:Src/usbd_cdc_if.c ****   case CDC_SET_LINE_CODING:
 226:Src/usbd_cdc_if.c **** 
 227:Src/usbd_cdc_if.c ****     break;
 228:Src/usbd_cdc_if.c **** 
 229:Src/usbd_cdc_if.c ****   case CDC_GET_LINE_CODING:
 230:Src/usbd_cdc_if.c **** 
 231:Src/usbd_cdc_if.c ****     break;
 232:Src/usbd_cdc_if.c **** 
 233:Src/usbd_cdc_if.c ****   case CDC_SET_CONTROL_LINE_STATE:
ARM GAS  C:\Users\SHINRA~1\AppData\Local\Temp\ccmOrgIx.s 			page 6


 234:Src/usbd_cdc_if.c **** 
 235:Src/usbd_cdc_if.c ****     break;
 236:Src/usbd_cdc_if.c **** 
 237:Src/usbd_cdc_if.c ****   case CDC_SEND_BREAK:
 238:Src/usbd_cdc_if.c **** 
 239:Src/usbd_cdc_if.c ****     break;
 240:Src/usbd_cdc_if.c **** 
 241:Src/usbd_cdc_if.c ****   default:
 242:Src/usbd_cdc_if.c ****     break;
 243:Src/usbd_cdc_if.c ****   }
 244:Src/usbd_cdc_if.c **** 
 245:Src/usbd_cdc_if.c ****   return (USBD_OK);
  56              		.loc 1 245 3 view .LVU5
 246:Src/usbd_cdc_if.c ****   /* USER CODE END 5 */
 247:Src/usbd_cdc_if.c **** }
  57              		.loc 1 247 1 is_stmt 0 view .LVU6
  58 0000 0020     		movs	r0, #0
  59              	.LVL1:
  60              		.loc 1 247 1 view .LVU7
  61 0002 7047     		bx	lr
  62              		.cfi_endproc
  63              	.LFE128:
  65              		.section	.text.CDC_Receive_FS,"ax",%progbits
  66              		.align	1
  67              		.syntax unified
  68              		.thumb
  69              		.thumb_func
  70              		.fpu fpv4-sp-d16
  72              	CDC_Receive_FS:
  73              	.LVL2:
  74              	.LFB129:
 248:Src/usbd_cdc_if.c **** 
 249:Src/usbd_cdc_if.c **** /**
 250:Src/usbd_cdc_if.c ****   * @brief  Data received over USB OUT endpoint are sent over CDC interface
 251:Src/usbd_cdc_if.c ****   *         through this function.
 252:Src/usbd_cdc_if.c ****   *
 253:Src/usbd_cdc_if.c ****   *         @note
 254:Src/usbd_cdc_if.c ****   *         This function will block any OUT packet reception on USB endpoint
 255:Src/usbd_cdc_if.c ****   *         untill exiting this function. If you exit this function before transfer
 256:Src/usbd_cdc_if.c ****   *         is complete on CDC interface (ie. using DMA controller) it will result
 257:Src/usbd_cdc_if.c ****   *         in receiving more data while previous ones are still not sent.
 258:Src/usbd_cdc_if.c ****   *
 259:Src/usbd_cdc_if.c ****   * @param  Buf: Buffer of data to be received
 260:Src/usbd_cdc_if.c ****   * @param  Len: Number of data received (in bytes)
 261:Src/usbd_cdc_if.c ****   * @retval Result of the operation: USBD_OK if all operations are OK else USBD_FAIL
 262:Src/usbd_cdc_if.c ****   */
 263:Src/usbd_cdc_if.c **** static int8_t CDC_Receive_FS(uint8_t* Buf, uint32_t *Len)
 264:Src/usbd_cdc_if.c **** {
  75              		.loc 1 264 1 is_stmt 1 view -0
  76              		.cfi_startproc
  77              		@ args = 0, pretend = 0, frame = 0
  78              		@ frame_needed = 0, uses_anonymous_args = 0
  79              		.loc 1 264 1 is_stmt 0 view .LVU9
  80 0000 10B5     		push	{r4, lr}
  81              	.LCFI0:
  82              		.cfi_def_cfa_offset 8
  83              		.cfi_offset 4, -8
ARM GAS  C:\Users\SHINRA~1\AppData\Local\Temp\ccmOrgIx.s 			page 7


  84              		.cfi_offset 14, -4
  85 0002 0146     		mov	r1, r0
  86              	.LVL3:
 265:Src/usbd_cdc_if.c ****   /* USER CODE BEGIN 6 */
 266:Src/usbd_cdc_if.c ****   USBD_CDC_SetRxBuffer(&hUsbDeviceFS, &Buf[0]);
  87              		.loc 1 266 3 is_stmt 1 view .LVU10
  88 0004 044C     		ldr	r4, .L5
  89 0006 2046     		mov	r0, r4
  90              	.LVL4:
  91              		.loc 1 266 3 is_stmt 0 view .LVU11
  92 0008 FFF7FEFF 		bl	USBD_CDC_SetRxBuffer
  93              	.LVL5:
 267:Src/usbd_cdc_if.c ****   USBD_CDC_ReceivePacket(&hUsbDeviceFS);
  94              		.loc 1 267 3 is_stmt 1 view .LVU12
  95 000c 2046     		mov	r0, r4
  96 000e FFF7FEFF 		bl	USBD_CDC_ReceivePacket
  97              	.LVL6:
 268:Src/usbd_cdc_if.c ****   return (USBD_OK);
  98              		.loc 1 268 3 view .LVU13
 269:Src/usbd_cdc_if.c ****   /* USER CODE END 6 */
 270:Src/usbd_cdc_if.c **** }
  99              		.loc 1 270 1 is_stmt 0 view .LVU14
 100 0012 0020     		movs	r0, #0
 101 0014 10BD     		pop	{r4, pc}
 102              	.L6:
 103 0016 00BF     		.align	2
 104              	.L5:
 105 0018 00000000 		.word	hUsbDeviceFS
 106              		.cfi_endproc
 107              	.LFE129:
 109              		.section	.text.CDC_Init_FS,"ax",%progbits
 110              		.align	1
 111              		.syntax unified
 112              		.thumb
 113              		.thumb_func
 114              		.fpu fpv4-sp-d16
 116              	CDC_Init_FS:
 117              	.LFB126:
 156:Src/usbd_cdc_if.c ****   /* USER CODE BEGIN 3 */
 118              		.loc 1 156 1 is_stmt 1 view -0
 119              		.cfi_startproc
 120              		@ args = 0, pretend = 0, frame = 0
 121              		@ frame_needed = 0, uses_anonymous_args = 0
 122 0000 10B5     		push	{r4, lr}
 123              	.LCFI1:
 124              		.cfi_def_cfa_offset 8
 125              		.cfi_offset 4, -8
 126              		.cfi_offset 14, -4
 159:Src/usbd_cdc_if.c ****   USBD_CDC_SetRxBuffer(&hUsbDeviceFS, UserRxBufferFS);
 127              		.loc 1 159 3 view .LVU16
 128 0002 064C     		ldr	r4, .L9
 129 0004 0022     		movs	r2, #0
 130 0006 0649     		ldr	r1, .L9+4
 131 0008 2046     		mov	r0, r4
 132 000a FFF7FEFF 		bl	USBD_CDC_SetTxBuffer
 133              	.LVL7:
 160:Src/usbd_cdc_if.c ****   return (USBD_OK);
ARM GAS  C:\Users\SHINRA~1\AppData\Local\Temp\ccmOrgIx.s 			page 8


 134              		.loc 1 160 3 view .LVU17
 135 000e 0549     		ldr	r1, .L9+8
 136 0010 2046     		mov	r0, r4
 137 0012 FFF7FEFF 		bl	USBD_CDC_SetRxBuffer
 138              	.LVL8:
 161:Src/usbd_cdc_if.c ****   /* USER CODE END 3 */
 139              		.loc 1 161 3 view .LVU18
 163:Src/usbd_cdc_if.c **** 
 140              		.loc 1 163 1 is_stmt 0 view .LVU19
 141 0016 0020     		movs	r0, #0
 142 0018 10BD     		pop	{r4, pc}
 143              	.L10:
 144 001a 00BF     		.align	2
 145              	.L9:
 146 001c 00000000 		.word	hUsbDeviceFS
 147 0020 00000000 		.word	UserTxBufferFS
 148 0024 00000000 		.word	UserRxBufferFS
 149              		.cfi_endproc
 150              	.LFE126:
 152              		.section	.text.CDC_Transmit_FS,"ax",%progbits
 153              		.align	1
 154              		.global	CDC_Transmit_FS
 155              		.syntax unified
 156              		.thumb
 157              		.thumb_func
 158              		.fpu fpv4-sp-d16
 160              	CDC_Transmit_FS:
 161              	.LVL9:
 162              	.LFB130:
 271:Src/usbd_cdc_if.c **** 
 272:Src/usbd_cdc_if.c **** /**
 273:Src/usbd_cdc_if.c ****   * @brief  CDC_Transmit_FS
 274:Src/usbd_cdc_if.c ****   *         Data to send over USB IN endpoint are sent over CDC interface
 275:Src/usbd_cdc_if.c ****   *         through this function.
 276:Src/usbd_cdc_if.c ****   *         @note
 277:Src/usbd_cdc_if.c ****   *
 278:Src/usbd_cdc_if.c ****   *
 279:Src/usbd_cdc_if.c ****   * @param  Buf: Buffer of data to be sent
 280:Src/usbd_cdc_if.c ****   * @param  Len: Number of data to be sent (in bytes)
 281:Src/usbd_cdc_if.c ****   * @retval USBD_OK if all operations are OK else USBD_FAIL or USBD_BUSY
 282:Src/usbd_cdc_if.c ****   */
 283:Src/usbd_cdc_if.c **** uint8_t CDC_Transmit_FS(uint8_t* Buf, uint16_t Len)
 284:Src/usbd_cdc_if.c **** {
 163              		.loc 1 284 1 is_stmt 1 view -0
 164              		.cfi_startproc
 165              		@ args = 0, pretend = 0, frame = 0
 166              		@ frame_needed = 0, uses_anonymous_args = 0
 285:Src/usbd_cdc_if.c ****   uint8_t result = USBD_OK;
 167              		.loc 1 285 3 view .LVU21
 286:Src/usbd_cdc_if.c ****   /* USER CODE BEGIN 7 */
 287:Src/usbd_cdc_if.c ****   USBD_CDC_HandleTypeDef *hcdc = (USBD_CDC_HandleTypeDef *)hUsbDeviceFS.pClassData;
 168              		.loc 1 287 3 view .LVU22
 169              		.loc 1 287 27 is_stmt 0 view .LVU23
 170 0000 094B     		ldr	r3, .L19
 171 0002 D3F81832 		ldr	r3, [r3, #536]
 172              	.LVL10:
 288:Src/usbd_cdc_if.c ****   if (hcdc->TxState != 0)
ARM GAS  C:\Users\SHINRA~1\AppData\Local\Temp\ccmOrgIx.s 			page 9


 173              		.loc 1 288 3 is_stmt 1 view .LVU24
 174              		.loc 1 288 11 is_stmt 0 view .LVU25
 175 0006 D3F81432 		ldr	r3, [r3, #532]
 176              	.LVL11:
 177              		.loc 1 288 6 view .LVU26
 178 000a 0BB1     		cbz	r3, .L18
 289:Src/usbd_cdc_if.c ****   {
 290:Src/usbd_cdc_if.c ****     return USBD_BUSY;
 179              		.loc 1 290 12 view .LVU27
 180 000c 0120     		movs	r0, #1
 181              	.LVL12:
 291:Src/usbd_cdc_if.c ****   }
 292:Src/usbd_cdc_if.c ****   USBD_CDC_SetTxBuffer(&hUsbDeviceFS, Buf, Len);
 293:Src/usbd_cdc_if.c ****   result = USBD_CDC_TransmitPacket(&hUsbDeviceFS);
 294:Src/usbd_cdc_if.c ****   /* USER CODE END 7 */
 295:Src/usbd_cdc_if.c ****   return result;
 296:Src/usbd_cdc_if.c **** }
 182              		.loc 1 296 1 view .LVU28
 183 000e 7047     		bx	lr
 184              	.LVL13:
 185              	.L18:
 284:Src/usbd_cdc_if.c ****   uint8_t result = USBD_OK;
 186              		.loc 1 284 1 view .LVU29
 187 0010 10B5     		push	{r4, lr}
 188              	.LCFI2:
 189              		.cfi_def_cfa_offset 8
 190              		.cfi_offset 4, -8
 191              		.cfi_offset 14, -4
 292:Src/usbd_cdc_if.c ****   result = USBD_CDC_TransmitPacket(&hUsbDeviceFS);
 192              		.loc 1 292 3 is_stmt 1 view .LVU30
 193 0012 054C     		ldr	r4, .L19
 194              	.LVL14:
 292:Src/usbd_cdc_if.c ****   result = USBD_CDC_TransmitPacket(&hUsbDeviceFS);
 195              		.loc 1 292 3 is_stmt 0 view .LVU31
 196 0014 0A46     		mov	r2, r1
 197 0016 0146     		mov	r1, r0
 198              	.LVL15:
 292:Src/usbd_cdc_if.c ****   result = USBD_CDC_TransmitPacket(&hUsbDeviceFS);
 199              		.loc 1 292 3 view .LVU32
 200 0018 2046     		mov	r0, r4
 201              	.LVL16:
 292:Src/usbd_cdc_if.c ****   result = USBD_CDC_TransmitPacket(&hUsbDeviceFS);
 202              		.loc 1 292 3 view .LVU33
 203 001a FFF7FEFF 		bl	USBD_CDC_SetTxBuffer
 204              	.LVL17:
 293:Src/usbd_cdc_if.c ****   /* USER CODE END 7 */
 205              		.loc 1 293 3 is_stmt 1 view .LVU34
 293:Src/usbd_cdc_if.c ****   /* USER CODE END 7 */
 206              		.loc 1 293 12 is_stmt 0 view .LVU35
 207 001e 2046     		mov	r0, r4
 208 0020 FFF7FEFF 		bl	USBD_CDC_TransmitPacket
 209              	.LVL18:
 295:Src/usbd_cdc_if.c **** }
 210              		.loc 1 295 3 is_stmt 1 view .LVU36
 211              		.loc 1 296 1 is_stmt 0 view .LVU37
 212 0024 10BD     		pop	{r4, pc}
 213              	.L20:
ARM GAS  C:\Users\SHINRA~1\AppData\Local\Temp\ccmOrgIx.s 			page 10


 214 0026 00BF     		.align	2
 215              	.L19:
 216 0028 00000000 		.word	hUsbDeviceFS
 217              		.cfi_endproc
 218              	.LFE130:
 220              		.global	USBD_Interface_fops_FS
 221              		.comm	UserTxBufferFS,2048,4
 222              		.comm	UserRxBufferFS,1024,4
 223              		.section	.data.USBD_Interface_fops_FS,"aw"
 224              		.align	2
 227              	USBD_Interface_fops_FS:
 228 0000 00000000 		.word	CDC_Init_FS
 229 0004 00000000 		.word	CDC_DeInit_FS
 230 0008 00000000 		.word	CDC_Control_FS
 231 000c 00000000 		.word	CDC_Receive_FS
 232              		.text
 233              	.Letext0:
 234              		.file 2 "c:\\program files (x86)\\gnu tools arm embedded\\9 2019-q4-major\\arm-none-eabi\\include\
 235              		.file 3 "c:\\program files (x86)\\gnu tools arm embedded\\9 2019-q4-major\\arm-none-eabi\\include\
 236              		.file 4 "c:\\program files (x86)\\gnu tools arm embedded\\9 2019-q4-major\\arm-none-eabi\\include\
 237              		.file 5 "c:\\program files (x86)\\gnu tools arm embedded\\9 2019-q4-major\\lib\\gcc\\arm-none-eabi
 238              		.file 6 "c:\\program files (x86)\\gnu tools arm embedded\\9 2019-q4-major\\arm-none-eabi\\include\
 239              		.file 7 "c:\\program files (x86)\\gnu tools arm embedded\\9 2019-q4-major\\arm-none-eabi\\include\
 240              		.file 8 "c:\\program files (x86)\\gnu tools arm embedded\\9 2019-q4-major\\arm-none-eabi\\include\
 241              		.file 9 "Drivers/CMSIS/Include/core_cm4.h"
 242              		.file 10 "Drivers/CMSIS/Device/ST/STM32F3xx/Include/system_stm32f3xx.h"
 243              		.file 11 "Drivers/STM32F3xx_HAL_Driver/Inc/stm32f3xx_hal.h"
 244              		.file 12 "Middlewares/ST/STM32_USB_Device_Library/Core/Inc/usbd_def.h"
 245              		.file 13 "Middlewares/ST/STM32_USB_Device_Library/Class/CDC/Inc/usbd_cdc.h"
 246              		.file 14 "Inc/usbd_cdc_if.h"
ARM GAS  C:\Users\SHINRA~1\AppData\Local\Temp\ccmOrgIx.s 			page 11


DEFINED SYMBOLS
                            *ABS*:00000000 usbd_cdc_if.c
C:\Users\SHINRA~1\AppData\Local\Temp\ccmOrgIx.s:18     .text.CDC_DeInit_FS:00000000 $t
C:\Users\SHINRA~1\AppData\Local\Temp\ccmOrgIx.s:25     .text.CDC_DeInit_FS:00000000 CDC_DeInit_FS
C:\Users\SHINRA~1\AppData\Local\Temp\ccmOrgIx.s:41     .text.CDC_Control_FS:00000000 $t
C:\Users\SHINRA~1\AppData\Local\Temp\ccmOrgIx.s:47     .text.CDC_Control_FS:00000000 CDC_Control_FS
C:\Users\SHINRA~1\AppData\Local\Temp\ccmOrgIx.s:66     .text.CDC_Receive_FS:00000000 $t
C:\Users\SHINRA~1\AppData\Local\Temp\ccmOrgIx.s:72     .text.CDC_Receive_FS:00000000 CDC_Receive_FS
C:\Users\SHINRA~1\AppData\Local\Temp\ccmOrgIx.s:105    .text.CDC_Receive_FS:00000018 $d
C:\Users\SHINRA~1\AppData\Local\Temp\ccmOrgIx.s:110    .text.CDC_Init_FS:00000000 $t
C:\Users\SHINRA~1\AppData\Local\Temp\ccmOrgIx.s:116    .text.CDC_Init_FS:00000000 CDC_Init_FS
C:\Users\SHINRA~1\AppData\Local\Temp\ccmOrgIx.s:146    .text.CDC_Init_FS:0000001c $d
                            *COM*:00000800 UserTxBufferFS
                            *COM*:00000400 UserRxBufferFS
C:\Users\SHINRA~1\AppData\Local\Temp\ccmOrgIx.s:153    .text.CDC_Transmit_FS:00000000 $t
C:\Users\SHINRA~1\AppData\Local\Temp\ccmOrgIx.s:160    .text.CDC_Transmit_FS:00000000 CDC_Transmit_FS
C:\Users\SHINRA~1\AppData\Local\Temp\ccmOrgIx.s:216    .text.CDC_Transmit_FS:00000028 $d
C:\Users\SHINRA~1\AppData\Local\Temp\ccmOrgIx.s:227    .data.USBD_Interface_fops_FS:00000000 USBD_Interface_fops_FS
C:\Users\SHINRA~1\AppData\Local\Temp\ccmOrgIx.s:224    .data.USBD_Interface_fops_FS:00000000 $d

UNDEFINED SYMBOLS
USBD_CDC_SetRxBuffer
USBD_CDC_ReceivePacket
hUsbDeviceFS
USBD_CDC_SetTxBuffer
USBD_CDC_TransmitPacket
