ARM GAS  C:\Users\SHINRA~1\AppData\Local\Temp\ccE183yj.s 			page 1


   1              		.cpu cortex-m4
   2              		.eabi_attribute 27, 1
   3              		.eabi_attribute 28, 1
   4              		.eabi_attribute 20, 1
   5              		.eabi_attribute 21, 1
   6              		.eabi_attribute 23, 3
   7              		.eabi_attribute 24, 1
   8              		.eabi_attribute 25, 1
   9              		.eabi_attribute 26, 1
  10              		.eabi_attribute 30, 1
  11              		.eabi_attribute 34, 1
  12              		.eabi_attribute 18, 4
  13              		.file	"usbd_desc.c"
  14              		.text
  15              	.Ltext0:
  16              		.cfi_sections	.debug_frame
  17              		.section	.text.USBD_FS_DeviceDescriptor,"ax",%progbits
  18              		.align	1
  19              		.global	USBD_FS_DeviceDescriptor
  20              		.arch armv7e-m
  21              		.syntax unified
  22              		.thumb
  23              		.thumb_func
  24              		.fpu fpv4-sp-d16
  26              	USBD_FS_DeviceDescriptor:
  27              	.LVL0:
  28              	.LFB126:
  29              		.file 1 "Src/usbd_desc.c"
   1:Src/usbd_desc.c **** /* USER CODE BEGIN Header */
   2:Src/usbd_desc.c **** /**
   3:Src/usbd_desc.c ****   ******************************************************************************
   4:Src/usbd_desc.c ****   * @file           : usbd_desc.c
   5:Src/usbd_desc.c ****   * @version        : v2.0_Cube
   6:Src/usbd_desc.c ****   * @brief          : This file implements the USB device descriptors.
   7:Src/usbd_desc.c ****   ******************************************************************************
   8:Src/usbd_desc.c ****   * @attention
   9:Src/usbd_desc.c ****   *
  10:Src/usbd_desc.c ****   * <h2><center>&copy; Copyright (c) 2022 STMicroelectronics.
  11:Src/usbd_desc.c ****   * All rights reserved.</center></h2>
  12:Src/usbd_desc.c ****   *
  13:Src/usbd_desc.c ****   * This software component is licensed by ST under Ultimate Liberty license
  14:Src/usbd_desc.c ****   * SLA0044, the "License"; You may not use this file except in compliance with
  15:Src/usbd_desc.c ****   * the License. You may obtain a copy of the License at:
  16:Src/usbd_desc.c ****   *                             www.st.com/SLA0044
  17:Src/usbd_desc.c ****   *
  18:Src/usbd_desc.c ****   ******************************************************************************
  19:Src/usbd_desc.c ****   */
  20:Src/usbd_desc.c **** /* USER CODE END Header */
  21:Src/usbd_desc.c **** 
  22:Src/usbd_desc.c **** /* Includes ------------------------------------------------------------------*/
  23:Src/usbd_desc.c **** #include "usbd_core.h"
  24:Src/usbd_desc.c **** #include "usbd_desc.h"
  25:Src/usbd_desc.c **** #include "usbd_conf.h"
  26:Src/usbd_desc.c **** 
  27:Src/usbd_desc.c **** /* USER CODE BEGIN INCLUDE */
  28:Src/usbd_desc.c **** 
  29:Src/usbd_desc.c **** /* USER CODE END INCLUDE */
ARM GAS  C:\Users\SHINRA~1\AppData\Local\Temp\ccE183yj.s 			page 2


  30:Src/usbd_desc.c **** 
  31:Src/usbd_desc.c **** /* Private typedef -----------------------------------------------------------*/
  32:Src/usbd_desc.c **** /* Private define ------------------------------------------------------------*/
  33:Src/usbd_desc.c **** /* Private macro -------------------------------------------------------------*/
  34:Src/usbd_desc.c **** 
  35:Src/usbd_desc.c **** /* USER CODE BEGIN PV */
  36:Src/usbd_desc.c **** /* Private variables ---------------------------------------------------------*/
  37:Src/usbd_desc.c **** 
  38:Src/usbd_desc.c **** /* USER CODE END PV */
  39:Src/usbd_desc.c **** 
  40:Src/usbd_desc.c **** /** @addtogroup STM32_USB_OTG_DEVICE_LIBRARY
  41:Src/usbd_desc.c ****   * @{
  42:Src/usbd_desc.c ****   */
  43:Src/usbd_desc.c **** 
  44:Src/usbd_desc.c **** /** @addtogroup USBD_DESC
  45:Src/usbd_desc.c ****   * @{
  46:Src/usbd_desc.c ****   */
  47:Src/usbd_desc.c **** 
  48:Src/usbd_desc.c **** /** @defgroup USBD_DESC_Private_TypesDefinitions USBD_DESC_Private_TypesDefinitions
  49:Src/usbd_desc.c ****   * @brief Private types.
  50:Src/usbd_desc.c ****   * @{
  51:Src/usbd_desc.c ****   */
  52:Src/usbd_desc.c **** 
  53:Src/usbd_desc.c **** /* USER CODE BEGIN PRIVATE_TYPES */
  54:Src/usbd_desc.c **** 
  55:Src/usbd_desc.c **** /* USER CODE END PRIVATE_TYPES */
  56:Src/usbd_desc.c **** 
  57:Src/usbd_desc.c **** /**
  58:Src/usbd_desc.c ****   * @}
  59:Src/usbd_desc.c ****   */
  60:Src/usbd_desc.c **** 
  61:Src/usbd_desc.c **** /** @defgroup USBD_DESC_Private_Defines USBD_DESC_Private_Defines
  62:Src/usbd_desc.c ****   * @brief Private defines.
  63:Src/usbd_desc.c ****   * @{
  64:Src/usbd_desc.c ****   */
  65:Src/usbd_desc.c **** 
  66:Src/usbd_desc.c **** #define USBD_VID     1155
  67:Src/usbd_desc.c **** #define USBD_LANGID_STRING     1033
  68:Src/usbd_desc.c **** #define USBD_MANUFACTURER_STRING     "STMicroelectronics"
  69:Src/usbd_desc.c **** #define USBD_PID_FS     22336
  70:Src/usbd_desc.c **** #define USBD_PRODUCT_STRING_FS     "STM32 Virtual ComPort"
  71:Src/usbd_desc.c **** #define USBD_CONFIGURATION_STRING_FS     "CDC Config"
  72:Src/usbd_desc.c **** #define USBD_INTERFACE_STRING_FS     "CDC Interface"
  73:Src/usbd_desc.c **** 
  74:Src/usbd_desc.c **** /* USER CODE BEGIN PRIVATE_DEFINES */
  75:Src/usbd_desc.c **** 
  76:Src/usbd_desc.c **** /* USER CODE END PRIVATE_DEFINES */
  77:Src/usbd_desc.c **** 
  78:Src/usbd_desc.c **** /**
  79:Src/usbd_desc.c ****   * @}
  80:Src/usbd_desc.c ****   */
  81:Src/usbd_desc.c **** 
  82:Src/usbd_desc.c **** /* USER CODE BEGIN 0 */
  83:Src/usbd_desc.c **** 
  84:Src/usbd_desc.c **** /* USER CODE END 0 */
  85:Src/usbd_desc.c **** 
  86:Src/usbd_desc.c **** /** @defgroup USBD_DESC_Private_Macros USBD_DESC_Private_Macros
ARM GAS  C:\Users\SHINRA~1\AppData\Local\Temp\ccE183yj.s 			page 3


  87:Src/usbd_desc.c ****   * @brief Private macros.
  88:Src/usbd_desc.c ****   * @{
  89:Src/usbd_desc.c ****   */
  90:Src/usbd_desc.c **** 
  91:Src/usbd_desc.c **** /* USER CODE BEGIN PRIVATE_MACRO */
  92:Src/usbd_desc.c **** 
  93:Src/usbd_desc.c **** /* USER CODE END PRIVATE_MACRO */
  94:Src/usbd_desc.c **** 
  95:Src/usbd_desc.c **** /**
  96:Src/usbd_desc.c ****   * @}
  97:Src/usbd_desc.c ****   */
  98:Src/usbd_desc.c ****   
  99:Src/usbd_desc.c **** /** @defgroup USBD_DESC_Private_FunctionPrototypes USBD_DESC_Private_FunctionPrototypes
 100:Src/usbd_desc.c ****   * @brief Private functions declaration.
 101:Src/usbd_desc.c ****   * @{
 102:Src/usbd_desc.c ****   */
 103:Src/usbd_desc.c ****   
 104:Src/usbd_desc.c **** static void Get_SerialNum(void);
 105:Src/usbd_desc.c **** static void IntToUnicode(uint32_t value, uint8_t * pbuf, uint8_t len);
 106:Src/usbd_desc.c ****   
 107:Src/usbd_desc.c **** /**
 108:Src/usbd_desc.c ****   * @}
 109:Src/usbd_desc.c ****   */  
 110:Src/usbd_desc.c ****   
 111:Src/usbd_desc.c **** 
 112:Src/usbd_desc.c **** /** @defgroup USBD_DESC_Private_FunctionPrototypes USBD_DESC_Private_FunctionPrototypes
 113:Src/usbd_desc.c ****   * @brief Private functions declaration for FS.
 114:Src/usbd_desc.c ****   * @{
 115:Src/usbd_desc.c ****   */
 116:Src/usbd_desc.c **** 
 117:Src/usbd_desc.c **** uint8_t * USBD_FS_DeviceDescriptor(USBD_SpeedTypeDef speed, uint16_t *length);
 118:Src/usbd_desc.c **** uint8_t * USBD_FS_LangIDStrDescriptor(USBD_SpeedTypeDef speed, uint16_t *length);
 119:Src/usbd_desc.c **** uint8_t * USBD_FS_ManufacturerStrDescriptor(USBD_SpeedTypeDef speed, uint16_t *length);
 120:Src/usbd_desc.c **** uint8_t * USBD_FS_ProductStrDescriptor(USBD_SpeedTypeDef speed, uint16_t *length);
 121:Src/usbd_desc.c **** uint8_t * USBD_FS_SerialStrDescriptor(USBD_SpeedTypeDef speed, uint16_t *length);
 122:Src/usbd_desc.c **** uint8_t * USBD_FS_ConfigStrDescriptor(USBD_SpeedTypeDef speed, uint16_t *length);
 123:Src/usbd_desc.c **** uint8_t * USBD_FS_InterfaceStrDescriptor(USBD_SpeedTypeDef speed, uint16_t *length);
 124:Src/usbd_desc.c **** 
 125:Src/usbd_desc.c **** #ifdef USBD_SUPPORT_USER_STRING_DESC
 126:Src/usbd_desc.c **** uint8_t * USBD_FS_USRStringDesc(USBD_SpeedTypeDef speed, uint8_t idx, uint16_t *length);
 127:Src/usbd_desc.c **** #endif /* USBD_SUPPORT_USER_STRING_DESC */
 128:Src/usbd_desc.c **** 
 129:Src/usbd_desc.c **** /**
 130:Src/usbd_desc.c ****   * @}
 131:Src/usbd_desc.c ****   */
 132:Src/usbd_desc.c **** 
 133:Src/usbd_desc.c **** /** @defgroup USBD_DESC_Private_Variables USBD_DESC_Private_Variables
 134:Src/usbd_desc.c ****   * @brief Private variables.
 135:Src/usbd_desc.c ****   * @{
 136:Src/usbd_desc.c ****   */
 137:Src/usbd_desc.c **** 
 138:Src/usbd_desc.c **** USBD_DescriptorsTypeDef FS_Desc =
 139:Src/usbd_desc.c **** {
 140:Src/usbd_desc.c ****   USBD_FS_DeviceDescriptor
 141:Src/usbd_desc.c **** , USBD_FS_LangIDStrDescriptor
 142:Src/usbd_desc.c **** , USBD_FS_ManufacturerStrDescriptor
 143:Src/usbd_desc.c **** , USBD_FS_ProductStrDescriptor
ARM GAS  C:\Users\SHINRA~1\AppData\Local\Temp\ccE183yj.s 			page 4


 144:Src/usbd_desc.c **** , USBD_FS_SerialStrDescriptor
 145:Src/usbd_desc.c **** , USBD_FS_ConfigStrDescriptor
 146:Src/usbd_desc.c **** , USBD_FS_InterfaceStrDescriptor
 147:Src/usbd_desc.c **** };
 148:Src/usbd_desc.c **** 
 149:Src/usbd_desc.c **** #if defined ( __ICCARM__ ) /* IAR Compiler */
 150:Src/usbd_desc.c ****   #pragma data_alignment=4
 151:Src/usbd_desc.c **** #endif /* defined ( __ICCARM__ ) */
 152:Src/usbd_desc.c **** /** USB standard device descriptor. */
 153:Src/usbd_desc.c **** __ALIGN_BEGIN uint8_t USBD_FS_DeviceDesc[USB_LEN_DEV_DESC] __ALIGN_END =
 154:Src/usbd_desc.c **** {
 155:Src/usbd_desc.c ****   0x12,                       /*bLength */
 156:Src/usbd_desc.c ****   USB_DESC_TYPE_DEVICE,       /*bDescriptorType*/
 157:Src/usbd_desc.c ****   0x00,                       /*bcdUSB */
 158:Src/usbd_desc.c ****   0x02,
 159:Src/usbd_desc.c ****   0x02,                       /*bDeviceClass*/
 160:Src/usbd_desc.c ****   0x02,                       /*bDeviceSubClass*/
 161:Src/usbd_desc.c ****   0x00,                       /*bDeviceProtocol*/
 162:Src/usbd_desc.c ****   USB_MAX_EP0_SIZE,           /*bMaxPacketSize*/
 163:Src/usbd_desc.c ****   LOBYTE(USBD_VID),           /*idVendor*/
 164:Src/usbd_desc.c ****   HIBYTE(USBD_VID),           /*idVendor*/
 165:Src/usbd_desc.c ****   LOBYTE(USBD_PID_FS),        /*idProduct*/
 166:Src/usbd_desc.c ****   HIBYTE(USBD_PID_FS),        /*idProduct*/
 167:Src/usbd_desc.c ****   0x00,                       /*bcdDevice rel. 2.00*/
 168:Src/usbd_desc.c ****   0x02,
 169:Src/usbd_desc.c ****   USBD_IDX_MFC_STR,           /*Index of manufacturer  string*/
 170:Src/usbd_desc.c ****   USBD_IDX_PRODUCT_STR,       /*Index of product string*/
 171:Src/usbd_desc.c ****   USBD_IDX_SERIAL_STR,        /*Index of serial number string*/
 172:Src/usbd_desc.c ****   USBD_MAX_NUM_CONFIGURATION  /*bNumConfigurations*/
 173:Src/usbd_desc.c **** };
 174:Src/usbd_desc.c **** 
 175:Src/usbd_desc.c **** /* USB_DeviceDescriptor */
 176:Src/usbd_desc.c **** 
 177:Src/usbd_desc.c **** /**
 178:Src/usbd_desc.c ****   * @}
 179:Src/usbd_desc.c ****   */
 180:Src/usbd_desc.c **** 
 181:Src/usbd_desc.c **** /** @defgroup USBD_DESC_Private_Variables USBD_DESC_Private_Variables
 182:Src/usbd_desc.c ****   * @brief Private variables.
 183:Src/usbd_desc.c ****   * @{
 184:Src/usbd_desc.c ****   */
 185:Src/usbd_desc.c **** 
 186:Src/usbd_desc.c **** #if defined ( __ICCARM__ ) /* IAR Compiler */
 187:Src/usbd_desc.c ****   #pragma data_alignment=4
 188:Src/usbd_desc.c **** #endif /* defined ( __ICCARM__ ) */
 189:Src/usbd_desc.c **** 
 190:Src/usbd_desc.c **** /** USB lang indentifier descriptor. */
 191:Src/usbd_desc.c **** __ALIGN_BEGIN uint8_t USBD_LangIDDesc[USB_LEN_LANGID_STR_DESC] __ALIGN_END =
 192:Src/usbd_desc.c **** {
 193:Src/usbd_desc.c ****      USB_LEN_LANGID_STR_DESC,
 194:Src/usbd_desc.c ****      USB_DESC_TYPE_STRING,
 195:Src/usbd_desc.c ****      LOBYTE(USBD_LANGID_STRING),
 196:Src/usbd_desc.c ****      HIBYTE(USBD_LANGID_STRING)
 197:Src/usbd_desc.c **** };
 198:Src/usbd_desc.c **** 
 199:Src/usbd_desc.c **** #if defined ( __ICCARM__ ) /* IAR Compiler */
 200:Src/usbd_desc.c ****   #pragma data_alignment=4
ARM GAS  C:\Users\SHINRA~1\AppData\Local\Temp\ccE183yj.s 			page 5


 201:Src/usbd_desc.c **** #endif /* defined ( __ICCARM__ ) */
 202:Src/usbd_desc.c **** /* Internal string descriptor. */
 203:Src/usbd_desc.c **** __ALIGN_BEGIN uint8_t USBD_StrDesc[USBD_MAX_STR_DESC_SIZ] __ALIGN_END;
 204:Src/usbd_desc.c **** 
 205:Src/usbd_desc.c **** #if defined ( __ICCARM__ ) /*!< IAR Compiler */
 206:Src/usbd_desc.c ****   #pragma data_alignment=4   
 207:Src/usbd_desc.c **** #endif
 208:Src/usbd_desc.c **** __ALIGN_BEGIN uint8_t USBD_StringSerial[USB_SIZ_STRING_SERIAL] __ALIGN_END = {
 209:Src/usbd_desc.c ****   USB_SIZ_STRING_SERIAL,
 210:Src/usbd_desc.c ****   USB_DESC_TYPE_STRING,
 211:Src/usbd_desc.c **** };
 212:Src/usbd_desc.c **** 
 213:Src/usbd_desc.c **** /**
 214:Src/usbd_desc.c ****   * @}
 215:Src/usbd_desc.c ****   */
 216:Src/usbd_desc.c **** 
 217:Src/usbd_desc.c **** /** @defgroup USBD_DESC_Private_Functions USBD_DESC_Private_Functions
 218:Src/usbd_desc.c ****   * @brief Private functions.
 219:Src/usbd_desc.c ****   * @{
 220:Src/usbd_desc.c ****   */
 221:Src/usbd_desc.c **** 
 222:Src/usbd_desc.c **** /**
 223:Src/usbd_desc.c ****   * @brief  Return the device descriptor
 224:Src/usbd_desc.c ****   * @param  speed : Current device speed
 225:Src/usbd_desc.c ****   * @param  length : Pointer to data length variable
 226:Src/usbd_desc.c ****   * @retval Pointer to descriptor buffer
 227:Src/usbd_desc.c ****   */
 228:Src/usbd_desc.c **** uint8_t * USBD_FS_DeviceDescriptor(USBD_SpeedTypeDef speed, uint16_t *length)
 229:Src/usbd_desc.c **** {
  30              		.loc 1 229 1 view -0
  31              		.cfi_startproc
  32              		@ args = 0, pretend = 0, frame = 0
  33              		@ frame_needed = 0, uses_anonymous_args = 0
  34              		@ link register save eliminated.
 230:Src/usbd_desc.c ****   *length = sizeof(USBD_FS_DeviceDesc);
  35              		.loc 1 230 3 view .LVU1
  36              		.loc 1 230 11 is_stmt 0 view .LVU2
  37 0000 1223     		movs	r3, #18
  38 0002 0B80     		strh	r3, [r1]	@ movhi
 231:Src/usbd_desc.c ****   return USBD_FS_DeviceDesc;
  39              		.loc 1 231 3 is_stmt 1 view .LVU3
 232:Src/usbd_desc.c **** }
  40              		.loc 1 232 1 is_stmt 0 view .LVU4
  41 0004 0048     		ldr	r0, .L2
  42              	.LVL1:
  43              		.loc 1 232 1 view .LVU5
  44 0006 7047     		bx	lr
  45              	.L3:
  46              		.align	2
  47              	.L2:
  48 0008 00000000 		.word	.LANCHOR0
  49              		.cfi_endproc
  50              	.LFE126:
  52              		.section	.text.USBD_FS_LangIDStrDescriptor,"ax",%progbits
  53              		.align	1
  54              		.global	USBD_FS_LangIDStrDescriptor
  55              		.syntax unified
ARM GAS  C:\Users\SHINRA~1\AppData\Local\Temp\ccE183yj.s 			page 6


  56              		.thumb
  57              		.thumb_func
  58              		.fpu fpv4-sp-d16
  60              	USBD_FS_LangIDStrDescriptor:
  61              	.LVL2:
  62              	.LFB127:
 233:Src/usbd_desc.c **** 
 234:Src/usbd_desc.c **** /**
 235:Src/usbd_desc.c ****   * @brief  Return the LangID string descriptor
 236:Src/usbd_desc.c ****   * @param  speed : Current device speed
 237:Src/usbd_desc.c ****   * @param  length : Pointer to data length variable
 238:Src/usbd_desc.c ****   * @retval Pointer to descriptor buffer
 239:Src/usbd_desc.c ****   */
 240:Src/usbd_desc.c **** uint8_t * USBD_FS_LangIDStrDescriptor(USBD_SpeedTypeDef speed, uint16_t *length)
 241:Src/usbd_desc.c **** {
  63              		.loc 1 241 1 is_stmt 1 view -0
  64              		.cfi_startproc
  65              		@ args = 0, pretend = 0, frame = 0
  66              		@ frame_needed = 0, uses_anonymous_args = 0
  67              		@ link register save eliminated.
 242:Src/usbd_desc.c ****   *length = sizeof(USBD_LangIDDesc);
  68              		.loc 1 242 3 view .LVU7
  69              		.loc 1 242 11 is_stmt 0 view .LVU8
  70 0000 0423     		movs	r3, #4
  71 0002 0B80     		strh	r3, [r1]	@ movhi
 243:Src/usbd_desc.c ****   return USBD_LangIDDesc;
  72              		.loc 1 243 3 is_stmt 1 view .LVU9
 244:Src/usbd_desc.c **** }
  73              		.loc 1 244 1 is_stmt 0 view .LVU10
  74 0004 0048     		ldr	r0, .L5
  75              	.LVL3:
  76              		.loc 1 244 1 view .LVU11
  77 0006 7047     		bx	lr
  78              	.L6:
  79              		.align	2
  80              	.L5:
  81 0008 00000000 		.word	.LANCHOR1
  82              		.cfi_endproc
  83              	.LFE127:
  85              		.section	.text.IntToUnicode,"ax",%progbits
  86              		.align	1
  87              		.syntax unified
  88              		.thumb
  89              		.thumb_func
  90              		.fpu fpv4-sp-d16
  92              	IntToUnicode:
  93              	.LVL4:
  94              	.LFB134:
 245:Src/usbd_desc.c **** 
 246:Src/usbd_desc.c **** /**
 247:Src/usbd_desc.c ****   * @brief  Return the product string descriptor
 248:Src/usbd_desc.c ****   * @param  speed : Current device speed
 249:Src/usbd_desc.c ****   * @param  length : Pointer to data length variable
 250:Src/usbd_desc.c ****   * @retval Pointer to descriptor buffer
 251:Src/usbd_desc.c ****   */
 252:Src/usbd_desc.c **** uint8_t * USBD_FS_ProductStrDescriptor(USBD_SpeedTypeDef speed, uint16_t *length)
 253:Src/usbd_desc.c **** {
ARM GAS  C:\Users\SHINRA~1\AppData\Local\Temp\ccE183yj.s 			page 7


 254:Src/usbd_desc.c ****   if(speed == 0)
 255:Src/usbd_desc.c ****   {
 256:Src/usbd_desc.c ****     USBD_GetString((uint8_t *)USBD_PRODUCT_STRING_FS, USBD_StrDesc, length);
 257:Src/usbd_desc.c ****   }
 258:Src/usbd_desc.c ****   else
 259:Src/usbd_desc.c ****   {
 260:Src/usbd_desc.c ****     USBD_GetString((uint8_t *)USBD_PRODUCT_STRING_FS, USBD_StrDesc, length);
 261:Src/usbd_desc.c ****   }
 262:Src/usbd_desc.c ****   return USBD_StrDesc;
 263:Src/usbd_desc.c **** }
 264:Src/usbd_desc.c **** 
 265:Src/usbd_desc.c **** /**
 266:Src/usbd_desc.c ****   * @brief  Return the manufacturer string descriptor
 267:Src/usbd_desc.c ****   * @param  speed : Current device speed
 268:Src/usbd_desc.c ****   * @param  length : Pointer to data length variable
 269:Src/usbd_desc.c ****   * @retval Pointer to descriptor buffer
 270:Src/usbd_desc.c ****   */
 271:Src/usbd_desc.c **** uint8_t * USBD_FS_ManufacturerStrDescriptor(USBD_SpeedTypeDef speed, uint16_t *length)
 272:Src/usbd_desc.c **** {
 273:Src/usbd_desc.c ****   USBD_GetString((uint8_t *)USBD_MANUFACTURER_STRING, USBD_StrDesc, length);
 274:Src/usbd_desc.c ****   return USBD_StrDesc;
 275:Src/usbd_desc.c **** }
 276:Src/usbd_desc.c **** 
 277:Src/usbd_desc.c **** /**
 278:Src/usbd_desc.c ****   * @brief  Return the serial number string descriptor
 279:Src/usbd_desc.c ****   * @param  speed : Current device speed
 280:Src/usbd_desc.c ****   * @param  length : Pointer to data length variable
 281:Src/usbd_desc.c ****   * @retval Pointer to descriptor buffer
 282:Src/usbd_desc.c ****   */
 283:Src/usbd_desc.c **** uint8_t * USBD_FS_SerialStrDescriptor(USBD_SpeedTypeDef speed, uint16_t *length)
 284:Src/usbd_desc.c **** {
 285:Src/usbd_desc.c ****   *length = USB_SIZ_STRING_SERIAL;
 286:Src/usbd_desc.c **** 
 287:Src/usbd_desc.c ****   /* Update the serial number string descriptor with the data from the unique
 288:Src/usbd_desc.c ****    * ID */
 289:Src/usbd_desc.c ****   Get_SerialNum();
 290:Src/usbd_desc.c **** 
 291:Src/usbd_desc.c ****   return (uint8_t *) USBD_StringSerial;
 292:Src/usbd_desc.c **** }
 293:Src/usbd_desc.c **** 
 294:Src/usbd_desc.c **** /**
 295:Src/usbd_desc.c ****   * @brief  Return the configuration string descriptor
 296:Src/usbd_desc.c ****   * @param  speed : Current device speed
 297:Src/usbd_desc.c ****   * @param  length : Pointer to data length variable
 298:Src/usbd_desc.c ****   * @retval Pointer to descriptor buffer
 299:Src/usbd_desc.c ****   */
 300:Src/usbd_desc.c **** uint8_t * USBD_FS_ConfigStrDescriptor(USBD_SpeedTypeDef speed, uint16_t *length)
 301:Src/usbd_desc.c **** {
 302:Src/usbd_desc.c ****   if(speed == USBD_SPEED_HIGH)
 303:Src/usbd_desc.c ****   {
 304:Src/usbd_desc.c ****     USBD_GetString((uint8_t *)USBD_CONFIGURATION_STRING_FS, USBD_StrDesc, length);
 305:Src/usbd_desc.c ****   }
 306:Src/usbd_desc.c ****   else
 307:Src/usbd_desc.c ****   {
 308:Src/usbd_desc.c ****     USBD_GetString((uint8_t *)USBD_CONFIGURATION_STRING_FS, USBD_StrDesc, length);
 309:Src/usbd_desc.c ****   }
 310:Src/usbd_desc.c ****   return USBD_StrDesc;
ARM GAS  C:\Users\SHINRA~1\AppData\Local\Temp\ccE183yj.s 			page 8


 311:Src/usbd_desc.c **** }
 312:Src/usbd_desc.c **** 
 313:Src/usbd_desc.c **** /**
 314:Src/usbd_desc.c ****   * @brief  Return the interface string descriptor
 315:Src/usbd_desc.c ****   * @param  speed : Current device speed
 316:Src/usbd_desc.c ****   * @param  length : Pointer to data length variable
 317:Src/usbd_desc.c ****   * @retval Pointer to descriptor buffer
 318:Src/usbd_desc.c ****   */
 319:Src/usbd_desc.c **** uint8_t * USBD_FS_InterfaceStrDescriptor(USBD_SpeedTypeDef speed, uint16_t *length)
 320:Src/usbd_desc.c **** {
 321:Src/usbd_desc.c ****   if(speed == 0)
 322:Src/usbd_desc.c ****   {
 323:Src/usbd_desc.c ****     USBD_GetString((uint8_t *)USBD_INTERFACE_STRING_FS, USBD_StrDesc, length);
 324:Src/usbd_desc.c ****   }
 325:Src/usbd_desc.c ****   else
 326:Src/usbd_desc.c ****   {
 327:Src/usbd_desc.c ****     USBD_GetString((uint8_t *)USBD_INTERFACE_STRING_FS, USBD_StrDesc, length);
 328:Src/usbd_desc.c ****   }
 329:Src/usbd_desc.c ****   return USBD_StrDesc;
 330:Src/usbd_desc.c **** }
 331:Src/usbd_desc.c **** 
 332:Src/usbd_desc.c **** /**
 333:Src/usbd_desc.c ****   * @brief  Create the serial number string descriptor 
 334:Src/usbd_desc.c ****   * @param  None 
 335:Src/usbd_desc.c ****   * @retval None
 336:Src/usbd_desc.c ****   */
 337:Src/usbd_desc.c **** static void Get_SerialNum(void)
 338:Src/usbd_desc.c **** {
 339:Src/usbd_desc.c ****   uint32_t deviceserial0, deviceserial1, deviceserial2;
 340:Src/usbd_desc.c **** 
 341:Src/usbd_desc.c ****   deviceserial0 = *(uint32_t *) DEVICE_ID1;
 342:Src/usbd_desc.c ****   deviceserial1 = *(uint32_t *) DEVICE_ID2;
 343:Src/usbd_desc.c ****   deviceserial2 = *(uint32_t *) DEVICE_ID3;
 344:Src/usbd_desc.c **** 
 345:Src/usbd_desc.c ****   deviceserial0 += deviceserial2;
 346:Src/usbd_desc.c **** 
 347:Src/usbd_desc.c ****   if (deviceserial0 != 0)
 348:Src/usbd_desc.c ****   {
 349:Src/usbd_desc.c ****     IntToUnicode(deviceserial0, &USBD_StringSerial[2], 8);
 350:Src/usbd_desc.c ****     IntToUnicode(deviceserial1, &USBD_StringSerial[18], 4);
 351:Src/usbd_desc.c ****   }
 352:Src/usbd_desc.c **** }
 353:Src/usbd_desc.c **** 
 354:Src/usbd_desc.c **** /**
 355:Src/usbd_desc.c ****   * @brief  Convert Hex 32Bits value into char 
 356:Src/usbd_desc.c ****   * @param  value: value to convert
 357:Src/usbd_desc.c ****   * @param  pbuf: pointer to the buffer 
 358:Src/usbd_desc.c ****   * @param  len: buffer length
 359:Src/usbd_desc.c ****   * @retval None
 360:Src/usbd_desc.c ****   */
 361:Src/usbd_desc.c **** static void IntToUnicode(uint32_t value, uint8_t * pbuf, uint8_t len)
 362:Src/usbd_desc.c **** {
  95              		.loc 1 362 1 is_stmt 1 view -0
  96              		.cfi_startproc
  97              		@ args = 0, pretend = 0, frame = 0
  98              		@ frame_needed = 0, uses_anonymous_args = 0
  99              		@ link register save eliminated.
ARM GAS  C:\Users\SHINRA~1\AppData\Local\Temp\ccE183yj.s 			page 9


 363:Src/usbd_desc.c ****   uint8_t idx = 0;
 100              		.loc 1 363 3 view .LVU13
 364:Src/usbd_desc.c **** 
 365:Src/usbd_desc.c ****   for (idx = 0; idx < len; idx++)
 101              		.loc 1 365 3 view .LVU14
 102              		.loc 1 365 12 is_stmt 0 view .LVU15
 103 0000 0023     		movs	r3, #0
 104              	.LVL5:
 105              		.loc 1 365 17 is_stmt 1 view .LVU16
 106              		.loc 1 365 3 is_stmt 0 view .LVU17
 107 0002 9342     		cmp	r3, r2
 108 0004 17D2     		bcs	.L15
 362:Src/usbd_desc.c ****   uint8_t idx = 0;
 109              		.loc 1 362 1 view .LVU18
 110 0006 30B4     		push	{r4, r5}
 111              	.LCFI0:
 112              		.cfi_def_cfa_offset 8
 113              		.cfi_offset 4, -8
 114              		.cfi_offset 5, -4
 115 0008 0BE0     		b	.L11
 116              	.L9:
 366:Src/usbd_desc.c ****   {
 367:Src/usbd_desc.c ****     if (((value >> 28)) < 0xA)
 368:Src/usbd_desc.c ****     {
 369:Src/usbd_desc.c ****       pbuf[2 * idx] = (value >> 28) + '0';
 370:Src/usbd_desc.c ****     }
 371:Src/usbd_desc.c ****     else
 372:Src/usbd_desc.c ****     {
 373:Src/usbd_desc.c ****       pbuf[2 * idx] = (value >> 28) + 'A' - 10;
 117              		.loc 1 373 7 is_stmt 1 view .LVU19
 118              		.loc 1 373 43 is_stmt 0 view .LVU20
 119 000a 3734     		adds	r4, r4, #55
 120              		.loc 1 373 21 view .LVU21
 121 000c 01F81340 		strb	r4, [r1, r3, lsl #1]
 122              	.L10:
 374:Src/usbd_desc.c ****     }
 375:Src/usbd_desc.c **** 
 376:Src/usbd_desc.c ****     value = value << 4;
 123              		.loc 1 376 5 is_stmt 1 discriminator 2 view .LVU22
 124              		.loc 1 376 11 is_stmt 0 discriminator 2 view .LVU23
 125 0010 0001     		lsls	r0, r0, #4
 126              	.LVL6:
 377:Src/usbd_desc.c **** 
 378:Src/usbd_desc.c ****     pbuf[2 * idx + 1] = 0;
 127              		.loc 1 378 5 is_stmt 1 discriminator 2 view .LVU24
 128              		.loc 1 378 12 is_stmt 0 discriminator 2 view .LVU25
 129 0012 5C00     		lsls	r4, r3, #1
 130              		.loc 1 378 9 discriminator 2 view .LVU26
 131 0014 0134     		adds	r4, r4, #1
 132              		.loc 1 378 23 discriminator 2 view .LVU27
 133 0016 0025     		movs	r5, #0
 134 0018 0D55     		strb	r5, [r1, r4]
 365:Src/usbd_desc.c ****   {
 135              		.loc 1 365 28 is_stmt 1 discriminator 2 view .LVU28
 365:Src/usbd_desc.c ****   {
 136              		.loc 1 365 31 is_stmt 0 discriminator 2 view .LVU29
 137 001a 0133     		adds	r3, r3, #1
ARM GAS  C:\Users\SHINRA~1\AppData\Local\Temp\ccE183yj.s 			page 10


 138              	.LVL7:
 365:Src/usbd_desc.c ****   {
 139              		.loc 1 365 31 discriminator 2 view .LVU30
 140 001c DBB2     		uxtb	r3, r3
 141              	.LVL8:
 365:Src/usbd_desc.c ****   {
 142              		.loc 1 365 17 is_stmt 1 discriminator 2 view .LVU31
 365:Src/usbd_desc.c ****   {
 143              		.loc 1 365 3 is_stmt 0 discriminator 2 view .LVU32
 144 001e 9342     		cmp	r3, r2
 145 0020 07D2     		bcs	.L16
 146              	.L11:
 367:Src/usbd_desc.c ****     {
 147              		.loc 1 367 5 is_stmt 1 view .LVU33
 367:Src/usbd_desc.c ****     {
 148              		.loc 1 367 17 is_stmt 0 view .LVU34
 149 0022 040F     		lsrs	r4, r0, #28
 367:Src/usbd_desc.c ****     {
 150              		.loc 1 367 8 view .LVU35
 151 0024 B0F1204F 		cmp	r0, #-1610612736
 152 0028 EFD2     		bcs	.L9
 369:Src/usbd_desc.c ****     }
 153              		.loc 1 369 7 is_stmt 1 view .LVU36
 369:Src/usbd_desc.c ****     }
 154              		.loc 1 369 37 is_stmt 0 view .LVU37
 155 002a 3034     		adds	r4, r4, #48
 369:Src/usbd_desc.c ****     }
 156              		.loc 1 369 21 view .LVU38
 157 002c 01F81340 		strb	r4, [r1, r3, lsl #1]
 158 0030 EEE7     		b	.L10
 159              	.L16:
 379:Src/usbd_desc.c ****   }
 380:Src/usbd_desc.c **** }
 160              		.loc 1 380 1 view .LVU39
 161 0032 30BC     		pop	{r4, r5}
 162              	.LCFI1:
 163              		.cfi_restore 5
 164              		.cfi_restore 4
 165              		.cfi_def_cfa_offset 0
 166 0034 7047     		bx	lr
 167              	.L15:
 168              		.loc 1 380 1 view .LVU40
 169 0036 7047     		bx	lr
 170              		.cfi_endproc
 171              	.LFE134:
 173              		.section	.text.Get_SerialNum,"ax",%progbits
 174              		.align	1
 175              		.syntax unified
 176              		.thumb
 177              		.thumb_func
 178              		.fpu fpv4-sp-d16
 180              	Get_SerialNum:
 181              	.LFB133:
 338:Src/usbd_desc.c ****   uint32_t deviceserial0, deviceserial1, deviceserial2;
 182              		.loc 1 338 1 is_stmt 1 view -0
 183              		.cfi_startproc
 184              		@ args = 0, pretend = 0, frame = 0
ARM GAS  C:\Users\SHINRA~1\AppData\Local\Temp\ccE183yj.s 			page 11


 185              		@ frame_needed = 0, uses_anonymous_args = 0
 186 0000 38B5     		push	{r3, r4, r5, lr}
 187              	.LCFI2:
 188              		.cfi_def_cfa_offset 16
 189              		.cfi_offset 3, -16
 190              		.cfi_offset 4, -12
 191              		.cfi_offset 5, -8
 192              		.cfi_offset 14, -4
 339:Src/usbd_desc.c **** 
 193              		.loc 1 339 3 view .LVU42
 341:Src/usbd_desc.c ****   deviceserial1 = *(uint32_t *) DEVICE_ID2;
 194              		.loc 1 341 3 view .LVU43
 341:Src/usbd_desc.c ****   deviceserial1 = *(uint32_t *) DEVICE_ID2;
 195              		.loc 1 341 17 is_stmt 0 view .LVU44
 196 0002 0A4B     		ldr	r3, .L21
 197 0004 1868     		ldr	r0, [r3]
 198              	.LVL9:
 342:Src/usbd_desc.c ****   deviceserial2 = *(uint32_t *) DEVICE_ID3;
 199              		.loc 1 342 3 is_stmt 1 view .LVU45
 342:Src/usbd_desc.c ****   deviceserial2 = *(uint32_t *) DEVICE_ID3;
 200              		.loc 1 342 17 is_stmt 0 view .LVU46
 201 0006 0433     		adds	r3, r3, #4
 202 0008 1C68     		ldr	r4, [r3]
 203              	.LVL10:
 343:Src/usbd_desc.c **** 
 204              		.loc 1 343 3 is_stmt 1 view .LVU47
 343:Src/usbd_desc.c **** 
 205              		.loc 1 343 17 is_stmt 0 view .LVU48
 206 000a 0433     		adds	r3, r3, #4
 207 000c 1B68     		ldr	r3, [r3]
 208              	.LVL11:
 345:Src/usbd_desc.c **** 
 209              		.loc 1 345 3 is_stmt 1 view .LVU49
 347:Src/usbd_desc.c ****   {
 210              		.loc 1 347 3 view .LVU50
 347:Src/usbd_desc.c ****   {
 211              		.loc 1 347 6 is_stmt 0 view .LVU51
 212 000e C018     		adds	r0, r0, r3
 213              	.LVL12:
 347:Src/usbd_desc.c ****   {
 214              		.loc 1 347 6 view .LVU52
 215 0010 00D1     		bne	.L20
 216              	.LVL13:
 217              	.L17:
 352:Src/usbd_desc.c **** 
 218              		.loc 1 352 1 view .LVU53
 219 0012 38BD     		pop	{r3, r4, r5, pc}
 220              	.LVL14:
 221              	.L20:
 349:Src/usbd_desc.c ****     IntToUnicode(deviceserial1, &USBD_StringSerial[18], 4);
 222              		.loc 1 349 5 is_stmt 1 view .LVU54
 223 0014 064D     		ldr	r5, .L21+4
 224 0016 0822     		movs	r2, #8
 225 0018 A91C     		adds	r1, r5, #2
 226 001a FFF7FEFF 		bl	IntToUnicode
 227              	.LVL15:
 350:Src/usbd_desc.c ****   }
ARM GAS  C:\Users\SHINRA~1\AppData\Local\Temp\ccE183yj.s 			page 12


 228              		.loc 1 350 5 view .LVU55
 229 001e 0422     		movs	r2, #4
 230 0020 05F11201 		add	r1, r5, #18
 231 0024 2046     		mov	r0, r4
 232 0026 FFF7FEFF 		bl	IntToUnicode
 233              	.LVL16:
 352:Src/usbd_desc.c **** 
 234              		.loc 1 352 1 is_stmt 0 view .LVU56
 235 002a F2E7     		b	.L17
 236              	.L22:
 237              		.align	2
 238              	.L21:
 239 002c ACF7FF1F 		.word	536868780
 240 0030 00000000 		.word	.LANCHOR2
 241              		.cfi_endproc
 242              	.LFE133:
 244              		.section	.text.USBD_FS_SerialStrDescriptor,"ax",%progbits
 245              		.align	1
 246              		.global	USBD_FS_SerialStrDescriptor
 247              		.syntax unified
 248              		.thumb
 249              		.thumb_func
 250              		.fpu fpv4-sp-d16
 252              	USBD_FS_SerialStrDescriptor:
 253              	.LVL17:
 254              	.LFB130:
 284:Src/usbd_desc.c ****   *length = USB_SIZ_STRING_SERIAL;
 255              		.loc 1 284 1 is_stmt 1 view -0
 256              		.cfi_startproc
 257              		@ args = 0, pretend = 0, frame = 0
 258              		@ frame_needed = 0, uses_anonymous_args = 0
 284:Src/usbd_desc.c ****   *length = USB_SIZ_STRING_SERIAL;
 259              		.loc 1 284 1 is_stmt 0 view .LVU58
 260 0000 08B5     		push	{r3, lr}
 261              	.LCFI3:
 262              		.cfi_def_cfa_offset 8
 263              		.cfi_offset 3, -8
 264              		.cfi_offset 14, -4
 285:Src/usbd_desc.c **** 
 265              		.loc 1 285 3 is_stmt 1 view .LVU59
 285:Src/usbd_desc.c **** 
 266              		.loc 1 285 11 is_stmt 0 view .LVU60
 267 0002 1A23     		movs	r3, #26
 268 0004 0B80     		strh	r3, [r1]	@ movhi
 289:Src/usbd_desc.c **** 
 269              		.loc 1 289 3 is_stmt 1 view .LVU61
 270 0006 FFF7FEFF 		bl	Get_SerialNum
 271              	.LVL18:
 291:Src/usbd_desc.c **** }
 272              		.loc 1 291 3 view .LVU62
 292:Src/usbd_desc.c **** 
 273              		.loc 1 292 1 is_stmt 0 view .LVU63
 274 000a 0148     		ldr	r0, .L25
 275 000c 08BD     		pop	{r3, pc}
 276              	.L26:
 277 000e 00BF     		.align	2
 278              	.L25:
ARM GAS  C:\Users\SHINRA~1\AppData\Local\Temp\ccE183yj.s 			page 13


 279 0010 00000000 		.word	.LANCHOR2
 280              		.cfi_endproc
 281              	.LFE130:
 283              		.section	.rodata.USBD_FS_ProductStrDescriptor.str1.4,"aMS",%progbits,1
 284              		.align	2
 285              	.LC0:
 286 0000 53544D33 		.ascii	"STM32 Virtual ComPort\000"
 286      32205669 
 286      72747561 
 286      6C20436F 
 286      6D506F72 
 287              		.section	.text.USBD_FS_ProductStrDescriptor,"ax",%progbits
 288              		.align	1
 289              		.global	USBD_FS_ProductStrDescriptor
 290              		.syntax unified
 291              		.thumb
 292              		.thumb_func
 293              		.fpu fpv4-sp-d16
 295              	USBD_FS_ProductStrDescriptor:
 296              	.LVL19:
 297              	.LFB128:
 253:Src/usbd_desc.c ****   if(speed == 0)
 298              		.loc 1 253 1 is_stmt 1 view -0
 299              		.cfi_startproc
 300              		@ args = 0, pretend = 0, frame = 0
 301              		@ frame_needed = 0, uses_anonymous_args = 0
 253:Src/usbd_desc.c ****   if(speed == 0)
 302              		.loc 1 253 1 is_stmt 0 view .LVU65
 303 0000 08B5     		push	{r3, lr}
 304              	.LCFI4:
 305              		.cfi_def_cfa_offset 8
 306              		.cfi_offset 3, -8
 307              		.cfi_offset 14, -4
 308 0002 0A46     		mov	r2, r1
 254:Src/usbd_desc.c ****   {
 309              		.loc 1 254 3 is_stmt 1 view .LVU66
 254:Src/usbd_desc.c ****   {
 310              		.loc 1 254 5 is_stmt 0 view .LVU67
 311 0004 28B9     		cbnz	r0, .L28
 256:Src/usbd_desc.c ****   }
 312              		.loc 1 256 5 is_stmt 1 view .LVU68
 313 0006 0549     		ldr	r1, .L31
 314              	.LVL20:
 256:Src/usbd_desc.c ****   }
 315              		.loc 1 256 5 is_stmt 0 view .LVU69
 316 0008 0548     		ldr	r0, .L31+4
 317              	.LVL21:
 256:Src/usbd_desc.c ****   }
 318              		.loc 1 256 5 view .LVU70
 319 000a FFF7FEFF 		bl	USBD_GetString
 320              	.LVL22:
 321              	.L29:
 262:Src/usbd_desc.c **** }
 322              		.loc 1 262 3 is_stmt 1 view .LVU71
 263:Src/usbd_desc.c **** 
 323              		.loc 1 263 1 is_stmt 0 view .LVU72
 324 000e 0348     		ldr	r0, .L31
ARM GAS  C:\Users\SHINRA~1\AppData\Local\Temp\ccE183yj.s 			page 14


 325 0010 08BD     		pop	{r3, pc}
 326              	.LVL23:
 327              	.L28:
 260:Src/usbd_desc.c ****   }
 328              		.loc 1 260 5 is_stmt 1 view .LVU73
 329 0012 0249     		ldr	r1, .L31
 330              	.LVL24:
 260:Src/usbd_desc.c ****   }
 331              		.loc 1 260 5 is_stmt 0 view .LVU74
 332 0014 0248     		ldr	r0, .L31+4
 333              	.LVL25:
 260:Src/usbd_desc.c ****   }
 334              		.loc 1 260 5 view .LVU75
 335 0016 FFF7FEFF 		bl	USBD_GetString
 336              	.LVL26:
 260:Src/usbd_desc.c ****   }
 337              		.loc 1 260 5 view .LVU76
 338 001a F8E7     		b	.L29
 339              	.L32:
 340              		.align	2
 341              	.L31:
 342 001c 00000000 		.word	USBD_StrDesc
 343 0020 00000000 		.word	.LC0
 344              		.cfi_endproc
 345              	.LFE128:
 347              		.section	.rodata.USBD_FS_ManufacturerStrDescriptor.str1.4,"aMS",%progbits,1
 348              		.align	2
 349              	.LC1:
 350 0000 53544D69 		.ascii	"STMicroelectronics\000"
 350      63726F65 
 350      6C656374 
 350      726F6E69 
 350      637300
 351              		.section	.text.USBD_FS_ManufacturerStrDescriptor,"ax",%progbits
 352              		.align	1
 353              		.global	USBD_FS_ManufacturerStrDescriptor
 354              		.syntax unified
 355              		.thumb
 356              		.thumb_func
 357              		.fpu fpv4-sp-d16
 359              	USBD_FS_ManufacturerStrDescriptor:
 360              	.LVL27:
 361              	.LFB129:
 272:Src/usbd_desc.c ****   USBD_GetString((uint8_t *)USBD_MANUFACTURER_STRING, USBD_StrDesc, length);
 362              		.loc 1 272 1 is_stmt 1 view -0
 363              		.cfi_startproc
 364              		@ args = 0, pretend = 0, frame = 0
 365              		@ frame_needed = 0, uses_anonymous_args = 0
 272:Src/usbd_desc.c ****   USBD_GetString((uint8_t *)USBD_MANUFACTURER_STRING, USBD_StrDesc, length);
 366              		.loc 1 272 1 is_stmt 0 view .LVU78
 367 0000 10B5     		push	{r4, lr}
 368              	.LCFI5:
 369              		.cfi_def_cfa_offset 8
 370              		.cfi_offset 4, -8
 371              		.cfi_offset 14, -4
 372 0002 0A46     		mov	r2, r1
 273:Src/usbd_desc.c ****   return USBD_StrDesc;
ARM GAS  C:\Users\SHINRA~1\AppData\Local\Temp\ccE183yj.s 			page 15


 373              		.loc 1 273 3 is_stmt 1 view .LVU79
 374 0004 034C     		ldr	r4, .L35
 375 0006 2146     		mov	r1, r4
 376              	.LVL28:
 273:Src/usbd_desc.c ****   return USBD_StrDesc;
 377              		.loc 1 273 3 is_stmt 0 view .LVU80
 378 0008 0348     		ldr	r0, .L35+4
 379              	.LVL29:
 273:Src/usbd_desc.c ****   return USBD_StrDesc;
 380              		.loc 1 273 3 view .LVU81
 381 000a FFF7FEFF 		bl	USBD_GetString
 382              	.LVL30:
 274:Src/usbd_desc.c **** }
 383              		.loc 1 274 3 is_stmt 1 view .LVU82
 275:Src/usbd_desc.c **** 
 384              		.loc 1 275 1 is_stmt 0 view .LVU83
 385 000e 2046     		mov	r0, r4
 386 0010 10BD     		pop	{r4, pc}
 387              	.L36:
 388 0012 00BF     		.align	2
 389              	.L35:
 390 0014 00000000 		.word	USBD_StrDesc
 391 0018 00000000 		.word	.LC1
 392              		.cfi_endproc
 393              	.LFE129:
 395              		.section	.rodata.USBD_FS_ConfigStrDescriptor.str1.4,"aMS",%progbits,1
 396              		.align	2
 397              	.LC2:
 398 0000 43444320 		.ascii	"CDC Config\000"
 398      436F6E66 
 398      696700
 399              		.section	.text.USBD_FS_ConfigStrDescriptor,"ax",%progbits
 400              		.align	1
 401              		.global	USBD_FS_ConfigStrDescriptor
 402              		.syntax unified
 403              		.thumb
 404              		.thumb_func
 405              		.fpu fpv4-sp-d16
 407              	USBD_FS_ConfigStrDescriptor:
 408              	.LVL31:
 409              	.LFB131:
 301:Src/usbd_desc.c ****   if(speed == USBD_SPEED_HIGH)
 410              		.loc 1 301 1 is_stmt 1 view -0
 411              		.cfi_startproc
 412              		@ args = 0, pretend = 0, frame = 0
 413              		@ frame_needed = 0, uses_anonymous_args = 0
 301:Src/usbd_desc.c ****   if(speed == USBD_SPEED_HIGH)
 414              		.loc 1 301 1 is_stmt 0 view .LVU85
 415 0000 08B5     		push	{r3, lr}
 416              	.LCFI6:
 417              		.cfi_def_cfa_offset 8
 418              		.cfi_offset 3, -8
 419              		.cfi_offset 14, -4
 420 0002 0A46     		mov	r2, r1
 302:Src/usbd_desc.c ****   {
 421              		.loc 1 302 3 is_stmt 1 view .LVU86
 302:Src/usbd_desc.c ****   {
ARM GAS  C:\Users\SHINRA~1\AppData\Local\Temp\ccE183yj.s 			page 16


 422              		.loc 1 302 5 is_stmt 0 view .LVU87
 423 0004 28B9     		cbnz	r0, .L38
 304:Src/usbd_desc.c ****   }
 424              		.loc 1 304 5 is_stmt 1 view .LVU88
 425 0006 0549     		ldr	r1, .L41
 426              	.LVL32:
 304:Src/usbd_desc.c ****   }
 427              		.loc 1 304 5 is_stmt 0 view .LVU89
 428 0008 0548     		ldr	r0, .L41+4
 429              	.LVL33:
 304:Src/usbd_desc.c ****   }
 430              		.loc 1 304 5 view .LVU90
 431 000a FFF7FEFF 		bl	USBD_GetString
 432              	.LVL34:
 433              	.L39:
 310:Src/usbd_desc.c **** }
 434              		.loc 1 310 3 is_stmt 1 view .LVU91
 311:Src/usbd_desc.c **** 
 435              		.loc 1 311 1 is_stmt 0 view .LVU92
 436 000e 0348     		ldr	r0, .L41
 437 0010 08BD     		pop	{r3, pc}
 438              	.LVL35:
 439              	.L38:
 308:Src/usbd_desc.c ****   }
 440              		.loc 1 308 5 is_stmt 1 view .LVU93
 441 0012 0249     		ldr	r1, .L41
 442              	.LVL36:
 308:Src/usbd_desc.c ****   }
 443              		.loc 1 308 5 is_stmt 0 view .LVU94
 444 0014 0248     		ldr	r0, .L41+4
 445              	.LVL37:
 308:Src/usbd_desc.c ****   }
 446              		.loc 1 308 5 view .LVU95
 447 0016 FFF7FEFF 		bl	USBD_GetString
 448              	.LVL38:
 308:Src/usbd_desc.c ****   }
 449              		.loc 1 308 5 view .LVU96
 450 001a F8E7     		b	.L39
 451              	.L42:
 452              		.align	2
 453              	.L41:
 454 001c 00000000 		.word	USBD_StrDesc
 455 0020 00000000 		.word	.LC2
 456              		.cfi_endproc
 457              	.LFE131:
 459              		.section	.rodata.USBD_FS_InterfaceStrDescriptor.str1.4,"aMS",%progbits,1
 460              		.align	2
 461              	.LC3:
 462 0000 43444320 		.ascii	"CDC Interface\000"
 462      496E7465 
 462      72666163 
 462      6500
 463              		.section	.text.USBD_FS_InterfaceStrDescriptor,"ax",%progbits
 464              		.align	1
 465              		.global	USBD_FS_InterfaceStrDescriptor
 466              		.syntax unified
 467              		.thumb
ARM GAS  C:\Users\SHINRA~1\AppData\Local\Temp\ccE183yj.s 			page 17


 468              		.thumb_func
 469              		.fpu fpv4-sp-d16
 471              	USBD_FS_InterfaceStrDescriptor:
 472              	.LVL39:
 473              	.LFB132:
 320:Src/usbd_desc.c ****   if(speed == 0)
 474              		.loc 1 320 1 is_stmt 1 view -0
 475              		.cfi_startproc
 476              		@ args = 0, pretend = 0, frame = 0
 477              		@ frame_needed = 0, uses_anonymous_args = 0
 320:Src/usbd_desc.c ****   if(speed == 0)
 478              		.loc 1 320 1 is_stmt 0 view .LVU98
 479 0000 08B5     		push	{r3, lr}
 480              	.LCFI7:
 481              		.cfi_def_cfa_offset 8
 482              		.cfi_offset 3, -8
 483              		.cfi_offset 14, -4
 484 0002 0A46     		mov	r2, r1
 321:Src/usbd_desc.c ****   {
 485              		.loc 1 321 3 is_stmt 1 view .LVU99
 321:Src/usbd_desc.c ****   {
 486              		.loc 1 321 5 is_stmt 0 view .LVU100
 487 0004 28B9     		cbnz	r0, .L44
 323:Src/usbd_desc.c ****   }
 488              		.loc 1 323 5 is_stmt 1 view .LVU101
 489 0006 0549     		ldr	r1, .L47
 490              	.LVL40:
 323:Src/usbd_desc.c ****   }
 491              		.loc 1 323 5 is_stmt 0 view .LVU102
 492 0008 0548     		ldr	r0, .L47+4
 493              	.LVL41:
 323:Src/usbd_desc.c ****   }
 494              		.loc 1 323 5 view .LVU103
 495 000a FFF7FEFF 		bl	USBD_GetString
 496              	.LVL42:
 497              	.L45:
 329:Src/usbd_desc.c **** }
 498              		.loc 1 329 3 is_stmt 1 view .LVU104
 330:Src/usbd_desc.c **** 
 499              		.loc 1 330 1 is_stmt 0 view .LVU105
 500 000e 0348     		ldr	r0, .L47
 501 0010 08BD     		pop	{r3, pc}
 502              	.LVL43:
 503              	.L44:
 327:Src/usbd_desc.c ****   }
 504              		.loc 1 327 5 is_stmt 1 view .LVU106
 505 0012 0249     		ldr	r1, .L47
 506              	.LVL44:
 327:Src/usbd_desc.c ****   }
 507              		.loc 1 327 5 is_stmt 0 view .LVU107
 508 0014 0248     		ldr	r0, .L47+4
 509              	.LVL45:
 327:Src/usbd_desc.c ****   }
 510              		.loc 1 327 5 view .LVU108
 511 0016 FFF7FEFF 		bl	USBD_GetString
 512              	.LVL46:
 327:Src/usbd_desc.c ****   }
ARM GAS  C:\Users\SHINRA~1\AppData\Local\Temp\ccE183yj.s 			page 18


 513              		.loc 1 327 5 view .LVU109
 514 001a F8E7     		b	.L45
 515              	.L48:
 516              		.align	2
 517              	.L47:
 518 001c 00000000 		.word	USBD_StrDesc
 519 0020 00000000 		.word	.LC3
 520              		.cfi_endproc
 521              	.LFE132:
 523              		.global	USBD_StringSerial
 524              		.comm	USBD_StrDesc,512,4
 525              		.global	USBD_LangIDDesc
 526              		.global	USBD_FS_DeviceDesc
 527              		.global	FS_Desc
 528              		.section	.data.FS_Desc,"aw"
 529              		.align	2
 532              	FS_Desc:
 533 0000 00000000 		.word	USBD_FS_DeviceDescriptor
 534 0004 00000000 		.word	USBD_FS_LangIDStrDescriptor
 535 0008 00000000 		.word	USBD_FS_ManufacturerStrDescriptor
 536 000c 00000000 		.word	USBD_FS_ProductStrDescriptor
 537 0010 00000000 		.word	USBD_FS_SerialStrDescriptor
 538 0014 00000000 		.word	USBD_FS_ConfigStrDescriptor
 539 0018 00000000 		.word	USBD_FS_InterfaceStrDescriptor
 540              		.section	.data.USBD_FS_DeviceDesc,"aw"
 541              		.align	2
 542              		.set	.LANCHOR0,. + 0
 545              	USBD_FS_DeviceDesc:
 546 0000 12010002 		.ascii	"\022\001\000\002\002\002\000@\203\004@W\000\002\001"
 546      02020040 
 546      83044057 
 546      000201
 547 000f 020301   		.ascii	"\002\003\001"
 548              		.section	.data.USBD_LangIDDesc,"aw"
 549              		.align	2
 550              		.set	.LANCHOR1,. + 0
 553              	USBD_LangIDDesc:
 554 0000 04030904 		.ascii	"\004\003\011\004"
 555              		.section	.data.USBD_StringSerial,"aw"
 556              		.align	2
 557              		.set	.LANCHOR2,. + 0
 560              	USBD_StringSerial:
 561 0000 1A0300   		.ascii	"\032\003\000"
 562 0003 00000000 		.space	23
 562      00000000 
 562      00000000 
 562      00000000 
 562      00000000 
 563              		.text
 564              	.Letext0:
 565              		.file 2 "c:\\program files (x86)\\gnu tools arm embedded\\9 2019-q4-major\\arm-none-eabi\\include\
 566              		.file 3 "c:\\program files (x86)\\gnu tools arm embedded\\9 2019-q4-major\\arm-none-eabi\\include\
 567              		.file 4 "c:\\program files (x86)\\gnu tools arm embedded\\9 2019-q4-major\\arm-none-eabi\\include\
 568              		.file 5 "c:\\program files (x86)\\gnu tools arm embedded\\9 2019-q4-major\\lib\\gcc\\arm-none-eabi
 569              		.file 6 "c:\\program files (x86)\\gnu tools arm embedded\\9 2019-q4-major\\arm-none-eabi\\include\
 570              		.file 7 "c:\\program files (x86)\\gnu tools arm embedded\\9 2019-q4-major\\arm-none-eabi\\include\
 571              		.file 8 "c:\\program files (x86)\\gnu tools arm embedded\\9 2019-q4-major\\arm-none-eabi\\include\
ARM GAS  C:\Users\SHINRA~1\AppData\Local\Temp\ccE183yj.s 			page 19


 572              		.file 9 "Drivers/CMSIS/Include/core_cm4.h"
 573              		.file 10 "Drivers/CMSIS/Device/ST/STM32F3xx/Include/system_stm32f3xx.h"
 574              		.file 11 "Drivers/STM32F3xx_HAL_Driver/Inc/stm32f3xx_hal.h"
 575              		.file 12 "Middlewares/ST/STM32_USB_Device_Library/Core/Inc/usbd_def.h"
 576              		.file 13 "Inc/usbd_desc.h"
 577              		.file 14 "Middlewares/ST/STM32_USB_Device_Library/Core/Inc/usbd_ctlreq.h"
ARM GAS  C:\Users\SHINRA~1\AppData\Local\Temp\ccE183yj.s 			page 20


DEFINED SYMBOLS
                            *ABS*:00000000 usbd_desc.c
C:\Users\SHINRA~1\AppData\Local\Temp\ccE183yj.s:18     .text.USBD_FS_DeviceDescriptor:00000000 $t
C:\Users\SHINRA~1\AppData\Local\Temp\ccE183yj.s:26     .text.USBD_FS_DeviceDescriptor:00000000 USBD_FS_DeviceDescriptor
C:\Users\SHINRA~1\AppData\Local\Temp\ccE183yj.s:48     .text.USBD_FS_DeviceDescriptor:00000008 $d
C:\Users\SHINRA~1\AppData\Local\Temp\ccE183yj.s:53     .text.USBD_FS_LangIDStrDescriptor:00000000 $t
C:\Users\SHINRA~1\AppData\Local\Temp\ccE183yj.s:60     .text.USBD_FS_LangIDStrDescriptor:00000000 USBD_FS_LangIDStrDescriptor
C:\Users\SHINRA~1\AppData\Local\Temp\ccE183yj.s:81     .text.USBD_FS_LangIDStrDescriptor:00000008 $d
C:\Users\SHINRA~1\AppData\Local\Temp\ccE183yj.s:86     .text.IntToUnicode:00000000 $t
C:\Users\SHINRA~1\AppData\Local\Temp\ccE183yj.s:92     .text.IntToUnicode:00000000 IntToUnicode
C:\Users\SHINRA~1\AppData\Local\Temp\ccE183yj.s:174    .text.Get_SerialNum:00000000 $t
C:\Users\SHINRA~1\AppData\Local\Temp\ccE183yj.s:180    .text.Get_SerialNum:00000000 Get_SerialNum
C:\Users\SHINRA~1\AppData\Local\Temp\ccE183yj.s:239    .text.Get_SerialNum:0000002c $d
C:\Users\SHINRA~1\AppData\Local\Temp\ccE183yj.s:245    .text.USBD_FS_SerialStrDescriptor:00000000 $t
C:\Users\SHINRA~1\AppData\Local\Temp\ccE183yj.s:252    .text.USBD_FS_SerialStrDescriptor:00000000 USBD_FS_SerialStrDescriptor
C:\Users\SHINRA~1\AppData\Local\Temp\ccE183yj.s:279    .text.USBD_FS_SerialStrDescriptor:00000010 $d
C:\Users\SHINRA~1\AppData\Local\Temp\ccE183yj.s:284    .rodata.USBD_FS_ProductStrDescriptor.str1.4:00000000 $d
C:\Users\SHINRA~1\AppData\Local\Temp\ccE183yj.s:288    .text.USBD_FS_ProductStrDescriptor:00000000 $t
C:\Users\SHINRA~1\AppData\Local\Temp\ccE183yj.s:295    .text.USBD_FS_ProductStrDescriptor:00000000 USBD_FS_ProductStrDescriptor
C:\Users\SHINRA~1\AppData\Local\Temp\ccE183yj.s:342    .text.USBD_FS_ProductStrDescriptor:0000001c $d
                            *COM*:00000200 USBD_StrDesc
C:\Users\SHINRA~1\AppData\Local\Temp\ccE183yj.s:348    .rodata.USBD_FS_ManufacturerStrDescriptor.str1.4:00000000 $d
C:\Users\SHINRA~1\AppData\Local\Temp\ccE183yj.s:352    .text.USBD_FS_ManufacturerStrDescriptor:00000000 $t
C:\Users\SHINRA~1\AppData\Local\Temp\ccE183yj.s:359    .text.USBD_FS_ManufacturerStrDescriptor:00000000 USBD_FS_ManufacturerStrDescriptor
C:\Users\SHINRA~1\AppData\Local\Temp\ccE183yj.s:390    .text.USBD_FS_ManufacturerStrDescriptor:00000014 $d
C:\Users\SHINRA~1\AppData\Local\Temp\ccE183yj.s:396    .rodata.USBD_FS_ConfigStrDescriptor.str1.4:00000000 $d
C:\Users\SHINRA~1\AppData\Local\Temp\ccE183yj.s:400    .text.USBD_FS_ConfigStrDescriptor:00000000 $t
C:\Users\SHINRA~1\AppData\Local\Temp\ccE183yj.s:407    .text.USBD_FS_ConfigStrDescriptor:00000000 USBD_FS_ConfigStrDescriptor
C:\Users\SHINRA~1\AppData\Local\Temp\ccE183yj.s:454    .text.USBD_FS_ConfigStrDescriptor:0000001c $d
C:\Users\SHINRA~1\AppData\Local\Temp\ccE183yj.s:460    .rodata.USBD_FS_InterfaceStrDescriptor.str1.4:00000000 $d
C:\Users\SHINRA~1\AppData\Local\Temp\ccE183yj.s:464    .text.USBD_FS_InterfaceStrDescriptor:00000000 $t
C:\Users\SHINRA~1\AppData\Local\Temp\ccE183yj.s:471    .text.USBD_FS_InterfaceStrDescriptor:00000000 USBD_FS_InterfaceStrDescriptor
C:\Users\SHINRA~1\AppData\Local\Temp\ccE183yj.s:518    .text.USBD_FS_InterfaceStrDescriptor:0000001c $d
C:\Users\SHINRA~1\AppData\Local\Temp\ccE183yj.s:560    .data.USBD_StringSerial:00000000 USBD_StringSerial
C:\Users\SHINRA~1\AppData\Local\Temp\ccE183yj.s:553    .data.USBD_LangIDDesc:00000000 USBD_LangIDDesc
C:\Users\SHINRA~1\AppData\Local\Temp\ccE183yj.s:545    .data.USBD_FS_DeviceDesc:00000000 USBD_FS_DeviceDesc
C:\Users\SHINRA~1\AppData\Local\Temp\ccE183yj.s:532    .data.FS_Desc:00000000 FS_Desc
C:\Users\SHINRA~1\AppData\Local\Temp\ccE183yj.s:529    .data.FS_Desc:00000000 $d
C:\Users\SHINRA~1\AppData\Local\Temp\ccE183yj.s:541    .data.USBD_FS_DeviceDesc:00000000 $d
C:\Users\SHINRA~1\AppData\Local\Temp\ccE183yj.s:549    .data.USBD_LangIDDesc:00000000 $d
C:\Users\SHINRA~1\AppData\Local\Temp\ccE183yj.s:556    .data.USBD_StringSerial:00000000 $d

UNDEFINED SYMBOLS
USBD_GetString
